<?xml version="1.0" encoding="UTF-8"?>
<robot generator="Robot 6.1.1 (Python 3.11.6 on darwin)" generated="20240718 14:05:16.911" rpa="false" schemaversion="4">
<suite id="s1" name="Withdrawal" source="/Users/EDCIsidro/PycharmProjects/PDAX-Insti/Tests/Insti/Withdrawal">
<suite id="s1-s1" name="FiatOut" source="/Users/EDCIsidro/PycharmProjects/PDAX-Insti/Tests/Insti/Withdrawal/FiatOut.robot">
<test id="s1-s1-t1" name="TC1 : Fiat Out : Successful Request : Status Code Check 200" line="12">
<kw name="Fiat Out" library="FiatOut">
<var>${response}</var>
<arg>1</arg>
<arg>${column_offset}</arg>
<arg>${column}</arg>
<kw name="Eisodos Login" library="Login">
<arg>${csv_path}</arg>
<arg>${row_index}</arg>
<arg>${column_index}</arg>
<arg>${param_count}</arg>
<kw name="Get CSV for Specific Parameters" library="CommonTools">
<arg>${csv_path}</arg>
<arg>${row_index}</arg>
<arg>${column_index}</arg>
<arg>${param_count}</arg>
<kw name="Log" library="BuiltIn">
<arg>${path}</arg>
<doc>Logs the given message with the given level.</doc>
<msg timestamp="20240718 14:05:17.064" level="INFO">./Data/Withdrawal/FiatOut.csv</msg>
<status status="PASS" starttime="20240718 14:05:17.064" endtime="20240718 14:05:17.065"/>
</kw>
<kw name="Read Csv As List" library="csvlib">
<var>${list}</var>
<arg>${path}</arg>
<msg timestamp="20240718 14:05:17.065" level="INFO">${list} = [['\ufeffTC', 'Description (1)', 'environment', 'username', 'password', 'sender_first_name', 'sender_middle_name', 'sender_last_name', 'sender_country_origin', 'sender_address_line_one', 'sender_addre...</msg>
<status status="PASS" starttime="20240718 14:05:17.065" endtime="20240718 14:05:17.066"/>
</kw>
<kw name="Log" library="BuiltIn">
<arg>${list}</arg>
<doc>Logs the given message with the given level.</doc>
<msg timestamp="20240718 14:05:17.066" level="INFO">[['\ufeffTC', 'Description (1)', 'environment', 'username', 'password', 'sender_first_name', 'sender_middle_name', 'sender_last_name', 'sender_country_origin', 'sender_address_line_one', 'sender_address_line_two', 'sender_city', 'sender_zip_code', 'sender_province', 'sender_country', 'sender_phone_number', 'sender_nationality', 'sender_national_identity_number', 'sender_dob', 'sender_place_of_birth', 'sender_email', 'source_of_funds', 'beneficiary_first_name', 'beneficiary_middle_name', 'beneficiary_last_name', 'beneficiary_sex', 'beneficiary_nationality', 'beneficiary_account_name', 'beneficiary_account_number', 'beneficiary_address_line_one', 'beneficiary_address_line_two', 'beneficiary_barangay', 'beneficiary_city', 'beneficiary_province', 'beneficiary_zip_code', 'beneficiary_government_issued_id', 'beneficiary_phone_number', 'purpose', 'relationship_of_sender_to_beneficiary', 'currency', 'amount', 'fee_type', 'method', 'beneficiary_bank_code', 'instructions', 'channel_down', 'ubp_partner_cashout', 'paymaya_wallet', 'instapay_emi_p2p_cashout', 'InstaPay', 'pesonet', 'status_code', 'expected_error'], ['1', 'Successful Request : Status Code Check 200', 'Dev', 'ezekiel.isidro+4@pdax.ph', 'Password123!', 'Alwin', 'Levi Brion', 'Zacarias', 'Philippines', '', '', '', '', '', '', '639154568798', '', '', '', '', '', 'Business Income', 'JAMLESTER', 'NA', 'YABUT', '', 'Filipino', 'JAMLESTER TINAGAN YABUT', '109594481946', '', '', '', '', '', '', '', '', 'Business Expense/Employee Remittance', 'Business', 'PHP', '300', 'Beneficiary', 'PAY-TO-ACCOUNT-REAL-TIME', 'BAUBPPH', 'Pay fee for partly work', 'null', 'supported', 'unsupported', 'supported', 'supported', 'supported', '200', 'no error'], ['2', 'Verify Fiat Out Response', 'Dev', 'ezekiel.isidro+4@pdax.ph', 'Password123!', 'Alwin', 'Levi Brion', 'Zacarias', 'Philippines', '', '', '', '', '', '', '639154568798', '', '', '', '', '', 'Business Income', 'JAMLESTER', 'NA', 'YABUT', '', 'Filipino', 'JAMLESTER TINAGAN YABUT', '109594481946', '', '', '', '', '', '', '', '', 'Business Expense/Employee Remittance', 'Business', 'PHP', '300', 'Beneficiary', 'PAY-TO-ACCOUNT-REAL-TIME', 'BAUBPPH', 'Pay fee for partly work', 'null', 'supported', 'unsupported', 'supported', 'supported', 'supported', '200', 'no error'], ['3', 'Verify Debiting [Fee_type=Sender]', 'Dev', 'ezekiel.isidro+4@pdax.ph', 'Password123!', 'Alwin', 'Levi Brion', 'Zacarias', 'Philippines', '', '', '', '', '', '', '639154568798', '', '', '', '', '', 'Business Income', 'JAMLESTER', 'NA', 'YABUT', '', 'Filipino', 'JAMLESTER TINAGAN YABUT', '999200002168', '', '', '', '', '', '', '', '', 'Business Expense/Employee Remittance', 'Business', 'PHP', '300', 'Sender', 'PAY-TO-ACCOUNT-REAL-TIME', 'BAPTCPH', 'Pay fee for partly work', 'null', 'supported', 'unsupported', 'supported', 'supported', 'supported', '200', 'no error'], ['4', 'Verify Debiting [Fee_type=Bene]', 'Dev', 'ezekiel.isidro+4@pdax.ph', 'Password123!', 'Alwin', 'Levi Brion', 'Zacarias', 'Philippines', '', '', '', '', '', '', '639154568798', '', '', '', '', '', 'Business Income', 'JAMLESTER', 'NA', 'YABUT', '', 'Filipino', 'JAMLESTER TINAGAN YABUT', '999200002168', '', '', '', '', '', '', '', '', 'Business Expense/Employee Remittance', 'Business', 'PHP', '300', 'Beneficiary', 'PAY-TO-ACCOUNT-REAL-TIME', 'BAPTCPH', 'Pay fee for partly work', 'null', 'supported', 'unsupported', 'supported', 'supported', 'supported', '200', 'no error'], ['5', 'Logic Seq: UBP : Real Time : Amount &lt; 50K', 'Dev', 'ezekiel.isidro+4@pdax.ph', 'Password123!', 'Alwin', 'Levi Brion', 'Zacarias', 'Philippines', '', '', '', '', '', '', '639154568798', '', '', '', '', '', 'Business Income', 'JAMLESTER', 'NA', 'YABUT', '', 'Filipino', 'JAMLESTER TINAGAN YABUT', '109594481946', '', '', '', '', '', '', '', '', 'Business Expense/Employee Remittance', 'Business', 'PHP', '300', 'Beneficiary', 'PAY-TO-ACCOUNT-REAL-TIME', 'BAUBPPH', 'Pay fee for partly work', 'null', 'supported', 'unsupported', 'supported', 'supported', 'supported', '200', 'no error'], ['6', 'Logic Seq: UBP : Real Time : Amount &lt; 50k  : UBP Direct Down', 'Dev', 'ezekiel.isidro+4@pdax.ph', 'Password123!', 'Alwin', 'Levi Brion', 'Zacarias', 'Philippines', '', '', '', '', '', '', '639154568798', '', '', '', '', '', 'Business Income', 'JAMLESTER', 'NA', 'YABUT', '', 'Filipino', 'JAMLESTER TINAGAN YABUT', '109594481946', '', '', '', '', '', '', '', '', 'Business Expense/Employee Remittance', 'Business', 'PHP', '300', 'Beneficiary', 'PAY-TO-ACCOUNT-REAL-TIME', 'BAUBPPH', 'Pay fee for partly work', '1184', 'supported', 'unsupported', 'supported', 'supported', 'supported', '200', 'no error'], ['7', 'Logic Seq: UBP : Real Time : Amount &lt;50K :  UBP Direct and Instapay Direct are Down', 'Dev', 'ezekiel.isidro+4@pdax.ph', 'Password123!', 'Alwin', 'Levi Brion', 'Zacarias', 'Philippines', '', '', '', '', '', '', '639154568798', '', '', '', '', '', 'Business Income', 'JAMLESTER', 'NA', 'YABUT', '', 'Filipino', 'JAMLESTER TINAGAN YABUT', '109594481946', '', '', '', '', '', '', '', '', 'Business Expense/Employee Remittance', 'Business', 'PHP', '300', 'Beneficiary', 'PAY-TO-ACCOUNT-REAL-TIME', 'BAUBPPH', 'Pay fee for partly work', '1184_1187', 'supported', 'unsupported', 'supported', 'supported', 'supported', '200', 'no error'], ['8', 'Logic Seq: UBP : Real Time : Amount &lt; 50K : All real time channels are down', 'Dev', 'ezekiel.isidro+4@pdax.ph', 'Password123!', 'Alwin', 'Levi Brion', 'Zacarias', 'Philippines', '', '', '', '', '', '', '639154568798', '', '', '', '', '', 'Business Income', 'JAMLESTER', 'NA', 'YABUT', '', 'Filipino', 'JAMLESTER TINAGAN YABUT', '109594481946', '', '', '', '', '', '', '', '', 'Business Expense/Employee Remittance', 'Business', 'PHP', '300', 'Beneficiary', 'PAY-TO-ACCOUNT-REAL-TIME', 'BAUBPPH', 'Pay fee for partly work', '1184_1187_1188', 'supported', 'unsupported', 'supported', 'supported', 'supported', '400', ''], ['9', 'Logic Seq: UBP Bankcode : Non Real Time : Amount &lt; 50K ', 'Dev', 'ezekiel.isidro+4@pdax.ph', 'Password123!', 'Alwin', 'Levi Brion', 'Zacarias', 'Philippines', '', '', '', '', '', '', '639154568798', '', '', '', '', '', 'Business Income', 'JAMLESTER', 'NA', 'YABUT', '', 'Filipino', 'JAMLESTER TINAGAN YABUT', '109594481946', '', '', '', '', '', '', '', '', 'Business Expense/Employee Remittance', 'Business', 'PHP', '300', 'Beneficiary', 'PAY-TO-ACCOUNT-NON-REAL-TIME', 'BAUBPPH', 'Pay fee for partly work', 'null', 'supported', 'unsupported', 'supported', 'supported', 'supported', '200', 'no error'], ['10', 'Logic Seq: UBP Bankcode : Non Real Time : Amount &lt; 50K : UBP Down', 'Dev', 'ezekiel.isidro+4@pdax.ph', 'Password123!', 'Alwin', 'Levi Brion', 'Zacarias', 'Philippines', '', '', '', '', '', '', '639154568798', '', '', '', '', '', 'Business Income', 'JAMLESTER', 'NA', 'YABUT', '', 'Filipino', 'JAMLESTER TINAGAN YABUT', '109594481946', '', '', '', '', '', '', '', '', 'Business Expense/Employee Remittance', 'Business', 'PHP', '300', 'Beneficiary', 'PAY-TO-ACCOUNT-NON-REAL-TIME', 'BAUBPPH', 'Pay fee for partly work', '1184', 'supported', 'unsupported', 'supported', 'supported', 'supported', '200', 'no error'], ['11', 'Logic Seq: UBP Bankcode : Non Real Time : Amount &lt; 50K : UBP Direct and Instapay Direct are Down', 'Dev', 'ezekiel.isidro+4@pdax.ph', 'Password123!', 'Alwin', 'Levi Brion', 'Zacarias', 'Philippines', '', '', '', '', '', '', '639154568798', '', '', '', '', '', 'Business Income', 'JAMLESTER', 'NA', 'YABUT', '', 'Filipino', 'JAMLESTER TINAGAN YABUT', '109594481946', '', '', '', '', '', '', '', '', 'Business Expense/Employee Remittance', 'Business', 'PHP', '300', 'Beneficiary', 'PAY-TO-ACCOUNT-NON-REAL-TIME', 'BAUBPPH', 'Pay fee for partly work', '1184_1187', 'supported', 'unsupported', 'supported', 'supported', 'supported', '200', 'no error'], ['12', 'Logic Seq: UBP Bankcode :Non Real Time : Amount &lt; 50K : All real time channels are down', 'Dev', 'ezekiel.isidro+4@pdax.ph', 'Password123!', 'Alwin', 'Levi Brion', 'Zacarias', 'Philippines', '', '', '', '', '', '', '639154568798', '', '', '', '', '', 'Business Income', 'JAMLESTER', 'NA', 'YABUT', '', 'Filipino', 'JAMLESTER TINAGAN YABUT', '109594481946', '', '', '', '', '', '', '', '', 'Business Expense/Employee Remittance', 'Business', 'PHP', '300', 'Beneficiary', 'PAY-TO-ACCOUNT-NON-REAL-TIME', 'BAUBPPH', 'Pay fee for partly work', '1184_1187_1188', 'supported', 'unsupported', 'supported', 'supported', 'supported', '200', 'no error'], ['13', 'Logic Seq: UBP Bankcode :Non Real Time : Amount &lt; 50K : Non Real Time and Real Time channels down', 'Dev', 'ezekiel.isidro+4@pdax.ph', 'Password123!', 'Alwin', 'Levi Brion', 'Zacarias', 'Philippines', '', '', '', '', '', '', '639154568798', '', '', '', '', '', 'Business Income', 'JAMLESTER', 'NA', 'YABUT', '', 'Filipino', 'JAMLESTER TINAGAN YABUT', '109594481946', '', '', '', '', '', '', '', '', 'Business Expense/Employee Remittance', 'Business', 'PHP', '300', 'Beneficiary', 'PAY-TO-ACCOUNT-NON-REAL-TIME', 'BAUBPPH', 'Pay fee for partly work', '1184_1187_1188_1189', 'supported', 'unsupported', 'supported', 'supported', 'supported', '400', ''], ['14', 'Logic Seq: UBP Bankcode : Non Real Time : Amount &gt; 50K : UBP Direct is Down ', 'Dev', 'ezekiel.isidro+4@pdax.ph', 'Password123!', 'Alwin', 'Levi Brion', 'Zacarias', 'Philippines', '', '', '', '', '', '', '639154568798', '', 'CRN123456', '', '', '', 'Business Income', 'JAMLESTER', 'NA', 'YABUT', '', 'Filipino', 'JAMLESTER TINAGAN YABUT', '109594481946', '', '', '', '', '', '', '', '', 'Business Expense/Employee Remittance', 'Business', 'PHP', '50000.01', 'Sender', 'PAY-TO-ACCOUNT-NON-REAL-TIME', 'BAUBPPH', 'Pay fee for partly work', '1184', 'supported', 'unsupported', 'supported', 'supported', 'supported', '200', 'no error'], ['15', 'Logic Seq: UBP Bankcode : Non Real Time : Amount &gt; 50K :  UBP Direct and Pesonet are Down ', 'Dev', 'ezekiel.isidro+4@pdax.ph', 'Password123!', 'Alwin', 'Levi Brion', 'Zacarias', 'Philippines', '', '', '', '', '', '', '639154568798', '', 'CRN123456', '', '', '', 'Business Income', 'JAMLESTER', 'NA', 'YABUT', '', 'Filipino', 'JAMLESTER TINAGAN YABUT', '109594481946', '', '', '', '', '', '', '', '', 'Business Expense/Employee Remittance', 'Business', 'PHP', '50000.01', 'Sender', 'PAY-TO-ACCOUNT-NON-REAL-TIME', 'BAUBPPH', 'Pay fee for partly work', '1184_1189', 'supported', 'unsupported', 'supported', 'supported', 'supported', '400', ''], ['16', 'Logic Seq: Maya : Real Time : Amount &lt; 50k', 'Dev', 'ezekiel.isidro+4@pdax.ph', 'Password123!', 'Alwin', 'Levi Brion', 'Zacarias', 'Philippines', '', '', '', '', '', '', '639154568798', '', '', '', '', '', 'Business Income', 'JAMLESTER', 'NA', 'YABUT', '', 'Filipino', 'JAMLESTER TINAGAN YABUT', '639544563215', '', '', '', '', '', '', '', '', 'Business Expense/Employee Remittance', 'Business', 'PHP', '300', 'Beneficiary', 'PAY-TO-ACCOUNT-REAL-TIME', 'EWPAYPH', 'Pay fee for partly work', 'null', 'unsupported', 'supported', 'unsupported', 'supported', 'supported', '200', 'no error'], ['17', 'Logic Seq: Maya : Real Time : Amount &lt; 50k : Maya Down', 'Dev', 'ezekiel.isidro+4@pdax.ph', 'Password123!', 'Alwin', 'Levi Brion', 'Zacarias', 'Philippines', '', '', '', '', '', '', '639154568798', '', '', '', '', '', 'Business Income', 'JAMLESTER', 'NA', 'YABUT', '', 'Filipino', 'JAMLESTER TINAGAN YABUT', '639544563215', '', '', '', '', '', '', '', '', 'Business Expense/Employee Remittance', 'Business', 'PHP', '300', 'Beneficiary', 'PAY-TO-ACCOUNT-REAL-TIME', 'EWPAYPH', 'Pay fee for partly work', '1316', 'unsupported', 'supported', 'unsupported', 'supported', 'supported', '200', 'no error'], ['18', 'Logic Seq: Maya : Real Time : Amount &lt; 50k : Maya and Instapay Down', 'Dev', 'ezekiel.isidro+4@pdax.ph', 'Password123!', 'Alwin', 'Levi Brion', 'Zacarias', 'Philippines', '', '', '', '', '', '', '639154568798', '', '', '', '', '', 'Business Income', 'JAMLESTER', 'NA', 'YABUT', '', 'Filipino', 'JAMLESTER TINAGAN YABUT', '639544563215', '', '', '', '', '', '', '', '', 'Business Expense/Employee Remittance', 'Business', 'PHP', '300', 'Beneficiary', 'PAY-TO-ACCOUNT-REAL-TIME', 'EWPAYPH', 'Pay fee for partly work', '1316_1101', 'unsupported', 'supported', 'unsupported', 'supported', 'supported', '400', ''], ['19', 'Logic Seq: Maya : Real Time : Amount &gt; 50k ', 'Dev', 'ezekiel.isidro+4@pdax.ph', 'Password123!', 'Alwin', 'Levi Brion', 'Zacarias', 'Philippines', '', '', '', '', '', '', '639154568798', '', 'CRN123456', '', '', '', 'Business Income', 'JAMLESTER', 'NA', 'YABUT', '', 'Filipino', 'JAMLESTER TINAGAN YABUT', '639544563215', '', '', '', '', '', '', '', '', 'Business Expense/Employee Remittance', 'Business', 'PHP', '50000.01', 'Sender', 'PAY-TO-ACCOUNT-REAL-TIME', 'EWPAYPH', 'Pay fee for partly work', 'null', 'unsupported', 'supported', 'unsupported', 'supported', 'supported', '400', 'Could not process real time payment with amount greater than 50,000 PHP'], ['20', 'Logic Seq: Maya : Non Real Time : Amount &lt; 50k ', 'Dev', 'ezekiel.isidro+4@pdax.ph', 'Password123!', 'Alwin', 'Levi Brion', 'Zacarias', 'Philippines', '', '', '', '', '', '', '639154568798', '', '', '', '', '', 'Business Income', 'JAMLESTER', 'NA', 'YABUT', '', 'Filipino', 'JAMLESTER TINAGAN YABUT', '639544563215', '', '', '', '', '', '', '', '', 'Business Expense/Employee Remittance', 'Business', 'PHP', '300', 'Beneficiary', 'PAY-TO-ACCOUNT-NON-REAL-TIME', 'EWPAYPH', 'Pay fee for partly work', 'null', 'unsupported', 'supported', 'unsupported', 'supported', 'supported', '200', 'no error'], ['21', 'Logic Seq: Maya : Non Real Time : Amount &lt; 50k : Maya Down', 'Dev', 'ezekiel.isidro+4@pdax.ph', 'Password123!', 'Alwin', 'Levi Brion', 'Zacarias', 'Philippines', '', '', '', '', '', '', '639154568798', '', '', '', '', '', 'Business Income', 'JAMLESTER', 'NA', 'YABUT', '', 'Filipino', 'JAMLESTER TINAGAN YABUT', '639544563215', '', '', '', '', '', '', '', '', 'Business Expense/Employee Remittance', 'Business', 'PHP', '300', 'Beneficiary', 'PAY-TO-ACCOUNT-NON-REAL-TIME', 'EWPAYPH', 'Pay fee for partly work', '1316', 'unsupported', 'supported', 'unsupported', 'supported', 'supported', '200', 'no error'], ['22', 'Logic Seq: Maya : Non Real Time : Amount &lt; 50k : Maya and Instapay Down', 'Dev', 'ezekiel.isidro+4@pdax.ph', 'Password123!', 'Alwin', 'Levi Brion', 'Zacarias', 'Philippines', '', '', '', '', '', '', '639154568798', '', '', '', '', '', 'Business Income', 'JAMLESTER', 'NA', 'YABUT', '', 'Filipino', 'JAMLESTER TINAGAN YABUT', '639544563215', '', '', '', '', '', '', '', '', 'Business Expense/Employee Remittance', 'Business', 'PHP', '300', 'Beneficiary', 'PAY-TO-ACCOUNT-NON-REAL-TIME', 'EWPAYPH', 'Pay fee for partly work', '1316_1101', 'unsupported', 'supported', 'unsupported', 'supported', 'supported', '200', 'no error'], ['23', 'Logic Seq: Maya : Non Real Time : Amount &gt; 50k ', 'Dev', 'ezekiel.isidro+4@pdax.ph', 'Password123!', 'Alwin', 'Levi Brion', 'Zacarias', 'Philippines', '', '', '', '', '', '', '639154568798', '', 'CRN123456', '', '', '', 'Business Income', 'JAMLESTER', 'NA', 'YABUT', '', 'Filipino', 'JAMLESTER TINAGAN YABUT', '639544563215', '', '', '', '', '', '', '', '', 'Business Expense/Employee Remittance', 'Business', 'PHP', '50000.01', 'Sender', 'PAY-TO-ACCOUNT-NON-REAL-TIME', 'EWPAYPH', 'Pay fee for partly work', 'null', 'unsupported', 'supported', 'unsupported', 'supported', 'supported', '200', 'no error'], ['24', 'Limits : UBP : Real Time : Amount = 10M ', 'Dev', 'ezekiel.isidro+4@pdax.ph', 'Password123!', 'Alwin', 'Levi Brion', 'Zacarias', 'Philippines', '', '', '', '', '', '', '639154568798', '', 'CRN123456', '', '', '', 'Business Income', 'JAMLESTER', 'NA', 'YABUT', '', 'Filipino', 'JAMLESTER TINAGAN YABUT', '639544563215', '', '', '', '', '', '', '', '', 'Business Expense/Employee Remittance', 'Business', 'PHP', '10000000', 'Sender', 'PAY-TO-ACCOUNT-NON-REAL-TIME', 'BAUBPPH', 'Pay fee for partly work', 'null', 'supported', 'supported', 'supported', 'supported', 'supported', '200', 'no error'], ['25', 'Limits : UBP : Real Time : Amount &gt; 10M ', 'Dev', 'ezekiel.isidro+2@pdax.ph', 'Password123!', 'Alwin', 'Levi Brion', 'Zacarias', 'Philippines', '', '', '', '', '', '', '639154568798', '', 'CRN123456', '', '', '', 'Business Income', 'JAMLESTER', 'NA', 'YABUT', '', 'Filipino', 'JAMLESTER TINAGAN YABUT', '639544563215', '', '', '', '', '', '', '', '', 'Business Expense/Employee Remittance', 'Business', 'PHP', '10000000.01', 'Sender', 'PAY-TO-ACCOUNT-NON-REAL-TIME', 'BAUBPPH', 'Pay fee for partly work', 'null', 'supported', 'supported', 'supported', 'supported', 'supported', '400', 'Could not process ubp/pesonet payment with amount greater than 10,000,000 PHP'], ['26', 'Limits : Pesonet : Non  Real Time : Amount = 10M ', 'Dev', 'ezekiel.isidro+2@pdax.ph', 'Password123!', 'Alwin', 'Levi Brion', 'Zacarias', 'Philippines', '', '', '', '', '', '', '639154568798', '', 'CRN123456', '', '', '', 'Business Income', 'JAMLESTER', 'NA', 'YABUT', '', 'Filipino', 'JAMLESTER TINAGAN YABUT', '639544563215', '', '', '', '', '', '', '', '', 'Business Expense/Employee Remittance', 'Business', 'PHP', '10000000', 'Sender', 'PAY-TO-ACCOUNT-NON-REAL-TIME', 'EWPAYPH', 'Pay fee for partly work', 'null', 'unsupported', 'supported', 'unsupported', 'supported', 'supported', '200', 'no error'], ['27', 'Limits : Pesonet : Non  Real Time : Amount &gt; 10M ', 'Dev', 'ezekiel.isidro+2@pdax.ph', 'Password123!', 'Alwin', 'Levi Brion', 'Zacarias', 'Philippines', '', '', '', '', '', '', '639154568798', '', 'CRN123456', '', '', '', 'Business Income', 'JAMLESTER', 'NA', 'YABUT', '', 'Filipino', 'JAMLESTER TINAGAN YABUT', '639544563215', '', '', '', '', '', '', '', '', 'Business Expense/Employee Remittance', 'Business', 'PHP', '10000000.01', 'Sender', 'PAY-TO-ACCOUNT-NON-REAL-TIME', 'EWPAYPH', 'Pay fee for partly work', 'null', 'unsupported', 'supported', 'unsupported', 'supported', 'supported', '400', 'Could not process ubp/pesonet payment with amount greater than 10,000,000 PHP']]</msg>
<status status="PASS" starttime="20240718 14:05:17.066" endtime="20240718 14:05:17.066"/>
</kw>
<kw name="Get Length" library="BuiltIn">
<var>${row_count}</var>
<arg>${list}</arg>
<doc>Returns and logs the length of the given item as an integer.</doc>
<msg timestamp="20240718 14:05:17.066" level="INFO">Length is 28</msg>
<msg timestamp="20240718 14:05:17.066" level="INFO">${row_count} = 28</msg>
<status status="PASS" starttime="20240718 14:05:17.066" endtime="20240718 14:05:17.066"/>
</kw>
<kw name="Evaluate" library="BuiltIn">
<var>${row_count}</var>
<arg>${row_count}-1</arg>
<doc>Evaluates the given expression in Python and returns the result.</doc>
<msg timestamp="20240718 14:05:17.066" level="INFO">${row_count} = 27</msg>
<status status="PASS" starttime="20240718 14:05:17.066" endtime="20240718 14:05:17.066"/>
</kw>
<kw name="Log" library="BuiltIn">
<arg>${row_count}</arg>
<doc>Logs the given message with the given level.</doc>
<msg timestamp="20240718 14:05:17.066" level="INFO">27</msg>
<status status="PASS" starttime="20240718 14:05:17.066" endtime="20240718 14:05:17.066"/>
</kw>
<kw name="Get Length" library="BuiltIn">
<var>${column_count}</var>
<arg>${list[0]}</arg>
<doc>Returns and logs the length of the given item as an integer.</doc>
<msg timestamp="20240718 14:05:17.067" level="INFO">Length is 53</msg>
<msg timestamp="20240718 14:05:17.067" level="INFO">${column_count} = 53</msg>
<status status="PASS" starttime="20240718 14:05:17.066" endtime="20240718 14:05:17.067"/>
</kw>
<kw name="Log" library="BuiltIn">
<arg>${column_count}</arg>
<doc>Logs the given message with the given level.</doc>
<msg timestamp="20240718 14:05:17.067" level="INFO">53</msg>
<status status="PASS" starttime="20240718 14:05:17.067" endtime="20240718 14:05:17.067"/>
</kw>
<kw name="Evaluate" library="BuiltIn">
<var>${last_column_index}</var>
<arg>${param_count}+${first_column_index}</arg>
<doc>Evaluates the given expression in Python and returns the result.</doc>
<msg timestamp="20240718 14:05:17.067" level="INFO">${last_column_index} = 53</msg>
<status status="PASS" starttime="20240718 14:05:17.067" endtime="20240718 14:05:17.067"/>
</kw>
<kw name="Empty Dictionary" library="CommonTools">
<var>${parameter_dictionary}</var>
<arg>${parameter_dictionary}</arg>
<kw name="Get Dictionary Keys" library="Collections">
<var>${keys}</var>
<arg>${dictionary}</arg>
<doc>Returns keys of the given ``dictionary`` as a list.</doc>
<msg timestamp="20240718 14:05:17.067" level="INFO">${keys} = []</msg>
<status status="PASS" starttime="20240718 14:05:17.067" endtime="20240718 14:05:17.067"/>
</kw>
<kw name="Get Length" library="BuiltIn">
<var>${length}</var>
<arg>${keys}</arg>
<doc>Returns and logs the length of the given item as an integer.</doc>
<msg timestamp="20240718 14:05:17.067" level="INFO">Length is 0</msg>
<msg timestamp="20240718 14:05:17.067" level="INFO">${length} = 0</msg>
<status status="PASS" starttime="20240718 14:05:17.067" endtime="20240718 14:05:17.067"/>
</kw>
<for flavor="IN RANGE">
<var>${index}</var>
<value>0</value>
<value>${length}</value>
<iter>
<var name="${index}"/>
<kw name="Remove From Dictionary" library="Collections">
<arg>${dictionary}</arg>
<arg>${keys}[${index}]</arg>
<doc>Removes the given ``keys`` from the ``dictionary``.</doc>
<status status="NOT RUN" starttime="20240718 14:05:17.067" endtime="20240718 14:05:17.067"/>
</kw>
<status status="NOT RUN" starttime="20240718 14:05:17.067" endtime="20240718 14:05:17.067"/>
</iter>
<status status="NOT RUN" starttime="20240718 14:05:17.067" endtime="20240718 14:05:17.067"/>
</for>
<msg timestamp="20240718 14:05:17.067" level="INFO">${parameter_dictionary} = {}</msg>
<status status="PASS" starttime="20240718 14:05:17.067" endtime="20240718 14:05:17.067"/>
</kw>
<for flavor="IN RANGE">
<var>${i}</var>
<value>${first_column_index}</value>
<value>${last_column_index}</value>
<iter>
<var name="${i}">2</var>
<kw name="Set To Dictionary" library="Collections">
<var>${parameter_dictionary}</var>
<arg>${parameter_dictionary}</arg>
<arg>${list[0]}[${i}]=${list[${row_index}]}[${i}]</arg>
<doc>Adds the given ``key_value_pairs`` and/or ``items`` to the ``dictionary``.</doc>
<msg timestamp="20240718 14:05:17.068" level="INFO">${parameter_dictionary} = {'environment': 'Dev'}</msg>
<status status="PASS" starttime="20240718 14:05:17.067" endtime="20240718 14:05:17.068"/>
</kw>
<status status="PASS" starttime="20240718 14:05:17.067" endtime="20240718 14:05:17.068"/>
</iter>
<iter>
<var name="${i}">3</var>
<kw name="Set To Dictionary" library="Collections">
<var>${parameter_dictionary}</var>
<arg>${parameter_dictionary}</arg>
<arg>${list[0]}[${i}]=${list[${row_index}]}[${i}]</arg>
<doc>Adds the given ``key_value_pairs`` and/or ``items`` to the ``dictionary``.</doc>
<msg timestamp="20240718 14:05:17.069" level="INFO">${parameter_dictionary} = {'environment': 'Dev', 'username': 'ezekiel.isidro+4@pdax.ph'}</msg>
<status status="PASS" starttime="20240718 14:05:17.068" endtime="20240718 14:05:17.069"/>
</kw>
<status status="PASS" starttime="20240718 14:05:17.068" endtime="20240718 14:05:17.069"/>
</iter>
<iter>
<var name="${i}">4</var>
<kw name="Set To Dictionary" library="Collections">
<var>${parameter_dictionary}</var>
<arg>${parameter_dictionary}</arg>
<arg>${list[0]}[${i}]=${list[${row_index}]}[${i}]</arg>
<doc>Adds the given ``key_value_pairs`` and/or ``items`` to the ``dictionary``.</doc>
<msg timestamp="20240718 14:05:17.070" level="INFO">${parameter_dictionary} = {'environment': 'Dev', 'username': 'ezekiel.isidro+4@pdax.ph', 'password': 'Password123!'}</msg>
<status status="PASS" starttime="20240718 14:05:17.069" endtime="20240718 14:05:17.070"/>
</kw>
<status status="PASS" starttime="20240718 14:05:17.069" endtime="20240718 14:05:17.070"/>
</iter>
<iter>
<var name="${i}">5</var>
<kw name="Set To Dictionary" library="Collections">
<var>${parameter_dictionary}</var>
<arg>${parameter_dictionary}</arg>
<arg>${list[0]}[${i}]=${list[${row_index}]}[${i}]</arg>
<doc>Adds the given ``key_value_pairs`` and/or ``items`` to the ``dictionary``.</doc>
<msg timestamp="20240718 14:05:17.070" level="INFO">${parameter_dictionary} = {'environment': 'Dev', 'username': 'ezekiel.isidro+4@pdax.ph', 'password': 'Password123!', 'sender_first_name': 'Alwin'}</msg>
<status status="PASS" starttime="20240718 14:05:17.070" endtime="20240718 14:05:17.070"/>
</kw>
<status status="PASS" starttime="20240718 14:05:17.070" endtime="20240718 14:05:17.070"/>
</iter>
<iter>
<var name="${i}">6</var>
<kw name="Set To Dictionary" library="Collections">
<var>${parameter_dictionary}</var>
<arg>${parameter_dictionary}</arg>
<arg>${list[0]}[${i}]=${list[${row_index}]}[${i}]</arg>
<doc>Adds the given ``key_value_pairs`` and/or ``items`` to the ``dictionary``.</doc>
<msg timestamp="20240718 14:05:17.071" level="INFO">${parameter_dictionary} = {'environment': 'Dev', 'username': 'ezekiel.isidro+4@pdax.ph', 'password': 'Password123!', 'sender_first_name': 'Alwin', 'sender_middle_name': 'Levi Brion'}</msg>
<status status="PASS" starttime="20240718 14:05:17.071" endtime="20240718 14:05:17.071"/>
</kw>
<status status="PASS" starttime="20240718 14:05:17.070" endtime="20240718 14:05:17.071"/>
</iter>
<iter>
<var name="${i}">7</var>
<kw name="Set To Dictionary" library="Collections">
<var>${parameter_dictionary}</var>
<arg>${parameter_dictionary}</arg>
<arg>${list[0]}[${i}]=${list[${row_index}]}[${i}]</arg>
<doc>Adds the given ``key_value_pairs`` and/or ``items`` to the ``dictionary``.</doc>
<msg timestamp="20240718 14:05:17.072" level="INFO">${parameter_dictionary} = {'environment': 'Dev', 'username': 'ezekiel.isidro+4@pdax.ph', 'password': 'Password123!', 'sender_first_name': 'Alwin', 'sender_middle_name': 'Levi Brion', 'sender_last_name': 'Zacarias'}</msg>
<status status="PASS" starttime="20240718 14:05:17.071" endtime="20240718 14:05:17.072"/>
</kw>
<status status="PASS" starttime="20240718 14:05:17.071" endtime="20240718 14:05:17.072"/>
</iter>
<iter>
<var name="${i}">8</var>
<kw name="Set To Dictionary" library="Collections">
<var>${parameter_dictionary}</var>
<arg>${parameter_dictionary}</arg>
<arg>${list[0]}[${i}]=${list[${row_index}]}[${i}]</arg>
<doc>Adds the given ``key_value_pairs`` and/or ``items`` to the ``dictionary``.</doc>
<msg timestamp="20240718 14:05:17.073" level="INFO">${parameter_dictionary} = {'environment': 'Dev', 'username': 'ezekiel.isidro+4@pdax.ph', 'password': 'Password123!', 'sender_first_name': 'Alwin', 'sender_middle_name': 'Levi Brion', 'sender_last_name': 'Zacarias', 'sender_cou...</msg>
<status status="PASS" starttime="20240718 14:05:17.072" endtime="20240718 14:05:17.073"/>
</kw>
<status status="PASS" starttime="20240718 14:05:17.072" endtime="20240718 14:05:17.073"/>
</iter>
<iter>
<var name="${i}">9</var>
<kw name="Set To Dictionary" library="Collections">
<var>${parameter_dictionary}</var>
<arg>${parameter_dictionary}</arg>
<arg>${list[0]}[${i}]=${list[${row_index}]}[${i}]</arg>
<doc>Adds the given ``key_value_pairs`` and/or ``items`` to the ``dictionary``.</doc>
<msg timestamp="20240718 14:05:17.073" level="INFO">${parameter_dictionary} = {'environment': 'Dev', 'username': 'ezekiel.isidro+4@pdax.ph', 'password': 'Password123!', 'sender_first_name': 'Alwin', 'sender_middle_name': 'Levi Brion', 'sender_last_name': 'Zacarias', 'sender_cou...</msg>
<status status="PASS" starttime="20240718 14:05:17.073" endtime="20240718 14:05:17.073"/>
</kw>
<status status="PASS" starttime="20240718 14:05:17.073" endtime="20240718 14:05:17.074"/>
</iter>
<iter>
<var name="${i}">10</var>
<kw name="Set To Dictionary" library="Collections">
<var>${parameter_dictionary}</var>
<arg>${parameter_dictionary}</arg>
<arg>${list[0]}[${i}]=${list[${row_index}]}[${i}]</arg>
<doc>Adds the given ``key_value_pairs`` and/or ``items`` to the ``dictionary``.</doc>
<msg timestamp="20240718 14:05:17.074" level="INFO">${parameter_dictionary} = {'environment': 'Dev', 'username': 'ezekiel.isidro+4@pdax.ph', 'password': 'Password123!', 'sender_first_name': 'Alwin', 'sender_middle_name': 'Levi Brion', 'sender_last_name': 'Zacarias', 'sender_cou...</msg>
<status status="PASS" starttime="20240718 14:05:17.074" endtime="20240718 14:05:17.074"/>
</kw>
<status status="PASS" starttime="20240718 14:05:17.074" endtime="20240718 14:05:17.074"/>
</iter>
<iter>
<var name="${i}">11</var>
<kw name="Set To Dictionary" library="Collections">
<var>${parameter_dictionary}</var>
<arg>${parameter_dictionary}</arg>
<arg>${list[0]}[${i}]=${list[${row_index}]}[${i}]</arg>
<doc>Adds the given ``key_value_pairs`` and/or ``items`` to the ``dictionary``.</doc>
<msg timestamp="20240718 14:05:17.075" level="INFO">${parameter_dictionary} = {'environment': 'Dev', 'username': 'ezekiel.isidro+4@pdax.ph', 'password': 'Password123!', 'sender_first_name': 'Alwin', 'sender_middle_name': 'Levi Brion', 'sender_last_name': 'Zacarias', 'sender_cou...</msg>
<status status="PASS" starttime="20240718 14:05:17.074" endtime="20240718 14:05:17.075"/>
</kw>
<status status="PASS" starttime="20240718 14:05:17.074" endtime="20240718 14:05:17.075"/>
</iter>
<iter>
<var name="${i}">12</var>
<kw name="Set To Dictionary" library="Collections">
<var>${parameter_dictionary}</var>
<arg>${parameter_dictionary}</arg>
<arg>${list[0]}[${i}]=${list[${row_index}]}[${i}]</arg>
<doc>Adds the given ``key_value_pairs`` and/or ``items`` to the ``dictionary``.</doc>
<msg timestamp="20240718 14:05:17.076" level="INFO">${parameter_dictionary} = {'environment': 'Dev', 'username': 'ezekiel.isidro+4@pdax.ph', 'password': 'Password123!', 'sender_first_name': 'Alwin', 'sender_middle_name': 'Levi Brion', 'sender_last_name': 'Zacarias', 'sender_cou...</msg>
<status status="PASS" starttime="20240718 14:05:17.075" endtime="20240718 14:05:17.076"/>
</kw>
<status status="PASS" starttime="20240718 14:05:17.075" endtime="20240718 14:05:17.076"/>
</iter>
<iter>
<var name="${i}">13</var>
<kw name="Set To Dictionary" library="Collections">
<var>${parameter_dictionary}</var>
<arg>${parameter_dictionary}</arg>
<arg>${list[0]}[${i}]=${list[${row_index}]}[${i}]</arg>
<doc>Adds the given ``key_value_pairs`` and/or ``items`` to the ``dictionary``.</doc>
<msg timestamp="20240718 14:05:17.076" level="INFO">${parameter_dictionary} = {'environment': 'Dev', 'username': 'ezekiel.isidro+4@pdax.ph', 'password': 'Password123!', 'sender_first_name': 'Alwin', 'sender_middle_name': 'Levi Brion', 'sender_last_name': 'Zacarias', 'sender_cou...</msg>
<status status="PASS" starttime="20240718 14:05:17.076" endtime="20240718 14:05:17.076"/>
</kw>
<status status="PASS" starttime="20240718 14:05:17.076" endtime="20240718 14:05:17.076"/>
</iter>
<iter>
<var name="${i}">14</var>
<kw name="Set To Dictionary" library="Collections">
<var>${parameter_dictionary}</var>
<arg>${parameter_dictionary}</arg>
<arg>${list[0]}[${i}]=${list[${row_index}]}[${i}]</arg>
<doc>Adds the given ``key_value_pairs`` and/or ``items`` to the ``dictionary``.</doc>
<msg timestamp="20240718 14:05:17.077" level="INFO">${parameter_dictionary} = {'environment': 'Dev', 'username': 'ezekiel.isidro+4@pdax.ph', 'password': 'Password123!', 'sender_first_name': 'Alwin', 'sender_middle_name': 'Levi Brion', 'sender_last_name': 'Zacarias', 'sender_cou...</msg>
<status status="PASS" starttime="20240718 14:05:17.077" endtime="20240718 14:05:17.077"/>
</kw>
<status status="PASS" starttime="20240718 14:05:17.076" endtime="20240718 14:05:17.077"/>
</iter>
<iter>
<var name="${i}">15</var>
<kw name="Set To Dictionary" library="Collections">
<var>${parameter_dictionary}</var>
<arg>${parameter_dictionary}</arg>
<arg>${list[0]}[${i}]=${list[${row_index}]}[${i}]</arg>
<doc>Adds the given ``key_value_pairs`` and/or ``items`` to the ``dictionary``.</doc>
<msg timestamp="20240718 14:05:17.078" level="INFO">${parameter_dictionary} = {'environment': 'Dev', 'username': 'ezekiel.isidro+4@pdax.ph', 'password': 'Password123!', 'sender_first_name': 'Alwin', 'sender_middle_name': 'Levi Brion', 'sender_last_name': 'Zacarias', 'sender_cou...</msg>
<status status="PASS" starttime="20240718 14:05:17.077" endtime="20240718 14:05:17.078"/>
</kw>
<status status="PASS" starttime="20240718 14:05:17.077" endtime="20240718 14:05:17.078"/>
</iter>
<iter>
<var name="${i}">16</var>
<kw name="Set To Dictionary" library="Collections">
<var>${parameter_dictionary}</var>
<arg>${parameter_dictionary}</arg>
<arg>${list[0]}[${i}]=${list[${row_index}]}[${i}]</arg>
<doc>Adds the given ``key_value_pairs`` and/or ``items`` to the ``dictionary``.</doc>
<msg timestamp="20240718 14:05:17.079" level="INFO">${parameter_dictionary} = {'environment': 'Dev', 'username': 'ezekiel.isidro+4@pdax.ph', 'password': 'Password123!', 'sender_first_name': 'Alwin', 'sender_middle_name': 'Levi Brion', 'sender_last_name': 'Zacarias', 'sender_cou...</msg>
<status status="PASS" starttime="20240718 14:05:17.078" endtime="20240718 14:05:17.079"/>
</kw>
<status status="PASS" starttime="20240718 14:05:17.078" endtime="20240718 14:05:17.079"/>
</iter>
<iter>
<var name="${i}">17</var>
<kw name="Set To Dictionary" library="Collections">
<var>${parameter_dictionary}</var>
<arg>${parameter_dictionary}</arg>
<arg>${list[0]}[${i}]=${list[${row_index}]}[${i}]</arg>
<doc>Adds the given ``key_value_pairs`` and/or ``items`` to the ``dictionary``.</doc>
<msg timestamp="20240718 14:05:17.079" level="INFO">${parameter_dictionary} = {'environment': 'Dev', 'username': 'ezekiel.isidro+4@pdax.ph', 'password': 'Password123!', 'sender_first_name': 'Alwin', 'sender_middle_name': 'Levi Brion', 'sender_last_name': 'Zacarias', 'sender_cou...</msg>
<status status="PASS" starttime="20240718 14:05:17.079" endtime="20240718 14:05:17.079"/>
</kw>
<status status="PASS" starttime="20240718 14:05:17.079" endtime="20240718 14:05:17.079"/>
</iter>
<iter>
<var name="${i}">18</var>
<kw name="Set To Dictionary" library="Collections">
<var>${parameter_dictionary}</var>
<arg>${parameter_dictionary}</arg>
<arg>${list[0]}[${i}]=${list[${row_index}]}[${i}]</arg>
<doc>Adds the given ``key_value_pairs`` and/or ``items`` to the ``dictionary``.</doc>
<msg timestamp="20240718 14:05:17.080" level="INFO">${parameter_dictionary} = {'environment': 'Dev', 'username': 'ezekiel.isidro+4@pdax.ph', 'password': 'Password123!', 'sender_first_name': 'Alwin', 'sender_middle_name': 'Levi Brion', 'sender_last_name': 'Zacarias', 'sender_cou...</msg>
<status status="PASS" starttime="20240718 14:05:17.079" endtime="20240718 14:05:17.080"/>
</kw>
<status status="PASS" starttime="20240718 14:05:17.079" endtime="20240718 14:05:17.080"/>
</iter>
<iter>
<var name="${i}">19</var>
<kw name="Set To Dictionary" library="Collections">
<var>${parameter_dictionary}</var>
<arg>${parameter_dictionary}</arg>
<arg>${list[0]}[${i}]=${list[${row_index}]}[${i}]</arg>
<doc>Adds the given ``key_value_pairs`` and/or ``items`` to the ``dictionary``.</doc>
<msg timestamp="20240718 14:05:17.081" level="INFO">${parameter_dictionary} = {'environment': 'Dev', 'username': 'ezekiel.isidro+4@pdax.ph', 'password': 'Password123!', 'sender_first_name': 'Alwin', 'sender_middle_name': 'Levi Brion', 'sender_last_name': 'Zacarias', 'sender_cou...</msg>
<status status="PASS" starttime="20240718 14:05:17.080" endtime="20240718 14:05:17.081"/>
</kw>
<status status="PASS" starttime="20240718 14:05:17.080" endtime="20240718 14:05:17.081"/>
</iter>
<iter>
<var name="${i}">20</var>
<kw name="Set To Dictionary" library="Collections">
<var>${parameter_dictionary}</var>
<arg>${parameter_dictionary}</arg>
<arg>${list[0]}[${i}]=${list[${row_index}]}[${i}]</arg>
<doc>Adds the given ``key_value_pairs`` and/or ``items`` to the ``dictionary``.</doc>
<msg timestamp="20240718 14:05:17.082" level="INFO">${parameter_dictionary} = {'environment': 'Dev', 'username': 'ezekiel.isidro+4@pdax.ph', 'password': 'Password123!', 'sender_first_name': 'Alwin', 'sender_middle_name': 'Levi Brion', 'sender_last_name': 'Zacarias', 'sender_cou...</msg>
<status status="PASS" starttime="20240718 14:05:17.081" endtime="20240718 14:05:17.082"/>
</kw>
<status status="PASS" starttime="20240718 14:05:17.081" endtime="20240718 14:05:17.082"/>
</iter>
<iter>
<var name="${i}">21</var>
<kw name="Set To Dictionary" library="Collections">
<var>${parameter_dictionary}</var>
<arg>${parameter_dictionary}</arg>
<arg>${list[0]}[${i}]=${list[${row_index}]}[${i}]</arg>
<doc>Adds the given ``key_value_pairs`` and/or ``items`` to the ``dictionary``.</doc>
<msg timestamp="20240718 14:05:17.082" level="INFO">${parameter_dictionary} = {'environment': 'Dev', 'username': 'ezekiel.isidro+4@pdax.ph', 'password': 'Password123!', 'sender_first_name': 'Alwin', 'sender_middle_name': 'Levi Brion', 'sender_last_name': 'Zacarias', 'sender_cou...</msg>
<status status="PASS" starttime="20240718 14:05:17.082" endtime="20240718 14:05:17.082"/>
</kw>
<status status="PASS" starttime="20240718 14:05:17.082" endtime="20240718 14:05:17.082"/>
</iter>
<iter>
<var name="${i}">22</var>
<kw name="Set To Dictionary" library="Collections">
<var>${parameter_dictionary}</var>
<arg>${parameter_dictionary}</arg>
<arg>${list[0]}[${i}]=${list[${row_index}]}[${i}]</arg>
<doc>Adds the given ``key_value_pairs`` and/or ``items`` to the ``dictionary``.</doc>
<msg timestamp="20240718 14:05:17.083" level="INFO">${parameter_dictionary} = {'environment': 'Dev', 'username': 'ezekiel.isidro+4@pdax.ph', 'password': 'Password123!', 'sender_first_name': 'Alwin', 'sender_middle_name': 'Levi Brion', 'sender_last_name': 'Zacarias', 'sender_cou...</msg>
<status status="PASS" starttime="20240718 14:05:17.082" endtime="20240718 14:05:17.083"/>
</kw>
<status status="PASS" starttime="20240718 14:05:17.082" endtime="20240718 14:05:17.083"/>
</iter>
<iter>
<var name="${i}">23</var>
<kw name="Set To Dictionary" library="Collections">
<var>${parameter_dictionary}</var>
<arg>${parameter_dictionary}</arg>
<arg>${list[0]}[${i}]=${list[${row_index}]}[${i}]</arg>
<doc>Adds the given ``key_value_pairs`` and/or ``items`` to the ``dictionary``.</doc>
<msg timestamp="20240718 14:05:17.084" level="INFO">${parameter_dictionary} = {'environment': 'Dev', 'username': 'ezekiel.isidro+4@pdax.ph', 'password': 'Password123!', 'sender_first_name': 'Alwin', 'sender_middle_name': 'Levi Brion', 'sender_last_name': 'Zacarias', 'sender_cou...</msg>
<status status="PASS" starttime="20240718 14:05:17.083" endtime="20240718 14:05:17.084"/>
</kw>
<status status="PASS" starttime="20240718 14:05:17.083" endtime="20240718 14:05:17.084"/>
</iter>
<iter>
<var name="${i}">24</var>
<kw name="Set To Dictionary" library="Collections">
<var>${parameter_dictionary}</var>
<arg>${parameter_dictionary}</arg>
<arg>${list[0]}[${i}]=${list[${row_index}]}[${i}]</arg>
<doc>Adds the given ``key_value_pairs`` and/or ``items`` to the ``dictionary``.</doc>
<msg timestamp="20240718 14:05:17.085" level="INFO">${parameter_dictionary} = {'environment': 'Dev', 'username': 'ezekiel.isidro+4@pdax.ph', 'password': 'Password123!', 'sender_first_name': 'Alwin', 'sender_middle_name': 'Levi Brion', 'sender_last_name': 'Zacarias', 'sender_cou...</msg>
<status status="PASS" starttime="20240718 14:05:17.084" endtime="20240718 14:05:17.085"/>
</kw>
<status status="PASS" starttime="20240718 14:05:17.084" endtime="20240718 14:05:17.085"/>
</iter>
<iter>
<var name="${i}">25</var>
<kw name="Set To Dictionary" library="Collections">
<var>${parameter_dictionary}</var>
<arg>${parameter_dictionary}</arg>
<arg>${list[0]}[${i}]=${list[${row_index}]}[${i}]</arg>
<doc>Adds the given ``key_value_pairs`` and/or ``items`` to the ``dictionary``.</doc>
<msg timestamp="20240718 14:05:17.085" level="INFO">${parameter_dictionary} = {'environment': 'Dev', 'username': 'ezekiel.isidro+4@pdax.ph', 'password': 'Password123!', 'sender_first_name': 'Alwin', 'sender_middle_name': 'Levi Brion', 'sender_last_name': 'Zacarias', 'sender_cou...</msg>
<status status="PASS" starttime="20240718 14:05:17.085" endtime="20240718 14:05:17.085"/>
</kw>
<status status="PASS" starttime="20240718 14:05:17.085" endtime="20240718 14:05:17.085"/>
</iter>
<iter>
<var name="${i}">26</var>
<kw name="Set To Dictionary" library="Collections">
<var>${parameter_dictionary}</var>
<arg>${parameter_dictionary}</arg>
<arg>${list[0]}[${i}]=${list[${row_index}]}[${i}]</arg>
<doc>Adds the given ``key_value_pairs`` and/or ``items`` to the ``dictionary``.</doc>
<msg timestamp="20240718 14:05:17.086" level="INFO">${parameter_dictionary} = {'environment': 'Dev', 'username': 'ezekiel.isidro+4@pdax.ph', 'password': 'Password123!', 'sender_first_name': 'Alwin', 'sender_middle_name': 'Levi Brion', 'sender_last_name': 'Zacarias', 'sender_cou...</msg>
<status status="PASS" starttime="20240718 14:05:17.085" endtime="20240718 14:05:17.086"/>
</kw>
<status status="PASS" starttime="20240718 14:05:17.085" endtime="20240718 14:05:17.086"/>
</iter>
<iter>
<var name="${i}">27</var>
<kw name="Set To Dictionary" library="Collections">
<var>${parameter_dictionary}</var>
<arg>${parameter_dictionary}</arg>
<arg>${list[0]}[${i}]=${list[${row_index}]}[${i}]</arg>
<doc>Adds the given ``key_value_pairs`` and/or ``items`` to the ``dictionary``.</doc>
<msg timestamp="20240718 14:05:17.087" level="INFO">${parameter_dictionary} = {'environment': 'Dev', 'username': 'ezekiel.isidro+4@pdax.ph', 'password': 'Password123!', 'sender_first_name': 'Alwin', 'sender_middle_name': 'Levi Brion', 'sender_last_name': 'Zacarias', 'sender_cou...</msg>
<status status="PASS" starttime="20240718 14:05:17.086" endtime="20240718 14:05:17.087"/>
</kw>
<status status="PASS" starttime="20240718 14:05:17.086" endtime="20240718 14:05:17.087"/>
</iter>
<iter>
<var name="${i}">28</var>
<kw name="Set To Dictionary" library="Collections">
<var>${parameter_dictionary}</var>
<arg>${parameter_dictionary}</arg>
<arg>${list[0]}[${i}]=${list[${row_index}]}[${i}]</arg>
<doc>Adds the given ``key_value_pairs`` and/or ``items`` to the ``dictionary``.</doc>
<msg timestamp="20240718 14:05:17.088" level="INFO">${parameter_dictionary} = {'environment': 'Dev', 'username': 'ezekiel.isidro+4@pdax.ph', 'password': 'Password123!', 'sender_first_name': 'Alwin', 'sender_middle_name': 'Levi Brion', 'sender_last_name': 'Zacarias', 'sender_cou...</msg>
<status status="PASS" starttime="20240718 14:05:17.087" endtime="20240718 14:05:17.088"/>
</kw>
<status status="PASS" starttime="20240718 14:05:17.087" endtime="20240718 14:05:17.088"/>
</iter>
<iter>
<var name="${i}">29</var>
<kw name="Set To Dictionary" library="Collections">
<var>${parameter_dictionary}</var>
<arg>${parameter_dictionary}</arg>
<arg>${list[0]}[${i}]=${list[${row_index}]}[${i}]</arg>
<doc>Adds the given ``key_value_pairs`` and/or ``items`` to the ``dictionary``.</doc>
<msg timestamp="20240718 14:05:17.088" level="INFO">${parameter_dictionary} = {'environment': 'Dev', 'username': 'ezekiel.isidro+4@pdax.ph', 'password': 'Password123!', 'sender_first_name': 'Alwin', 'sender_middle_name': 'Levi Brion', 'sender_last_name': 'Zacarias', 'sender_cou...</msg>
<status status="PASS" starttime="20240718 14:05:17.088" endtime="20240718 14:05:17.088"/>
</kw>
<status status="PASS" starttime="20240718 14:05:17.088" endtime="20240718 14:05:17.089"/>
</iter>
<iter>
<var name="${i}">30</var>
<kw name="Set To Dictionary" library="Collections">
<var>${parameter_dictionary}</var>
<arg>${parameter_dictionary}</arg>
<arg>${list[0]}[${i}]=${list[${row_index}]}[${i}]</arg>
<doc>Adds the given ``key_value_pairs`` and/or ``items`` to the ``dictionary``.</doc>
<msg timestamp="20240718 14:05:17.089" level="INFO">${parameter_dictionary} = {'environment': 'Dev', 'username': 'ezekiel.isidro+4@pdax.ph', 'password': 'Password123!', 'sender_first_name': 'Alwin', 'sender_middle_name': 'Levi Brion', 'sender_last_name': 'Zacarias', 'sender_cou...</msg>
<status status="PASS" starttime="20240718 14:05:17.089" endtime="20240718 14:05:17.089"/>
</kw>
<status status="PASS" starttime="20240718 14:05:17.089" endtime="20240718 14:05:17.089"/>
</iter>
<iter>
<var name="${i}">31</var>
<kw name="Set To Dictionary" library="Collections">
<var>${parameter_dictionary}</var>
<arg>${parameter_dictionary}</arg>
<arg>${list[0]}[${i}]=${list[${row_index}]}[${i}]</arg>
<doc>Adds the given ``key_value_pairs`` and/or ``items`` to the ``dictionary``.</doc>
<msg timestamp="20240718 14:05:17.090" level="INFO">${parameter_dictionary} = {'environment': 'Dev', 'username': 'ezekiel.isidro+4@pdax.ph', 'password': 'Password123!', 'sender_first_name': 'Alwin', 'sender_middle_name': 'Levi Brion', 'sender_last_name': 'Zacarias', 'sender_cou...</msg>
<status status="PASS" starttime="20240718 14:05:17.089" endtime="20240718 14:05:17.090"/>
</kw>
<status status="PASS" starttime="20240718 14:05:17.089" endtime="20240718 14:05:17.090"/>
</iter>
<iter>
<var name="${i}">32</var>
<kw name="Set To Dictionary" library="Collections">
<var>${parameter_dictionary}</var>
<arg>${parameter_dictionary}</arg>
<arg>${list[0]}[${i}]=${list[${row_index}]}[${i}]</arg>
<doc>Adds the given ``key_value_pairs`` and/or ``items`` to the ``dictionary``.</doc>
<msg timestamp="20240718 14:05:17.091" level="INFO">${parameter_dictionary} = {'environment': 'Dev', 'username': 'ezekiel.isidro+4@pdax.ph', 'password': 'Password123!', 'sender_first_name': 'Alwin', 'sender_middle_name': 'Levi Brion', 'sender_last_name': 'Zacarias', 'sender_cou...</msg>
<status status="PASS" starttime="20240718 14:05:17.090" endtime="20240718 14:05:17.091"/>
</kw>
<status status="PASS" starttime="20240718 14:05:17.090" endtime="20240718 14:05:17.091"/>
</iter>
<iter>
<var name="${i}">33</var>
<kw name="Set To Dictionary" library="Collections">
<var>${parameter_dictionary}</var>
<arg>${parameter_dictionary}</arg>
<arg>${list[0]}[${i}]=${list[${row_index}]}[${i}]</arg>
<doc>Adds the given ``key_value_pairs`` and/or ``items`` to the ``dictionary``.</doc>
<msg timestamp="20240718 14:05:17.091" level="INFO">${parameter_dictionary} = {'environment': 'Dev', 'username': 'ezekiel.isidro+4@pdax.ph', 'password': 'Password123!', 'sender_first_name': 'Alwin', 'sender_middle_name': 'Levi Brion', 'sender_last_name': 'Zacarias', 'sender_cou...</msg>
<status status="PASS" starttime="20240718 14:05:17.091" endtime="20240718 14:05:17.092"/>
</kw>
<status status="PASS" starttime="20240718 14:05:17.091" endtime="20240718 14:05:17.092"/>
</iter>
<iter>
<var name="${i}">34</var>
<kw name="Set To Dictionary" library="Collections">
<var>${parameter_dictionary}</var>
<arg>${parameter_dictionary}</arg>
<arg>${list[0]}[${i}]=${list[${row_index}]}[${i}]</arg>
<doc>Adds the given ``key_value_pairs`` and/or ``items`` to the ``dictionary``.</doc>
<msg timestamp="20240718 14:05:17.092" level="INFO">${parameter_dictionary} = {'environment': 'Dev', 'username': 'ezekiel.isidro+4@pdax.ph', 'password': 'Password123!', 'sender_first_name': 'Alwin', 'sender_middle_name': 'Levi Brion', 'sender_last_name': 'Zacarias', 'sender_cou...</msg>
<status status="PASS" starttime="20240718 14:05:17.092" endtime="20240718 14:05:17.092"/>
</kw>
<status status="PASS" starttime="20240718 14:05:17.092" endtime="20240718 14:05:17.092"/>
</iter>
<iter>
<var name="${i}">35</var>
<kw name="Set To Dictionary" library="Collections">
<var>${parameter_dictionary}</var>
<arg>${parameter_dictionary}</arg>
<arg>${list[0]}[${i}]=${list[${row_index}]}[${i}]</arg>
<doc>Adds the given ``key_value_pairs`` and/or ``items`` to the ``dictionary``.</doc>
<msg timestamp="20240718 14:05:17.093" level="INFO">${parameter_dictionary} = {'environment': 'Dev', 'username': 'ezekiel.isidro+4@pdax.ph', 'password': 'Password123!', 'sender_first_name': 'Alwin', 'sender_middle_name': 'Levi Brion', 'sender_last_name': 'Zacarias', 'sender_cou...</msg>
<status status="PASS" starttime="20240718 14:05:17.092" endtime="20240718 14:05:17.093"/>
</kw>
<status status="PASS" starttime="20240718 14:05:17.092" endtime="20240718 14:05:17.093"/>
</iter>
<iter>
<var name="${i}">36</var>
<kw name="Set To Dictionary" library="Collections">
<var>${parameter_dictionary}</var>
<arg>${parameter_dictionary}</arg>
<arg>${list[0]}[${i}]=${list[${row_index}]}[${i}]</arg>
<doc>Adds the given ``key_value_pairs`` and/or ``items`` to the ``dictionary``.</doc>
<msg timestamp="20240718 14:05:17.094" level="INFO">${parameter_dictionary} = {'environment': 'Dev', 'username': 'ezekiel.isidro+4@pdax.ph', 'password': 'Password123!', 'sender_first_name': 'Alwin', 'sender_middle_name': 'Levi Brion', 'sender_last_name': 'Zacarias', 'sender_cou...</msg>
<status status="PASS" starttime="20240718 14:05:17.093" endtime="20240718 14:05:17.094"/>
</kw>
<status status="PASS" starttime="20240718 14:05:17.093" endtime="20240718 14:05:17.094"/>
</iter>
<iter>
<var name="${i}">37</var>
<kw name="Set To Dictionary" library="Collections">
<var>${parameter_dictionary}</var>
<arg>${parameter_dictionary}</arg>
<arg>${list[0]}[${i}]=${list[${row_index}]}[${i}]</arg>
<doc>Adds the given ``key_value_pairs`` and/or ``items`` to the ``dictionary``.</doc>
<msg timestamp="20240718 14:05:17.094" level="INFO">${parameter_dictionary} = {'environment': 'Dev', 'username': 'ezekiel.isidro+4@pdax.ph', 'password': 'Password123!', 'sender_first_name': 'Alwin', 'sender_middle_name': 'Levi Brion', 'sender_last_name': 'Zacarias', 'sender_cou...</msg>
<status status="PASS" starttime="20240718 14:05:17.094" endtime="20240718 14:05:17.094"/>
</kw>
<status status="PASS" starttime="20240718 14:05:17.094" endtime="20240718 14:05:17.094"/>
</iter>
<iter>
<var name="${i}">38</var>
<kw name="Set To Dictionary" library="Collections">
<var>${parameter_dictionary}</var>
<arg>${parameter_dictionary}</arg>
<arg>${list[0]}[${i}]=${list[${row_index}]}[${i}]</arg>
<doc>Adds the given ``key_value_pairs`` and/or ``items`` to the ``dictionary``.</doc>
<msg timestamp="20240718 14:05:17.095" level="INFO">${parameter_dictionary} = {'environment': 'Dev', 'username': 'ezekiel.isidro+4@pdax.ph', 'password': 'Password123!', 'sender_first_name': 'Alwin', 'sender_middle_name': 'Levi Brion', 'sender_last_name': 'Zacarias', 'sender_cou...</msg>
<status status="PASS" starttime="20240718 14:05:17.095" endtime="20240718 14:05:17.095"/>
</kw>
<status status="PASS" starttime="20240718 14:05:17.094" endtime="20240718 14:05:17.095"/>
</iter>
<iter>
<var name="${i}">39</var>
<kw name="Set To Dictionary" library="Collections">
<var>${parameter_dictionary}</var>
<arg>${parameter_dictionary}</arg>
<arg>${list[0]}[${i}]=${list[${row_index}]}[${i}]</arg>
<doc>Adds the given ``key_value_pairs`` and/or ``items`` to the ``dictionary``.</doc>
<msg timestamp="20240718 14:05:17.096" level="INFO">${parameter_dictionary} = {'environment': 'Dev', 'username': 'ezekiel.isidro+4@pdax.ph', 'password': 'Password123!', 'sender_first_name': 'Alwin', 'sender_middle_name': 'Levi Brion', 'sender_last_name': 'Zacarias', 'sender_cou...</msg>
<status status="PASS" starttime="20240718 14:05:17.095" endtime="20240718 14:05:17.096"/>
</kw>
<status status="PASS" starttime="20240718 14:05:17.095" endtime="20240718 14:05:17.096"/>
</iter>
<iter>
<var name="${i}">40</var>
<kw name="Set To Dictionary" library="Collections">
<var>${parameter_dictionary}</var>
<arg>${parameter_dictionary}</arg>
<arg>${list[0]}[${i}]=${list[${row_index}]}[${i}]</arg>
<doc>Adds the given ``key_value_pairs`` and/or ``items`` to the ``dictionary``.</doc>
<msg timestamp="20240718 14:05:17.097" level="INFO">${parameter_dictionary} = {'environment': 'Dev', 'username': 'ezekiel.isidro+4@pdax.ph', 'password': 'Password123!', 'sender_first_name': 'Alwin', 'sender_middle_name': 'Levi Brion', 'sender_last_name': 'Zacarias', 'sender_cou...</msg>
<status status="PASS" starttime="20240718 14:05:17.096" endtime="20240718 14:05:17.097"/>
</kw>
<status status="PASS" starttime="20240718 14:05:17.096" endtime="20240718 14:05:17.097"/>
</iter>
<iter>
<var name="${i}">41</var>
<kw name="Set To Dictionary" library="Collections">
<var>${parameter_dictionary}</var>
<arg>${parameter_dictionary}</arg>
<arg>${list[0]}[${i}]=${list[${row_index}]}[${i}]</arg>
<doc>Adds the given ``key_value_pairs`` and/or ``items`` to the ``dictionary``.</doc>
<msg timestamp="20240718 14:05:17.097" level="INFO">${parameter_dictionary} = {'environment': 'Dev', 'username': 'ezekiel.isidro+4@pdax.ph', 'password': 'Password123!', 'sender_first_name': 'Alwin', 'sender_middle_name': 'Levi Brion', 'sender_last_name': 'Zacarias', 'sender_cou...</msg>
<status status="PASS" starttime="20240718 14:05:17.097" endtime="20240718 14:05:17.097"/>
</kw>
<status status="PASS" starttime="20240718 14:05:17.097" endtime="20240718 14:05:17.097"/>
</iter>
<iter>
<var name="${i}">42</var>
<kw name="Set To Dictionary" library="Collections">
<var>${parameter_dictionary}</var>
<arg>${parameter_dictionary}</arg>
<arg>${list[0]}[${i}]=${list[${row_index}]}[${i}]</arg>
<doc>Adds the given ``key_value_pairs`` and/or ``items`` to the ``dictionary``.</doc>
<msg timestamp="20240718 14:05:17.098" level="INFO">${parameter_dictionary} = {'environment': 'Dev', 'username': 'ezekiel.isidro+4@pdax.ph', 'password': 'Password123!', 'sender_first_name': 'Alwin', 'sender_middle_name': 'Levi Brion', 'sender_last_name': 'Zacarias', 'sender_cou...</msg>
<status status="PASS" starttime="20240718 14:05:17.097" endtime="20240718 14:05:17.098"/>
</kw>
<status status="PASS" starttime="20240718 14:05:17.097" endtime="20240718 14:05:17.098"/>
</iter>
<iter>
<var name="${i}">43</var>
<kw name="Set To Dictionary" library="Collections">
<var>${parameter_dictionary}</var>
<arg>${parameter_dictionary}</arg>
<arg>${list[0]}[${i}]=${list[${row_index}]}[${i}]</arg>
<doc>Adds the given ``key_value_pairs`` and/or ``items`` to the ``dictionary``.</doc>
<msg timestamp="20240718 14:05:17.099" level="INFO">${parameter_dictionary} = {'environment': 'Dev', 'username': 'ezekiel.isidro+4@pdax.ph', 'password': 'Password123!', 'sender_first_name': 'Alwin', 'sender_middle_name': 'Levi Brion', 'sender_last_name': 'Zacarias', 'sender_cou...</msg>
<status status="PASS" starttime="20240718 14:05:17.098" endtime="20240718 14:05:17.099"/>
</kw>
<status status="PASS" starttime="20240718 14:05:17.098" endtime="20240718 14:05:17.099"/>
</iter>
<iter>
<var name="${i}">44</var>
<kw name="Set To Dictionary" library="Collections">
<var>${parameter_dictionary}</var>
<arg>${parameter_dictionary}</arg>
<arg>${list[0]}[${i}]=${list[${row_index}]}[${i}]</arg>
<doc>Adds the given ``key_value_pairs`` and/or ``items`` to the ``dictionary``.</doc>
<msg timestamp="20240718 14:05:17.099" level="INFO">${parameter_dictionary} = {'environment': 'Dev', 'username': 'ezekiel.isidro+4@pdax.ph', 'password': 'Password123!', 'sender_first_name': 'Alwin', 'sender_middle_name': 'Levi Brion', 'sender_last_name': 'Zacarias', 'sender_cou...</msg>
<status status="PASS" starttime="20240718 14:05:17.099" endtime="20240718 14:05:17.099"/>
</kw>
<status status="PASS" starttime="20240718 14:05:17.099" endtime="20240718 14:05:17.100"/>
</iter>
<iter>
<var name="${i}">45</var>
<kw name="Set To Dictionary" library="Collections">
<var>${parameter_dictionary}</var>
<arg>${parameter_dictionary}</arg>
<arg>${list[0]}[${i}]=${list[${row_index}]}[${i}]</arg>
<doc>Adds the given ``key_value_pairs`` and/or ``items`` to the ``dictionary``.</doc>
<msg timestamp="20240718 14:05:17.100" level="INFO">${parameter_dictionary} = {'environment': 'Dev', 'username': 'ezekiel.isidro+4@pdax.ph', 'password': 'Password123!', 'sender_first_name': 'Alwin', 'sender_middle_name': 'Levi Brion', 'sender_last_name': 'Zacarias', 'sender_cou...</msg>
<status status="PASS" starttime="20240718 14:05:17.100" endtime="20240718 14:05:17.100"/>
</kw>
<status status="PASS" starttime="20240718 14:05:17.100" endtime="20240718 14:05:17.100"/>
</iter>
<iter>
<var name="${i}">46</var>
<kw name="Set To Dictionary" library="Collections">
<var>${parameter_dictionary}</var>
<arg>${parameter_dictionary}</arg>
<arg>${list[0]}[${i}]=${list[${row_index}]}[${i}]</arg>
<doc>Adds the given ``key_value_pairs`` and/or ``items`` to the ``dictionary``.</doc>
<msg timestamp="20240718 14:05:17.101" level="INFO">${parameter_dictionary} = {'environment': 'Dev', 'username': 'ezekiel.isidro+4@pdax.ph', 'password': 'Password123!', 'sender_first_name': 'Alwin', 'sender_middle_name': 'Levi Brion', 'sender_last_name': 'Zacarias', 'sender_cou...</msg>
<status status="PASS" starttime="20240718 14:05:17.100" endtime="20240718 14:05:17.101"/>
</kw>
<status status="PASS" starttime="20240718 14:05:17.100" endtime="20240718 14:05:17.101"/>
</iter>
<iter>
<var name="${i}">47</var>
<kw name="Set To Dictionary" library="Collections">
<var>${parameter_dictionary}</var>
<arg>${parameter_dictionary}</arg>
<arg>${list[0]}[${i}]=${list[${row_index}]}[${i}]</arg>
<doc>Adds the given ``key_value_pairs`` and/or ``items`` to the ``dictionary``.</doc>
<msg timestamp="20240718 14:05:17.102" level="INFO">${parameter_dictionary} = {'environment': 'Dev', 'username': 'ezekiel.isidro+4@pdax.ph', 'password': 'Password123!', 'sender_first_name': 'Alwin', 'sender_middle_name': 'Levi Brion', 'sender_last_name': 'Zacarias', 'sender_cou...</msg>
<status status="PASS" starttime="20240718 14:05:17.101" endtime="20240718 14:05:17.102"/>
</kw>
<status status="PASS" starttime="20240718 14:05:17.101" endtime="20240718 14:05:17.102"/>
</iter>
<iter>
<var name="${i}">48</var>
<kw name="Set To Dictionary" library="Collections">
<var>${parameter_dictionary}</var>
<arg>${parameter_dictionary}</arg>
<arg>${list[0]}[${i}]=${list[${row_index}]}[${i}]</arg>
<doc>Adds the given ``key_value_pairs`` and/or ``items`` to the ``dictionary``.</doc>
<msg timestamp="20240718 14:05:17.102" level="INFO">${parameter_dictionary} = {'environment': 'Dev', 'username': 'ezekiel.isidro+4@pdax.ph', 'password': 'Password123!', 'sender_first_name': 'Alwin', 'sender_middle_name': 'Levi Brion', 'sender_last_name': 'Zacarias', 'sender_cou...</msg>
<status status="PASS" starttime="20240718 14:05:17.102" endtime="20240718 14:05:17.102"/>
</kw>
<status status="PASS" starttime="20240718 14:05:17.102" endtime="20240718 14:05:17.102"/>
</iter>
<iter>
<var name="${i}">49</var>
<kw name="Set To Dictionary" library="Collections">
<var>${parameter_dictionary}</var>
<arg>${parameter_dictionary}</arg>
<arg>${list[0]}[${i}]=${list[${row_index}]}[${i}]</arg>
<doc>Adds the given ``key_value_pairs`` and/or ``items`` to the ``dictionary``.</doc>
<msg timestamp="20240718 14:05:17.103" level="INFO">${parameter_dictionary} = {'environment': 'Dev', 'username': 'ezekiel.isidro+4@pdax.ph', 'password': 'Password123!', 'sender_first_name': 'Alwin', 'sender_middle_name': 'Levi Brion', 'sender_last_name': 'Zacarias', 'sender_cou...</msg>
<status status="PASS" starttime="20240718 14:05:17.102" endtime="20240718 14:05:17.103"/>
</kw>
<status status="PASS" starttime="20240718 14:05:17.102" endtime="20240718 14:05:17.103"/>
</iter>
<iter>
<var name="${i}">50</var>
<kw name="Set To Dictionary" library="Collections">
<var>${parameter_dictionary}</var>
<arg>${parameter_dictionary}</arg>
<arg>${list[0]}[${i}]=${list[${row_index}]}[${i}]</arg>
<doc>Adds the given ``key_value_pairs`` and/or ``items`` to the ``dictionary``.</doc>
<msg timestamp="20240718 14:05:17.104" level="INFO">${parameter_dictionary} = {'environment': 'Dev', 'username': 'ezekiel.isidro+4@pdax.ph', 'password': 'Password123!', 'sender_first_name': 'Alwin', 'sender_middle_name': 'Levi Brion', 'sender_last_name': 'Zacarias', 'sender_cou...</msg>
<status status="PASS" starttime="20240718 14:05:17.103" endtime="20240718 14:05:17.104"/>
</kw>
<status status="PASS" starttime="20240718 14:05:17.103" endtime="20240718 14:05:17.104"/>
</iter>
<iter>
<var name="${i}">51</var>
<kw name="Set To Dictionary" library="Collections">
<var>${parameter_dictionary}</var>
<arg>${parameter_dictionary}</arg>
<arg>${list[0]}[${i}]=${list[${row_index}]}[${i}]</arg>
<doc>Adds the given ``key_value_pairs`` and/or ``items`` to the ``dictionary``.</doc>
<msg timestamp="20240718 14:05:17.105" level="INFO">${parameter_dictionary} = {'environment': 'Dev', 'username': 'ezekiel.isidro+4@pdax.ph', 'password': 'Password123!', 'sender_first_name': 'Alwin', 'sender_middle_name': 'Levi Brion', 'sender_last_name': 'Zacarias', 'sender_cou...</msg>
<status status="PASS" starttime="20240718 14:05:17.104" endtime="20240718 14:05:17.105"/>
</kw>
<status status="PASS" starttime="20240718 14:05:17.104" endtime="20240718 14:05:17.105"/>
</iter>
<iter>
<var name="${i}">52</var>
<kw name="Set To Dictionary" library="Collections">
<var>${parameter_dictionary}</var>
<arg>${parameter_dictionary}</arg>
<arg>${list[0]}[${i}]=${list[${row_index}]}[${i}]</arg>
<doc>Adds the given ``key_value_pairs`` and/or ``items`` to the ``dictionary``.</doc>
<msg timestamp="20240718 14:05:17.105" level="INFO">${parameter_dictionary} = {'environment': 'Dev', 'username': 'ezekiel.isidro+4@pdax.ph', 'password': 'Password123!', 'sender_first_name': 'Alwin', 'sender_middle_name': 'Levi Brion', 'sender_last_name': 'Zacarias', 'sender_cou...</msg>
<status status="PASS" starttime="20240718 14:05:17.105" endtime="20240718 14:05:17.105"/>
</kw>
<status status="PASS" starttime="20240718 14:05:17.105" endtime="20240718 14:05:17.105"/>
</iter>
<status status="PASS" starttime="20240718 14:05:17.067" endtime="20240718 14:05:17.105"/>
</for>
<status status="PASS" starttime="20240718 14:05:17.064" endtime="20240718 14:05:17.105"/>
</kw>
<kw name="Set Up Environment" library="CommonTools">
<arg>${parameter_dictionary}[environment]</arg>
<kw name="Empty Dictionary" library="CommonTools">
<var>${base_url_dictionary}</var>
<arg>${base_url_dictionary}</arg>
<kw name="Get Dictionary Keys" library="Collections">
<var>${keys}</var>
<arg>${dictionary}</arg>
<doc>Returns keys of the given ``dictionary`` as a list.</doc>
<msg timestamp="20240718 14:05:17.106" level="INFO">${keys} = []</msg>
<status status="PASS" starttime="20240718 14:05:17.106" endtime="20240718 14:05:17.106"/>
</kw>
<kw name="Get Length" library="BuiltIn">
<var>${length}</var>
<arg>${keys}</arg>
<doc>Returns and logs the length of the given item as an integer.</doc>
<msg timestamp="20240718 14:05:17.106" level="INFO">Length is 0</msg>
<msg timestamp="20240718 14:05:17.106" level="INFO">${length} = 0</msg>
<status status="PASS" starttime="20240718 14:05:17.106" endtime="20240718 14:05:17.106"/>
</kw>
<for flavor="IN RANGE">
<var>${index}</var>
<value>0</value>
<value>${length}</value>
<iter>
<var name="${index}"/>
<kw name="Remove From Dictionary" library="Collections">
<arg>${dictionary}</arg>
<arg>${keys}[${index}]</arg>
<doc>Removes the given ``keys`` from the ``dictionary``.</doc>
<status status="NOT RUN" starttime="20240718 14:05:17.106" endtime="20240718 14:05:17.106"/>
</kw>
<status status="NOT RUN" starttime="20240718 14:05:17.106" endtime="20240718 14:05:17.106"/>
</iter>
<status status="NOT RUN" starttime="20240718 14:05:17.106" endtime="20240718 14:05:17.106"/>
</for>
<msg timestamp="20240718 14:05:17.106" level="INFO">${base_url_dictionary} = {}</msg>
<status status="PASS" starttime="20240718 14:05:17.106" endtime="20240718 14:05:17.106"/>
</kw>
<kw name="Set To Dictionary" library="Collections">
<var>${base_url_dictionary}</var>
<arg>${base_url_dictionary}</arg>
<arg>base_url=https://${environment}.services.sandbox.pdax.ph/api/pdax-api/pdax-institution/</arg>
<doc>Adds the given ``key_value_pairs`` and/or ``items`` to the ``dictionary``.</doc>
<msg timestamp="20240718 14:05:17.106" level="INFO">${base_url_dictionary} = {'base_url': 'https://Dev.services.sandbox.pdax.ph/api/pdax-api/pdax-institution/'}</msg>
<status status="PASS" starttime="20240718 14:05:17.106" endtime="20240718 14:05:17.106"/>
</kw>
<status status="PASS" starttime="20240718 14:05:17.106" endtime="20240718 14:05:17.106"/>
</kw>
<kw name="Set To Dictionary" library="Collections">
<var>${login_param}</var>
<arg>${login_param}</arg>
<arg>username=${parameter_dictionary}[username]</arg>
<doc>Adds the given ``key_value_pairs`` and/or ``items`` to the ``dictionary``.</doc>
<msg timestamp="20240718 14:05:17.106" level="INFO">${login_param} = {'username': 'ezekiel.isidro+4@pdax.ph'}</msg>
<status status="PASS" starttime="20240718 14:05:17.106" endtime="20240718 14:05:17.106"/>
</kw>
<kw name="Set To Dictionary" library="Collections">
<var>${login_param}</var>
<arg>${login_param}</arg>
<arg>password=${parameter_dictionary}[password]</arg>
<doc>Adds the given ``key_value_pairs`` and/or ``items`` to the ``dictionary``.</doc>
<msg timestamp="20240718 14:05:17.107" level="INFO">${login_param} = {'username': 'ezekiel.isidro+4@pdax.ph', 'password': 'Password123!'}</msg>
<status status="PASS" starttime="20240718 14:05:17.106" endtime="20240718 14:05:17.107"/>
</kw>
<kw name="Session Exists" library="RequestsLibrary">
<var>${session_exists}</var>
<arg>eisodos_login</arg>
<doc>Return True if the session has been already created</doc>
<msg timestamp="20240718 14:05:17.107" level="INFO">${session_exists} = False</msg>
<status status="PASS" starttime="20240718 14:05:17.107" endtime="20240718 14:05:17.107"/>
</kw>
<if>
<branch type="IF" condition="${session_exists} == False">
<kw name="Create Session" library="RequestsLibrary">
<arg>eisodos_login</arg>
<arg>${base_url_dictionary}[base_url]</arg>
<doc>Create Session: create a HTTP session to a server</doc>
<msg timestamp="20240718 14:05:17.107" level="INFO">Creating Session using : alias=eisodos_login, url=https://Dev.services.sandbox.pdax.ph/api/pdax-api/pdax-institution/, headers={},                     cookies={}, auth=None, timeout=None, proxies=None, verify=False,                     debug=0 </msg>
<status status="PASS" starttime="20240718 14:05:17.107" endtime="20240718 14:05:17.107"/>
</kw>
<status status="PASS" starttime="20240718 14:05:17.107" endtime="20240718 14:05:17.107"/>
</branch>
<status status="PASS" starttime="20240718 14:05:17.107" endtime="20240718 14:05:17.107"/>
</if>
<kw name="POST On Session" library="RequestsLibrary">
<var>${response}</var>
<arg>eisodos_login</arg>
<arg>${endpoint_login}</arg>
<arg>json=${login_param}</arg>
<arg>expected_status=200</arg>
<doc>Sends a POST request on a previously created HTTP Session.</doc>
<msg timestamp="20240718 14:05:18.210" level="INFO">POST Request : url=https://dev.services.sandbox.pdax.ph/api/pdax-api/pdax-institution/v1/login 
 path_url=/api/pdax-api/pdax-institution/v1/login 
 headers={'User-Agent': 'python-requests/2.31.0', 'Accept-Encoding': 'gzip, deflate', 'Accept': '*/*', 'Connection': 'keep-alive', 'Content-Length': '68', 'Content-Type': 'application/json'} 
 body=b'{"username": "ezekiel.isidro+4@pdax.ph", "password": "Password123!"}' 
 </msg>
<msg timestamp="20240718 14:05:18.210" level="INFO">POST Response : url=https://dev.services.sandbox.pdax.ph/api/pdax-api/pdax-institution/v1/login 
 status=200, reason=OK 
 headers={'Date': 'Thu, 18 Jul 2024 06:05:18 GMT', 'Content-Type': 'application/json; charset=utf-8', 'Transfer-Encoding': 'chunked', 'Connection': 'keep-alive', 'Content-Security-Policy': "default-src 'self';base-uri 'self';font-src 'self' https: data:;form-action 'self';frame-ancestors 'self';img-src 'self' data:;object-src 'none';script-src 'self';script-src-attr 'none';style-src 'self' https: 'unsafe-inline';upgrade-insecure-requests", 'Cross-Origin-Opener-Policy': 'same-origin', 'Cross-Origin-Resource-Policy': 'same-origin', 'Origin-Agent-Cluster': '?1', 'Referrer-Policy': 'no-referrer', 'Strict-Transport-Security': 'max-age=15552000; includeSubDomains', 'X-Content-Type-Options': 'nosniff', 'X-DNS-Prefetch-Control': 'off', 'X-Download-Options': 'noopen', 'X-Frame-Options': 'SAMEORIGIN', 'X-Permitted-Cross-Domain-Policies': 'none', 'X-XSS-Protection': '0', 'Access-Control-Allow-Origin': '*', 'Permissions-Policy': '', 'ETag': 'W/"1166-YUq/t/uwaGY9Bn8gYbQ0HbM+GYg"', 'Vary': 'Accept-Encoding', 'Content-Encoding': 'gzip'} 
 body={"email":"ezekiel.isidro+4@pdax.ph","username":"99a57ed4-4beb-4b4e-8d5d-bea296ba79be","groups":["insti_user","exchange_user","insti_admin","otc_admin"],"access_token":"eyJraWQiOiJwTXRndmx1UGQ1ZG5YK2U1MXNLQUFSSUpiTW00TnA5SzFUdlZDK0xLVmY4PSIsImFsZyI6IlJTMjU2In0.eyJzdWIiOiI2M2VjM2JjYi0yMjMzLTQ4MDktYWU3Zi1jNzIyMDczY2UxOTQiLCJjb2duaXRvOmdyb3VwcyI6WyJpbnN0aV91c2VyIiwiZXhjaGFuZ2VfdXNlciIsImluc3RpX2FkbWluIiwib3RjX2FkbWluIl0sImlzcyI6Imh0dHBzOlwvXC9jb2duaXRvLWlkcC5hcC1zb3V0aGVhc3QtMS5hbWF6b25hd3MuY29tXC9hcC1zb3V0aGVhc3QtMV9aMlRrUzhmdFoiLCJjbGllbnRfaWQiOiI2b2p2OWlsbXRnaW1kZHFma3ZoajRtOXZpbSIsIm9yaWdpbl9qdGkiOiIwZmUxY2RmNC1mYmI2LTQ1ZjMtYjI5ZS02ZjdlMjA5MDBmNWQiLCJldmVudF9pZCI6IjliYTdlZDc3LWQ5MGQtNDMwNS1hNGQ4LTc1N2ZhOTA0ODliYiIsInRva2VuX3VzZSI6ImFjY2VzcyIsInNjb3BlIjoiYXdzLmNvZ25pdG8uc2lnbmluLnVzZXIuYWRtaW4iLCJhdXRoX3RpbWUiOjE3MjEyODI3MTgsImV4cCI6MTcyMTI4MzMxOCwiaWF0IjoxNzIxMjgyNzE4LCJqdGkiOiIwZjZkZWQyNi0wM2U1LTRhYTEtYmIwOS01MDk4MzAyMWQwMmIiLCJ1c2VybmFtZSI6Ijk5YTU3ZWQ0LTRiZWItNGI0ZS04ZDVkLWJlYTI5NmJhNzliZSJ9.Cx0tOwBH3_5t4bF4KqEn7HlMeNw-wZesBDwpSMMpNq-X_9M4aBBxswMi7vff8KQn7Mha1uS2_sSubzb4grQN4KVSueKumivzl4fzgoUx0pkoLy4tBjQO3NQC11dzK8WU2AdexLxqIjJczctox1uKwJX74v32V-zY116R8d_vfzc-aS9VyC8HszqTnhPVYFDZu0QwZqX9tVgYIrtolmYiHMZMOKMdiiEEN23F_I2MEPXRVEPCg4QysY-3BRrIPrWikif8molbcxWnrzLyrCkn3f-Hyfhu7HAWoz1EVv7ywyFX6_hVop1-rCbj0WWasjoZEtullZ1VihwIaMPkxjgHQQ","id_token":"eyJraWQiOiJ6dU5uUkVqVmNpUTZ5ektqZEhUOVZoZGZtUzdSSkpzQjQ4ZUZ3S04wdUxZPSIsImFsZyI6IlJTMjU2In0.eyJzdWIiOiI2M2VjM2JjYi0yMjMzLTQ4MDktYWU3Zi1jNzIyMDczY2UxOTQiLCJjb2duaXRvOmdyb3VwcyI6WyJpbnN0aV91c2VyIiwiZXhjaGFuZ2VfdXNlciIsImluc3RpX2FkbWluIiwib3RjX2FkbWluIl0sImVtYWlsX3ZlcmlmaWVkIjp0cnVlLCJpc3MiOiJodHRwczpcL1wvY29nbml0by1pZHAuYXAtc291dGhlYXN0LTEuYW1hem9uYXdzLmNvbVwvYXAtc291dGhlYXN0LTFfWjJUa1M4ZnRaIiwiY29nbml0bzp1c2VybmFtZSI6Ijk5YTU3ZWQ0LTRiZWItNGI0ZS04ZDVkLWJlYTI5NmJhNzliZSIsIm9yaWdpbl9qdGkiOiIwZmUxY2RmNC1mYmI2LTQ1ZjMtYjI5ZS02ZjdlMjA5MDBmNWQiLCJhdWQiOiI2b2p2OWlsbXRnaW1kZHFma3ZoajRtOXZpbSIsImV2ZW50X2lkIjoiOWJhN2VkNzctZDkwZC00MzA1LWE0ZDgtNzU3ZmE5MDQ4OWJiIiwidG9rZW5fdXNlIjoiaWQiLCJhdXRoX3RpbWUiOjE3MjEyODI3MTgsImV4cCI6MTcyMTI4MzMxOCwiaWF0IjoxNzIxMjgyNzE4LCJqdGkiOiIyZmY3MzIxZC0xMjFjLTQ4NjItOGJiZC0wOTdlNzkwNDJjYjEiLCJlbWFpbCI6ImV6ZWtpZWwuaXNpZHJvKzRAcGRheC5waCJ9.p_z-GGxZexOzjyJtCeozvAI7FVMKuWtBq6DJdxqJ_ZOPf7CYcvwbfB1W8rNYxkxnWqf9LRcmnL1b6nWA2PX6ZIXLSbViN-ZzUn_Vzt8qebo7688AxB_hsD_9NX92N6IdGMF0Nph_TrliTZMlaFxZN3ftx1fHuRMvYgNlDv01hG5OIOGms02gPfWythuDVaaHf2WWjSTugcBT7jgSzXkkxGDQedhO_riYhV6G7zpwjRyPgOGZQf6KD8h52hIXYd2rVU24M7sdpAV4k1lR2M-g0arhid9klwox2dS-jYhlSWEZwvNNW_BJYla1hRcjZ_CQTJvpwWNMN6pY5OFRbLkvIw","refresh_token":"eyJjdHkiOiJKV1QiLCJlbmMiOiJBMjU2R0NNIiwiYWxnIjoiUlNBLU9BRVAifQ.eztrocM0v1WFfsyV984wQG8P2yaMRG3ZCcXB1JMb4TDRzMaV0Qn5C_46Zq6iWxGgqKcD-wZTTWgCY3cBIOuWj7LfhCglTd9vqxvUcER1HcLiztV48sH0GJU9ltoBCq4ABTN0L2CEPvdDHGTedWVwC1h1FOjLYEFqreeC8YqB48PbAViN_E3QlAZIQoXKQF86hK2bGoSv6i9YacodRlRDSgvB43f4vscDM6y28zVDotH1nIqLgnFYpgfotCnfA-MfqW-uPUZQeeHGHOgJ4ty3KVgjL0M-tirhaB47u0AOohE1yHH-G6r_3jjQbtq_7-Mj60l8a6MAV2c5wbm6_L344A.uHAdyIJR8Rh23ogu.W7zYjkn6XMZAUh-l8idLMeOuP72GhfUm78KZ5Mdges3RhSbByZcYMOHB3YJcIN4vQj226PSfNNVqpEyHbsgweBTulVOuJXSPlS48BlQfLZWla_uolRDQZGaluc6ionfJEu-sugXCoKp4neYkBQBNn57O-QL-UJhcTtG6b399F6O1qQkM6qWn4nizEdm2BCE5tSzGUjLnVu6qPm0Kh_aEOXvw2wzEq79JJyaVfIwivRK0TkGiWaP98LSL7sr8BKEbrCNaEA-EDiGeiMYNd2s7GqSpV7pj_bLnpDJxOiuPoTQmB7zcCiyXQmoOnGMsRvN5eOtKYlaBx7a-xnLdkyxlt3ISUJdTIzDDopwKupZZYdlYmnGLFjH7amyGJA1bpfoiGvrzpLeBmmvMIzvzaKOCapwc7sbxNdRO_hmPv6O1VNeEWih4krSVhmEusYRsxSuLrjUR9H2lK-By2n82GXpf9Wy27vN5K-01RgyIfAu3P9VYW8yCtxvAkGJtn1_UJ3-R7gRIto-JNXdDcghUCRx0u_K7WeC1utHfkMSASueYV0g75QpYdVTqcbsUBJjtpjvLjxWEpj68i1lwulF7WNg5kbRFdlzCgVUT2YnWkHryKx-W3E-u2IZroyTk6PYAtWXnyS2xtcc-UlgK9GGHLLNvToYAFXGZrXlpSxErarD1xnf6CfReIF28cSobGULSVa9TX9cosOSAwnmLcShnLhxDby6KYMNdfXqhMMeTLjdiuREBDALmIBbZtJtWQv7eZOGAjA3kzJtlso-vZh0cFocqge78_Qa4XHxn8J_-i_lXypNGJCmg1yyDIKzdghnSG0_u4-zIi74bNzjqTGcAWWI2jEpG4g3UyOkF4Ueu4pNBCAJyE5iMWIj_Gvqkcd6RvXXWCZXxRyutALus4wyK38fZmwMiTdxDTWE69pIL7kIDf0Z3FDK-6lOGWj6yirojBZG6Kajei5v99l-JbNjb6vDtrlr0VE8S7uMXnrf-GHmj-cvFpON5ZSlXu9RsddRU5dgawqlN6PaB7QaVy59sODRALvY9EORKmQBbidhXxw40i-wtBndrd5l2tL0gBQAFNo8oljh8VybNi_LBgK4KuGSsq5RFer7DYGizmSi2QVZdAhZZ4c_QVe3CkgbTF0Gqf5liIFqtBInDu-yU_94YExUFIUwIZnugjcIzwBiMy8Jc58Qc8Aexkvp5emyTBztNA3yg8v4lXTj-2zxFjLRXD52_rs1-4GnHoMeMu1q9-WFZOtujTvZm56xzO9tbcv_39O_hMSfzSM6apH_kGagcRv3Kk3iYEtu7guf4xglqArRddCl6YG8eDmalwk7XPyEyMhsYAKs68TAP5fb5oA.P03NBdRspdCyZK0AVLNi-Q","token_type":"Bearer","preferred_mfa":"NOT_SET","expiry":600} 
 </msg>
<msg timestamp="20240718 14:05:18.211" level="INFO">/Users/EDCIsidro/Library/Python/3.11/lib/python/site-packages/urllib3/connectionpool.py:1100: InsecureRequestWarning: Unverified HTTPS request is being made to host 'dev.services.sandbox.pdax.ph'. Adding certificate verification is strongly advised. See: https://urllib3.readthedocs.io/en/latest/advanced-usage.html#tls-warnings
  warnings.warn(</msg>
<msg timestamp="20240718 14:05:18.211" level="INFO">${response} = &lt;Response [200]&gt;</msg>
<status status="PASS" starttime="20240718 14:05:17.107" endtime="20240718 14:05:18.211"/>
</kw>
<if>
<branch type="IF" condition="${response.status_code}==200">
<kw name="Set Variable" library="BuiltIn">
<var>${json}</var>
<arg>${response.json()}</arg>
<doc>Returns the given values which can then be assigned to a variables.</doc>
<msg timestamp="20240718 14:05:18.212" level="INFO">${json} = {'email': 'ezekiel.isidro+4@pdax.ph', 'username': '99a57ed4-4beb-4b4e-8d5d-bea296ba79be', 'groups': ['insti_user', 'exchange_user', 'insti_admin', 'otc_admin'], 'access_token': 'eyJraWQiOiJwTXRndmx1UG...</msg>
<status status="PASS" starttime="20240718 14:05:18.212" endtime="20240718 14:05:18.212"/>
</kw>
<kw name="Get Value From Json" library="JSONLibrary">
<var>${email}</var>
<arg>${json}</arg>
<arg>$..email</arg>
<doc>Get Value From JSON using JSONPath</doc>
<msg timestamp="20240718 14:05:18.242" level="INFO">${email} = ['ezekiel.isidro+4@pdax.ph']</msg>
<status status="PASS" starttime="20240718 14:05:18.212" endtime="20240718 14:05:18.242"/>
</kw>
<kw name="Get Value From Json" library="JSONLibrary">
<var>${username}</var>
<arg>${json}</arg>
<arg>$..username</arg>
<doc>Get Value From JSON using JSONPath</doc>
<msg timestamp="20240718 14:05:18.252" level="INFO">${username} = ['99a57ed4-4beb-4b4e-8d5d-bea296ba79be']</msg>
<status status="PASS" starttime="20240718 14:05:18.242" endtime="20240718 14:05:18.252"/>
</kw>
<kw name="Get Value From Json" library="JSONLibrary">
<var>${access_token}</var>
<arg>${json}</arg>
<arg>$..access_token</arg>
<doc>Get Value From JSON using JSONPath</doc>
<msg timestamp="20240718 14:05:18.261" level="INFO">${access_token} = ['eyJraWQiOiJwTXRndmx1UGQ1ZG5YK2U1MXNLQUFSSUpiTW00TnA5SzFUdlZDK0xLVmY4PSIsImFsZyI6IlJTMjU2In0.eyJzdWIiOiI2M2VjM2JjYi0yMjMzLTQ4MDktYWU3Zi1jNzIyMDczY2UxOTQiLCJjb2duaXRvOmdyb3VwcyI6WyJpbnN0aV91c2VyIiwiZX...</msg>
<status status="PASS" starttime="20240718 14:05:18.252" endtime="20240718 14:05:18.261"/>
</kw>
<kw name="Get Value From Json" library="JSONLibrary">
<var>${id_token}</var>
<arg>${json}</arg>
<arg>$..id_token</arg>
<doc>Get Value From JSON using JSONPath</doc>
<msg timestamp="20240718 14:05:18.270" level="INFO">${id_token} = ['eyJraWQiOiJ6dU5uUkVqVmNpUTZ5ektqZEhUOVZoZGZtUzdSSkpzQjQ4ZUZ3S04wdUxZPSIsImFsZyI6IlJTMjU2In0.eyJzdWIiOiI2M2VjM2JjYi0yMjMzLTQ4MDktYWU3Zi1jNzIyMDczY2UxOTQiLCJjb2duaXRvOmdyb3VwcyI6WyJpbnN0aV91c2VyIiwiZX...</msg>
<status status="PASS" starttime="20240718 14:05:18.261" endtime="20240718 14:05:18.270"/>
</kw>
<kw name="Get Value From Json" library="JSONLibrary">
<var>${refresh_token}</var>
<arg>${json}</arg>
<arg>$..refresh_token</arg>
<doc>Get Value From JSON using JSONPath</doc>
<msg timestamp="20240718 14:05:18.278" level="INFO">${refresh_token} = ['eyJjdHkiOiJKV1QiLCJlbmMiOiJBMjU2R0NNIiwiYWxnIjoiUlNBLU9BRVAifQ.eztrocM0v1WFfsyV984wQG8P2yaMRG3ZCcXB1JMb4TDRzMaV0Qn5C_46Zq6iWxGgqKcD-wZTTWgCY3cBIOuWj7LfhCglTd9vqxvUcER1HcLiztV48sH0GJU9ltoBCq4ABTN0L2C...</msg>
<status status="PASS" starttime="20240718 14:05:18.270" endtime="20240718 14:05:18.278"/>
</kw>
<kw name="Set To Dictionary" library="Collections">
<var>${parameter_dictionary}</var>
<arg>${parameter_dictionary}</arg>
<arg>user_id=${username[0]}</arg>
<doc>Adds the given ``key_value_pairs`` and/or ``items`` to the ``dictionary``.</doc>
<msg timestamp="20240718 14:05:18.278" level="INFO">${parameter_dictionary} = {'environment': 'Dev', 'username': 'ezekiel.isidro+4@pdax.ph', 'password': 'Password123!', 'sender_first_name': 'Alwin', 'sender_middle_name': 'Levi Brion', 'sender_last_name': 'Zacarias', 'sender_cou...</msg>
<status status="PASS" starttime="20240718 14:05:18.278" endtime="20240718 14:05:18.278"/>
</kw>
<kw name="Empty Dictionary" library="CommonTools">
<var>${login_param}</var>
<arg>${login_param}</arg>
<kw name="Get Dictionary Keys" library="Collections">
<var>${keys}</var>
<arg>${dictionary}</arg>
<doc>Returns keys of the given ``dictionary`` as a list.</doc>
<msg timestamp="20240718 14:05:18.278" level="INFO">${keys} = ['password', 'username']</msg>
<status status="PASS" starttime="20240718 14:05:18.278" endtime="20240718 14:05:18.278"/>
</kw>
<kw name="Get Length" library="BuiltIn">
<var>${length}</var>
<arg>${keys}</arg>
<doc>Returns and logs the length of the given item as an integer.</doc>
<msg timestamp="20240718 14:05:18.278" level="INFO">Length is 2</msg>
<msg timestamp="20240718 14:05:18.278" level="INFO">${length} = 2</msg>
<status status="PASS" starttime="20240718 14:05:18.278" endtime="20240718 14:05:18.278"/>
</kw>
<for flavor="IN RANGE">
<var>${index}</var>
<value>0</value>
<value>${length}</value>
<iter>
<var name="${index}">0</var>
<kw name="Remove From Dictionary" library="Collections">
<arg>${dictionary}</arg>
<arg>${keys}[${index}]</arg>
<doc>Removes the given ``keys`` from the ``dictionary``.</doc>
<msg timestamp="20240718 14:05:18.279" level="INFO">Removed item with key 'password' and value 'Password123!'.</msg>
<status status="PASS" starttime="20240718 14:05:18.279" endtime="20240718 14:05:18.279"/>
</kw>
<status status="PASS" starttime="20240718 14:05:18.279" endtime="20240718 14:05:18.279"/>
</iter>
<iter>
<var name="${index}">1</var>
<kw name="Remove From Dictionary" library="Collections">
<arg>${dictionary}</arg>
<arg>${keys}[${index}]</arg>
<doc>Removes the given ``keys`` from the ``dictionary``.</doc>
<msg timestamp="20240718 14:05:18.279" level="INFO">Removed item with key 'username' and value 'ezekiel.isidro+4@pdax.ph'.</msg>
[...]
<status status="PASS" starttime="20240718 14:05:18.281" endtime="20240718 14:05:18.281"/>
</kw>
<kw name="Remove From Dictionary" library="Collections">
<arg>${fiat_out_payload}</arg>
<arg>environment</arg>
<arg>username</arg>
<arg>password</arg>
<arg>status_code</arg>
<arg>expected_error</arg>
<arg>user_email</arg>
<doc>Removes the given ``keys`` from the ``dictionary``.</doc>
<msg timestamp="20240718 14:05:18.281" level="INFO">Removed item with key 'environment' and value 'Dev'.</msg>
<msg timestamp="20240718 14:05:18.281" level="INFO">Removed item with key 'username' and value 'ezekiel.isidro+4@pdax.ph'.</msg>
<msg timestamp="20240718 14:05:18.281" level="INFO">Removed item with key 'password' and value 'Password123!'.</msg>
<msg timestamp="20240718 14:05:18.282" level="INFO">Removed item with key 'status_code' and value '200'.</msg>
<msg timestamp="20240718 14:05:18.282" level="INFO">Removed item with key 'expected_error' and value 'no error'.</msg>
<msg timestamp="20240718 14:05:18.282" level="INFO">Key 'user_email' not found.</msg>
<status status="PASS" starttime="20240718 14:05:18.281" endtime="20240718 14:05:18.282"/>
</kw>
<kw name="Log" library="BuiltIn">
<arg>${parameter_dictionary}</arg>
<doc>Logs the given message with the given level.</doc>
<msg timestamp="20240718 14:05:18.282" level="INFO">{'environment': 'Dev', 'username': 'ezekiel.isidro+4@pdax.ph', 'password': 'Password123!', 'sender_first_name': 'Alwin', 'sender_middle_name': 'Levi Brion', 'sender_last_name': 'Zacarias', 'sender_country_origin': 'Philippines', 'sender_address_line_one': '', 'sender_address_line_two': '', 'sender_city': '', 'sender_zip_code': '', 'sender_province': '', 'sender_country': '', 'sender_phone_number': '639154568798', 'sender_nationality': '', 'sender_national_identity_number': '', 'sender_dob': '', 'sender_place_of_birth': '', 'sender_email': '', 'source_of_funds': 'Business Income', 'beneficiary_first_name': 'JAMLESTER', 'beneficiary_middle_name': 'NA', 'beneficiary_last_name': 'YABUT', 'beneficiary_sex': '', 'beneficiary_nationality': 'Filipino', 'beneficiary_account_name': 'JAMLESTER TINAGAN YABUT', 'beneficiary_account_number': '109594481946', 'beneficiary_address_line_one': '', 'beneficiary_address_line_two': '', 'beneficiary_barangay': '', 'beneficiary_city': '', 'beneficiary_province': '', 'beneficiary_zip_code': '', 'beneficiary_government_issued_id': '', 'beneficiary_phone_number': '', 'purpose': 'Business Expense/Employee Remittance', 'relationship_of_sender_to_beneficiary': 'Business', 'currency': 'PHP', 'amount': 300.0, 'fee_type': 'Beneficiary', 'method': 'PAY-TO-ACCOUNT-REAL-TIME', 'beneficiary_bank_code': 'BAUBPPH', 'instructions': 'Pay fee for partly work', 'channel_down': 'null', 'ubp_partner_cashout': 'supported', 'paymaya_wallet': 'unsupported', 'instapay_emi_p2p_cashout': 'supported', 'InstaPay': 'supported', 'pesonet': 'supported', 'status_code': '200', 'expected_error': 'no error', 'user_id': '99a57ed4-4beb-4b4e-8d5d-bea296ba79be', 'identifier': '3c7dd5fe-7232-4ac0-9980-8165e52ae048'}</msg>
<status status="PASS" starttime="20240718 14:05:18.282" endtime="20240718 14:05:18.282"/>
</kw>
<kw name="Log" library="BuiltIn">
<arg>${fiat_out_payload}</arg>
<doc>Logs the given message with the given level.</doc>
<msg timestamp="20240718 14:05:18.282" level="INFO">{'sender_first_name': 'Alwin', 'sender_middle_name': 'Levi Brion', 'sender_last_name': 'Zacarias', 'sender_country_origin': 'Philippines', 'sender_address_line_one': '', 'sender_address_line_two': '', 'sender_city': '', 'sender_zip_code': '', 'sender_province': '', 'sender_country': '', 'sender_phone_number': '639154568798', 'sender_nationality': '', 'sender_national_identity_number': '', 'sender_dob': '', 'sender_place_of_birth': '', 'sender_email': '', 'source_of_funds': 'Business Income', 'beneficiary_first_name': 'JAMLESTER', 'beneficiary_middle_name': 'NA', 'beneficiary_last_name': 'YABUT', 'beneficiary_sex': '', 'beneficiary_nationality': 'Filipino', 'beneficiary_account_name': 'JAMLESTER TINAGAN YABUT', 'beneficiary_account_number': '109594481946', 'beneficiary_address_line_one': '', 'beneficiary_address_line_two': '', 'beneficiary_barangay': '', 'beneficiary_city': '', 'beneficiary_province': '', 'beneficiary_zip_code': '', 'beneficiary_government_issued_id': '', 'beneficiary_phone_number': '', 'purpose': 'Business Expense/Employee Remittance', 'relationship_of_sender_to_beneficiary': 'Business', 'currency': 'PHP', 'amount': 300.0, 'fee_type': 'Beneficiary', 'method': 'PAY-TO-ACCOUNT-REAL-TIME', 'beneficiary_bank_code': 'BAUBPPH', 'instructions': 'Pay fee for partly work', 'channel_down': 'null', 'ubp_partner_cashout': 'supported', 'paymaya_wallet': 'unsupported', 'instapay_emi_p2p_cashout': 'supported', 'InstaPay': 'supported', 'pesonet': 'supported', 'user_id': '99a57ed4-4beb-4b4e-8d5d-bea296ba79be', 'identifier': '3c7dd5fe-7232-4ac0-9980-8165e52ae048'}</msg>
<status status="PASS" starttime="20240718 14:05:18.282" endtime="20240718 14:05:18.282"/>
</kw>
<kw name="POST On Session" library="RequestsLibrary">
<var>${response}</var>
<arg>eisodos_login</arg>
<arg>${endpoint_fiat_out}</arg>
<arg>headers=${login_param}</arg>
<arg>json=${fiat_out_payload}</arg>
<arg>expected_status=${parameter_dictionary}[status_code]</arg>
<doc>Sends a POST request on a previously created HTTP Session.</doc>
<msg timestamp="20240718 14:05:30.957" level="INFO">POST Request : url=https://dev.services.sandbox.pdax.ph/api/pdax-api/pdax-institution/v1/fiat/withdraw 
 path_url=/api/pdax-api/pdax-institution/v1/fiat/withdraw 
 headers={'User-Agent': 'python-requests/2.31.0', 'Accept-Encoding': 'gzip, deflate', 'Accept': '*/*', 'Connection': 'keep-alive', 'Authorization': 'Bearer eyJraWQiOiJ6dU5uUkVqVmNpUTZ5ektqZEhUOVZoZGZtUzdSSkpzQjQ4ZUZ3S04wdUxZPSIsImFsZyI6IlJTMjU2In0.eyJzdWIiOiI2M2VjM2JjYi0yMjMzLTQ4MDktYWU3Zi1jNzIyMDczY2UxOTQiLCJjb2duaXRvOmdyb3VwcyI6WyJpbnN0aV91c2VyIiwiZXhjaGFuZ2VfdXNlciIsImluc3RpX2FkbWluIiwib3RjX2FkbWluIl0sImVtYWlsX3ZlcmlmaWVkIjp0cnVlLCJpc3MiOiJodHRwczpcL1wvY29nbml0by1pZHAuYXAtc291dGhlYXN0LTEuYW1hem9uYXdzLmNvbVwvYXAtc291dGhlYXN0LTFfWjJUa1M4ZnRaIiwiY29nbml0bzp1c2VybmFtZSI6Ijk5YTU3ZWQ0LTRiZWItNGI0ZS04ZDVkLWJlYTI5NmJhNzliZSIsIm9yaWdpbl9qdGkiOiIwZmUxY2RmNC1mYmI2LTQ1ZjMtYjI5ZS02ZjdlMjA5MDBmNWQiLCJhdWQiOiI2b2p2OWlsbXRnaW1kZHFma3ZoajRtOXZpbSIsImV2ZW50X2lkIjoiOWJhN2VkNzctZDkwZC00MzA1LWE0ZDgtNzU3ZmE5MDQ4OWJiIiwidG9rZW5fdXNlIjoiaWQiLCJhdXRoX3RpbWUiOjE3MjEyODI3MTgsImV4cCI6MTcyMTI4MzMxOCwiaWF0IjoxNzIxMjgyNzE4LCJqdGkiOiIyZmY3MzIxZC0xMjFjLTQ4NjItOGJiZC0wOTdlNzkwNDJjYjEiLCJlbWFpbCI6ImV6ZWtpZWwuaXNpZHJvKzRAcGRheC5waCJ9.p_z-GGxZexOzjyJtCeozvAI7FVMKuWtBq6DJdxqJ_ZOPf7CYcvwbfB1W8rNYxkxnWqf9LRcmnL1b6nWA2PX6ZIXLSbViN-ZzUn_Vzt8qebo7688AxB_hsD_9NX92N6IdGMF0Nph_TrliTZMlaFxZN3ftx1fHuRMvYgNlDv01hG5OIOGms02gPfWythuDVaaHf2WWjSTugcBT7jgSzXkkxGDQedhO_riYhV6G7zpwjRyPgOGZQf6KD8h52hIXYd2rVU24M7sdpAV4k1lR2M-g0arhid9klwox2dS-jYhlSWEZwvNNW_BJYla1hRcjZ_CQTJvpwWNMN6pY5OFRbLkvIw', 'access_token': 'eyJraWQiOiJwTXRndmx1UGQ1ZG5YK2U1MXNLQUFSSUpiTW00TnA5SzFUdlZDK0xLVmY4PSIsImFsZyI6IlJTMjU2In0.eyJzdWIiOiI2M2VjM2JjYi0yMjMzLTQ4MDktYWU3Zi1jNzIyMDczY2UxOTQiLCJjb2duaXRvOmdyb3VwcyI6WyJpbnN0aV91c2VyIiwiZXhjaGFuZ2VfdXNlciIsImluc3RpX2FkbWluIiwib3RjX2FkbWluIl0sImlzcyI6Imh0dHBzOlwvXC9jb2duaXRvLWlkcC5hcC1zb3V0aGVhc3QtMS5hbWF6b25hd3MuY29tXC9hcC1zb3V0aGVhc3QtMV9aMlRrUzhmdFoiLCJjbGllbnRfaWQiOiI2b2p2OWlsbXRnaW1kZHFma3ZoajRtOXZpbSIsIm9yaWdpbl9qdGkiOiIwZmUxY2RmNC1mYmI2LTQ1ZjMtYjI5ZS02ZjdlMjA5MDBmNWQiLCJldmVudF9pZCI6IjliYTdlZDc3LWQ5MGQtNDMwNS1hNGQ4LTc1N2ZhOTA0ODliYiIsInRva2VuX3VzZSI6ImFjY2VzcyIsInNjb3BlIjoiYXdzLmNvZ25pdG8uc2lnbmluLnVzZXIuYWRtaW4iLCJhdXRoX3RpbWUiOjE3MjEyODI3MTgsImV4cCI6MTcyMTI4MzMxOCwiaWF0IjoxNzIxMjgyNzE4LCJqdGkiOiIwZjZkZWQyNi0wM2U1LTRhYTEtYmIwOS01MDk4MzAyMWQwMmIiLCJ1c2VybmFtZSI6Ijk5YTU3ZWQ0LTRiZWItNGI0ZS04ZDVkLWJlYTI5NmJhNzliZSJ9.Cx0tOwBH3_5t4bF4KqEn7HlMeNw-wZesBDwpSMMpNq-X_9M4aBBxswMi7vff8KQn7Mha1uS2_sSubzb4grQN4KVSueKumivzl4fzgoUx0pkoLy4tBjQO3NQC11dzK8WU2AdexLxqIjJczctox1uKwJX74v32V-zY116R8d_vfzc-aS9VyC8HszqTnhPVYFDZu0QwZqX9tVgYIrtolmYiHMZMOKMdiiEEN23F_I2MEPXRVEPCg4QysY-3BRrIPrWikif8molbcxWnrzLyrCkn3f-Hyfhu7HAWoz1EVv7ywyFX6_hVop1-rCbj0WWasjoZEtullZ1VihwIaMPkxjgHQQ', 'id_token': 'eyJraWQiOiJ6dU5uUkVqVmNpUTZ5ektqZEhUOVZoZGZtUzdSSkpzQjQ4ZUZ3S04wdUxZPSIsImFsZyI6IlJTMjU2In0.eyJzdWIiOiI2M2VjM2JjYi0yMjMzLTQ4MDktYWU3Zi1jNzIyMDczY2UxOTQiLCJjb2duaXRvOmdyb3VwcyI6WyJpbnN0aV91c2VyIiwiZXhjaGFuZ2VfdXNlciIsImluc3RpX2FkbWluIiwib3RjX2FkbWluIl0sImVtYWlsX3ZlcmlmaWVkIjp0cnVlLCJpc3MiOiJodHRwczpcL1wvY29nbml0by1pZHAuYXAtc291dGhlYXN0LTEuYW1hem9uYXdzLmNvbVwvYXAtc291dGhlYXN0LTFfWjJUa1M4ZnRaIiwiY29nbml0bzp1c2VybmFtZSI6Ijk5YTU3ZWQ0LTRiZWItNGI0ZS04ZDVkLWJlYTI5NmJhNzliZSIsIm9yaWdpbl9qdGkiOiIwZmUxY2RmNC1mYmI2LTQ1ZjMtYjI5ZS02ZjdlMjA5MDBmNWQiLCJhdWQiOiI2b2p2OWlsbXRnaW1kZHFma3ZoajRtOXZpbSIsImV2ZW50X2lkIjoiOWJhN2VkNzctZDkwZC00MzA1LWE0ZDgtNzU3ZmE5MDQ4OWJiIiwidG9rZW5fdXNlIjoiaWQiLCJhdXRoX3RpbWUiOjE3MjEyODI3MTgsImV4cCI6MTcyMTI4MzMxOCwiaWF0IjoxNzIxMjgyNzE4LCJqdGkiOiIyZmY3MzIxZC0xMjFjLTQ4NjItOGJiZC0wOTdlNzkwNDJjYjEiLCJlbWFpbCI6ImV6ZWtpZWwuaXNpZHJvKzRAcGRheC5waCJ9.p_z-GGxZexOzjyJtCeozvAI7FVMKuWtBq6DJdxqJ_ZOPf7CYcvwbfB1W8rNYxkxnWqf9LRcmnL1b6nWA2PX6ZIXLSbViN-ZzUn_Vzt8qebo7688AxB_hsD_9NX92N6IdGMF0Nph_TrliTZMlaFxZN3ftx1fHuRMvYgNlDv01hG5OIOGms02gPfWythuDVaaHf2WWjSTugcBT7jgSzXkkxGDQedhO_riYhV6G7zpwjRyPgOGZQf6KD8h52hIXYd2rVU24M7sdpAV4k1lR2M-g0arhid9klwox2dS-jYhlSWEZwvNNW_BJYla1hRcjZ_CQTJvpwWNMN6pY5OFRbLkvIw', 'Content-Length': '1589', 'Content-Type': 'application/json'} 
 body=b'{"sender_first_name": "Alwin", "sender_middle_name": "Levi Brion", "sender_last_name": "Zacarias", "sender_country_origin": "Philippines", "sender_address_line_one": "", "sender_address_line_two": "", "sender_city": "", "sender_zip_code": "", "sender_province": "", "sender_country": "", "sender_phone_number": "639154568798", "sender_nationality": "", "sender_national_identity_number": "", "sender_dob": "", "sender_place_of_birth": "", "sender_email": "", "source_of_funds": "Business Income", "beneficiary_first_name": "JAMLESTER", "beneficiary_middle_name": "NA", "beneficiary_last_name": "YABUT", "beneficiary_sex": "", "beneficiary_nationality": "Filipino", "beneficiary_account_name": "JAMLESTER TINAGAN YABUT", "beneficiary_account_number": "109594481946", "beneficiary_address_line_one": "", "beneficiary_address_line_two": "", "beneficiary_barangay": "", "beneficiary_city": "", "beneficiary_province": "", "beneficiary_zip_code": "", "beneficiary_government_issued_id": "", "beneficiary_phone_number": "", "purpose": "Business Expense/Employee Remittance", "relationship_of_sender_to_beneficiary": "Business", "currency": "PHP", "amount": 300.0, "fee_type": "Beneficiary", "method": "PAY-TO-ACCOUNT-REAL-TIME", "beneficiary_bank_code": "BAUBPPH", "instructions": "Pay fee for partly work", "channel_down": "null", "ubp_partner_cashout": "supported", "paymaya_wallet": "unsupported", "instapay_emi_p2p_cashout": "supported", "InstaPay": "supported", "pesonet": "supported", "user_id": "99a57ed4-4beb-4b4e-8d5d-bea296ba79be", "identifier": "3c7dd5fe-7232-4ac0-9980-8165e52ae048"}' 
 </msg>
<msg timestamp="20240718 14:05:30.958" level="INFO">POST Response : url=https://dev.services.sandbox.pdax.ph/api/pdax-api/pdax-institution/v1/fiat/withdraw 
 status=400, reason=Bad Request 
 headers={'Date': 'Thu, 18 Jul 2024 06:05:31 GMT', 'Content-Type': 'application/json; charset=utf-8', 'Content-Length': '691', 'Connection': 'keep-alive', 'Content-Security-Policy': "default-src 'self';base-uri 'self';font-src 'self' https: data:;form-action 'self';frame-ancestors 'self';img-src 'self' data:;object-src 'none';script-src 'self';script-src-attr 'none';style-src 'self' https: 'unsafe-inline';upgrade-insecure-requests", 'Cross-Origin-Opener-Policy': 'same-origin', 'Cross-Origin-Resource-Policy': 'same-origin', 'Origin-Agent-Cluster': '?1', 'Referrer-Policy': 'no-referrer', 'Strict-Transport-Security': 'max-age=15552000; includeSubDomains', 'X-Content-Type-Options': 'nosniff', 'X-DNS-Prefetch-Control': 'off', 'X-Download-Options': 'noopen', 'X-Frame-Options': 'SAMEORIGIN', 'X-Permitted-Cross-Domain-Policies': 'none', 'X-XSS-Protection': '0', 'Access-Control-Allow-Origin': '*', 'Permissions-Policy': '', 'ETag': 'W/"2b3-Z0vUuKxTkOCt0a8d36V+Qe06psA"', 'Vary': 'Accept-Encoding'} 
 body={"data":{"request_id":"","identifier":"3c7dd5fe-7232-4ac0-9980-8165e52ae048","amount":300,"method":"PAY-TO-ACCOUNT-REAL-TIME","retry_methods":[{"request_id":"e24d788c-5952-4cef-86fb-2ebd4f776d31","channel":"ubp_partner_cashout","status":"failed","fail_reason":"Account is locked","time":"2024-07-18T06:05:31.106Z"},{"request_id":"3c5f5d66-e62a-4d59-9ef0-48b3ad9a3757","channel":"instapay_emi_p2p_cashout","status":"failed","fail_reason":"Account is locked","time":"2024-07-18T06:05:31.106Z"},{"request_id":"ec8f3a40-e9c1-4bcf-80d2-707e9f9d1164","channel":"instapay","status":"failed","fail_reason":"Account is locked","time":"2024-07-18T06:05:31.106Z"}],"status":"FAILED"},"status":"failed"} 
 </msg>
<msg timestamp="20240718 14:05:30.958" level="INFO">/Users/EDCIsidro/Library/Python/3.11/lib/python/site-packages/urllib3/connectionpool.py:1100: InsecureRequestWarning: Unverified HTTPS request is being made to host 'dev.services.sandbox.pdax.ph'. Adding certificate verification is strongly advised. See: https://urllib3.readthedocs.io/en/latest/advanced-usage.html#tls-warnings
  warnings.warn(</msg>
<msg timestamp="20240718 14:05:30.959" level="FAIL">Url: https://dev.services.sandbox.pdax.ph/api/pdax-api/pdax-institution/v1/fiat/withdraw Expected status: 400 != 200</msg>
<status status="FAIL" starttime="20240718 14:05:18.282" endtime="20240718 14:05:30.965"/>
</kw>
<kw name="Set Variable" library="BuiltIn">
<var>${json}</var>
<arg>${response.json()}</arg>
<doc>Returns the given values which can then be assigned to a variables.</doc>
<status status="NOT RUN" starttime="20240718 14:05:30.966" endtime="20240718 14:05:30.966"/>
</kw>
<kw name="Log" library="BuiltIn">
<arg>${fiat_out_payload}</arg>
<doc>Logs the given message with the given level.</doc>
<status status="NOT RUN" starttime="20240718 14:05:30.966" endtime="20240718 14:05:30.966"/>
</kw>
<if>
<branch type="IF" condition="&quot;${parameter_dictionary}[expected_error]&quot;==&quot;no error&quot;">
<kw name="Get Value From Json" library="JSONLibrary">
<var>${identifier}</var>
<arg>${json}</arg>
<arg>$..data.identifier</arg>
<doc>Get Value From JSON using JSONPath</doc>
<status status="NOT RUN" starttime="20240718 14:05:30.966" endtime="20240718 14:05:30.966"/>
</kw>
<kw name="Get Value From Json" library="JSONLibrary">
<var>${reference_number}</var>
<arg>${json}</arg>
<arg>$..data.reference_number</arg>
<doc>Get Value From JSON using JSONPath</doc>
<status status="NOT RUN" starttime="20240718 14:05:30.966" endtime="20240718 14:05:30.966"/>
</kw>
<kw name="Get Value From Json" library="JSONLibrary">
<var>${amount}</var>
<arg>${json}</arg>
<arg>$..data.amount</arg>
<doc>Get Value From JSON using JSONPath</doc>
<status status="NOT RUN" starttime="20240718 14:05:30.966" endtime="20240718 14:05:30.967"/>
</kw>
<kw name="Get Value From Json" library="JSONLibrary">
<var>${method}</var>
<arg>${json}</arg>
<arg>$..data.method</arg>
<doc>Get Value From JSON using JSONPath</doc>
<status status="NOT RUN" starttime="20240718 14:05:30.967" endtime="20240718 14:05:30.967"/>
</kw>
<kw name="Get Value From Json" library="JSONLibrary">
<var>${fee}</var>
<arg>${json}</arg>
<arg>$..data.fee</arg>
<doc>Get Value From JSON using JSONPath</doc>
<status status="NOT RUN" starttime="20240718 14:05:30.967" endtime="20240718 14:05:30.967"/>
</kw>
<kw name="Get Value From Json" library="JSONLibrary">
<var>${status}</var>
<arg>${json}</arg>
<arg>$..data.status</arg>
<doc>Get Value From JSON using JSONPath</doc>
<status status="NOT RUN" starttime="20240718 14:05:30.967" endtime="20240718 14:05:30.967"/>
</kw>
<kw name="Get Value From Json" library="JSONLibrary">
<var>${status_2}</var>
<arg>${json}</arg>
<arg>$..status</arg>
<doc>Get Value From JSON using JSONPath</doc>
<status status="NOT RUN" starttime="20240718 14:05:30.967" endtime="20240718 14:05:30.967"/>
</kw>
<kw name="Set To Dictionary" library="Collections">
<var>${fiat_out_response}</var>
<arg>${fiat_out_response}</arg>
<arg>identifier=${identifier[0]}</arg>
<doc>Adds the given ``key_value_pairs`` and/or ``items`` to the ``dictionary``.</doc>
<status status="NOT RUN" starttime="20240718 14:05:30.967" endtime="20240718 14:05:30.967"/>
</kw>
<kw name="Set To Dictionary" library="Collections">
<var>${fiat_out_response}</var>
<arg>${fiat_out_response}</arg>
<arg>reference_number=${reference_number}</arg>
<doc>Adds the given ``key_value_pairs`` and/or ``items`` to the ``dictionary``.</doc>
<status status="NOT RUN" starttime="20240718 14:05:30.967" endtime="20240718 14:05:30.967"/>
</kw>
<kw name="Set To Dictionary" library="Collections">
<var>${fiat_out_response}</var>
<arg>${fiat_out_response}</arg>
<arg>amount=${amount[0]}</arg>
<doc>Adds the given ``key_value_pairs`` and/or ``items`` to the ``dictionary``.</doc>
<status status="NOT RUN" starttime="20240718 14:05:30.968" endtime="20240718 14:05:30.968"/>
</kw>
<kw name="Set To Dictionary" library="Collections">
<var>${fiat_out_response}</var>
<arg>${fiat_out_response}</arg>
<arg>method=${method[0]}</arg>
<doc>Adds the given ``key_value_pairs`` and/or ``items`` to the ``dictionary``.</doc>
<status status="NOT RUN" starttime="20240718 14:05:30.968" endtime="20240718 14:05:30.968"/>
</kw>
<kw name="Set To Dictionary" library="Collections">
<var>${fiat_out_response}</var>
<arg>${fiat_out_response}</arg>
<arg>fee=${fee[0]}</arg>
<doc>Adds the given ``key_value_pairs`` and/or ``items`` to the ``dictionary``.</doc>
<status status="NOT RUN" starttime="20240718 14:05:30.968" endtime="20240718 14:05:30.968"/>
</kw>
<kw name="Set To Dictionary" library="Collections">
<var>${fiat_out_response}</var>
<arg>${fiat_out_response}</arg>
<arg>status=${status[0]}</arg>
<doc>Adds the given ``key_value_pairs`` and/or ``items`` to the ``dictionary``.</doc>
<status status="NOT RUN" starttime="20240718 14:05:30.968" endtime="20240718 14:05:30.968"/>
</kw>
<status status="NOT RUN" starttime="20240718 14:05:30.966" endtime="20240718 14:05:30.968"/>
</branch>
<status status="NOT RUN" starttime="20240718 14:05:30.966" endtime="20240718 14:05:30.968"/>
</if>
<kw name="Log" library="BuiltIn">
<arg>${fiat_out_response}</arg>
<doc>Logs the given message with the given level.</doc>
<status status="NOT RUN" starttime="20240718 14:05:30.968" endtime="20240718 14:05:30.968"/>
</kw>
<status status="FAIL" starttime="20240718 14:05:17.064" endtime="20240718 14:05:30.968"/>
</kw>
<kw name="Log" library="BuiltIn">
<arg>${response}</arg>
<doc>Logs the given message with the given level.</doc>
<status status="NOT RUN" starttime="20240718 14:05:30.969" endtime="20240718 14:05:30.969"/>
</kw>
<tag>FiatOut</tag>
<tag>FiatOut:TC1</tag>
<status status="FAIL" starttime="20240718 14:05:17.064" endtime="20240718 14:05:30.969">Url: https://dev.services.sandbox.pdax.ph/api/pdax-api/pdax-institution/v1/fiat/withdraw Expected status: 400 != 200</status>
</test>
<doc>[API Testing] PDAX Insti : Fiat Out
Run Code : robot -d Output -i FiatOut Tests/Insti/Withdrawal</doc>
<status status="FAIL" starttime="20240718 14:05:16.921" endtime="20240718 14:05:30.970"/>
</suite>
<status status="FAIL" starttime="20240718 14:05:16.912" endtime="20240718 14:05:30.971"/>
</suite>
<statistics>
<total>
<stat pass="0" fail="1" skip="0">All Tests</stat>
</total>
<tag>
<stat pass="0" fail="1" skip="0">FiatOut</stat>
<stat pass="0" fail="1" skip="0">FiatOut:TC1</stat>
</tag>
<suite>
<stat pass="0" fail="1" skip="0" id="s1" name="Withdrawal">Withdrawal</stat>
<stat pass="0" fail="1" skip="0" id="s1-s1" name="FiatOut">Withdrawal.FiatOut</stat>
</suite>
</statistics>
<errors>
</errors>
</robot>
