<?xml version="1.0" encoding="UTF-8"?>
<robot generator="Robot 6.1.1 (Python 3.11.5 on darwin)" generated="20240402 15:09:38.777" rpa="false" schemaversion="4">
<suite id="s1" name="PDAX-Insti" source="/Users/EDCIsidro/PycharmProjects/PDAX-Insti">
<suite id="s1-s1" name="Tests" source="/Users/EDCIsidro/PycharmProjects/PDAX-Insti/Tests">
<suite id="s1-s1-s1" name="Insti" source="/Users/EDCIsidro/PycharmProjects/PDAX-Insti/Tests/Insti">
<suite id="s1-s1-s1-s1" name="Withdrawal" source="/Users/EDCIsidro/PycharmProjects/PDAX-Insti/Tests/Insti/Withdrawal">
<suite id="s1-s1-s1-s1-s1" name="FiatOut" source="/Users/EDCIsidro/PycharmProjects/PDAX-Insti/Tests/Insti/Withdrawal/FiatOut.robot">
<test id="s1-s1-s1-s1-s1-t1" name="TC1 : Fiat Out : Successful Request : Status Code Check 200" line="12">
<kw name="Fiat Out" library="FiatOut">
<var>${response}</var>
<arg>1</arg>
<arg>${column_offset}</arg>
<arg>${column}</arg>
<kw name="Eisodos Login" library="Login">
<arg>${csv_path}</arg>
<arg>${row_index}</arg>
<arg>${column_index}</arg>
<arg>${param_count}</arg>
<kw name="Get CSV for Specific Parameters" library="CommonTools">
<arg>${csv_path}</arg>
<arg>${row_index}</arg>
<arg>${column_index}</arg>
<arg>${param_count}</arg>
<kw name="Log" library="BuiltIn">
<arg>${path}</arg>
<doc>Logs the given message with the given level.</doc>
<msg timestamp="20240402 15:09:38.931" level="INFO">./Data/Withdrawal/FiatOut.csv</msg>
<status status="PASS" starttime="20240402 15:09:38.931" endtime="20240402 15:09:38.931"/>
</kw>
<kw name="Read Csv As List" library="csvlib">
<var>${list}</var>
<arg>${path}</arg>
<msg timestamp="20240402 15:09:38.932" level="INFO">${list} = [['\ufeffTC', 'Description (1)', 'environment', 'username', 'password', 'sender_first_name', 'sender_middle_name', 'sender_last_name', 'sender_country_origin', 'sender_address_line_one', 'sender_addre...</msg>
<status status="PASS" starttime="20240402 15:09:38.931" endtime="20240402 15:09:38.932"/>
</kw>
<kw name="Log" library="BuiltIn">
<arg>${list}</arg>
<doc>Logs the given message with the given level.</doc>
<msg timestamp="20240402 15:09:38.933" level="INFO">[['\ufeffTC', 'Description (1)', 'environment', 'username', 'password', 'sender_first_name', 'sender_middle_name', 'sender_last_name', 'sender_country_origin', 'sender_address_line_one', 'sender_address_line_two', 'sender_city', 'sender_zip_code', 'sender_province', 'sender_country', 'sender_phone_number', 'sender_nationality', 'sender_national_identity_number', 'sender_dob', 'sender_place_of_birth', 'sender_email', 'source_of_funds', 'beneficiary_first_name', 'beneficiary_middle_name', 'beneficiary_last_name', 'beneficiary_sex', 'beneficiary_nationality', 'beneficiary_account_name', 'beneficiary_account_number', 'beneficiary_address_line_one', 'beneficiary_address_line_two', 'beneficiary_barangay', 'beneficiary_city', 'beneficiary_province', 'beneficiary_zip_code', 'beneficiary_government_issued_id', 'beneficiary_phone_number', 'purpose', 'relationship_of_sender_to_beneficiary', 'currency', 'amount', 'fee_type', 'method', 'beneficiary_bank_code', 'instructions', 'is_disable', 'channel_down', 'ubp_partner_cashout', 'paymaya_wallet', 'instapay_emi_p2p_cashout', 'InstaPay', 'pesonet', 'status_code', 'expected_error'], ['1', 'Successful Request : Status Code Check 200', 'Stage', 'ezekiel.isidro+4@pdax.ph', 'Password123!', 'Alwin', 'Levi Brion', 'Zacarias', 'Philippines', '', '', '', '', '', '', '639154568798', '', '', '', '', '', 'Business Income', 'JAMLESTER', 'NA', 'YABUT', '', 'Filipino', 'JAMLESTER TINAGAN YABUT', '109594481946', '', '', '', '', '', '', '', '', 'Business Expense/Employee Remittance', 'Business', 'PHP', '300', 'Beneficiary', 'PAY-TO-ACCOUNT-REAL-TIME', 'BAUBPPH', 'Pay fee for partly work', 'TRUE', 'null', 'supported', 'unsupported', 'supported', 'supported', 'supported', '200', 'no error'], ['2', 'Verify Fiat Out Response', 'Stage', 'ezekiel.isidro+4@pdax.ph', 'Password123!', 'Alwin', 'Levi Brion', 'Zacarias', 'Philippines', '', '', '', '', '', '', '639154568798', '', '', '', '', '', 'Business Income', 'JAMLESTER', 'NA', 'YABUT', '', 'Filipino', 'JAMLESTER TINAGAN YABUT', '109594481946', '', '', '', '', '', '', '', '', 'Business Expense/Employee Remittance', 'Business', 'PHP', '300', 'Beneficiary', 'PAY-TO-ACCOUNT-REAL-TIME', 'BAUBPPH', 'Pay fee for partly work', 'TRUE', 'null', 'supported', 'unsupported', 'supported', 'supported', 'supported', '200', 'no error'], ['3', 'Verify Debiting [Fee_type=Sender]', 'Stage', 'ezekiel.isidro+4@pdax.ph', 'Password123!', 'Alwin', 'Levi Brion', 'Zacarias', 'Philippines', '', '', '', '', '', '', '639154568798', '', '', '', '', '', 'Business Income', 'JAMLESTER', 'NA', 'YABUT', '', 'Filipino', 'JAMLESTER TINAGAN YABUT', '109594481946', '', '', '', '', '', '', '', '', 'Business Expense/Employee Remittance', 'Business', 'PHP', '300', 'Sender', 'PAY-TO-ACCOUNT-REAL-TIME', 'BAUBPPH', 'Pay fee for partly work', 'TRUE', 'null', 'supported', 'unsupported', 'supported', 'supported', 'supported', '200', 'no error'], ['4', 'Verify Debiting [Fee_type=Bene]', 'Stage', 'ezekiel.isidro+4@pdax.ph', 'Password123!', 'Alwin', 'Levi Brion', 'Zacarias', 'Philippines', '', '', '', '', '', '', '639154568798', '', '', '', '', '', 'Business Income', 'JAMLESTER', 'NA', 'YABUT', '', 'Filipino', 'JAMLESTER TINAGAN YABUT', '109594481946', '', '', '', '', '', '', '', '', 'Business Expense/Employee Remittance', 'Business', 'PHP', '300', 'Beneficiary', 'PAY-TO-ACCOUNT-REAL-TIME', 'BAUBPPH', 'Pay fee for partly work', 'TRUE', 'null', 'supported', 'unsupported', 'supported', 'supported', 'supported', '200', 'no error'], ['5', 'Logic Seq: UBP : Real Time : Amount &lt; 50K', 'Stage', 'ezekiel.isidro+4@pdax.ph', 'Password123!', 'Alwin', 'Levi Brion', 'Zacarias', 'Philippines', '', '', '', '', '', '', '639154568798', '', '', '', '', '', 'Business Income', 'JAMLESTER', 'NA', 'YABUT', '', 'Filipino', 'JAMLESTER TINAGAN YABUT', '109594481946', '', '', '', '', '', '', '', '', 'Business Expense/Employee Remittance', 'Business', 'PHP', '300', 'Beneficiary', 'PAY-TO-ACCOUNT-REAL-TIME', 'BAUBPPH', 'Pay fee for partly work', 'TRUE', 'null', 'supported', 'unsupported', 'supported', 'supported', 'supported', '200', 'no error'], ['6', 'Logic Seq: UBP : Real Time : Amount &lt; 50k  : UBP Direct Down', 'Stage', 'ezekiel.isidro+4@pdax.ph', 'Password123!', 'Alwin', 'Levi Brion', 'Zacarias', 'Philippines', '', '', '', '', '', '', '639154568798', '', '', '', '', '', 'Business Income', 'JAMLESTER', 'NA', 'YABUT', '', 'Filipino', 'JAMLESTER TINAGAN YABUT', '109594481946', '', '', '', '', '', '', '', '', 'Business Expense/Employee Remittance', 'Business', 'PHP', '300', 'Beneficiary', 'PAY-TO-ACCOUNT-REAL-TIME', 'BAUBPPH', 'Pay fee for partly work', 'TRUE', '1184', 'supported', 'unsupported', 'supported', 'supported', 'supported', '200', 'no error'], ['7', 'Logic Seq: UBP : Real Time : Amount &lt;50K :  UBP Direct and Instapay Direct are Down', 'Stage', 'ezekiel.isidro+4@pdax.ph', 'Password123!', 'Alwin', 'Levi Brion', 'Zacarias', 'Philippines', '', '', '', '', '', '', '639154568798', '', '', '', '', '', 'Business Income', 'JAMLESTER', 'NA', 'YABUT', '', 'Filipino', 'JAMLESTER TINAGAN YABUT', '109594481946', '', '', '', '', '', '', '', '', 'Business Expense/Employee Remittance', 'Business', 'PHP', '300', 'Beneficiary', 'PAY-TO-ACCOUNT-REAL-TIME', 'BAUBPPH', 'Pay fee for partly work', 'TRUE', '1184_1187', 'supported', 'unsupported', 'supported', 'supported', 'supported', '200', 'no error'], ['8', 'Logic Seq: UBP : Real Time : Amount &lt; 50K : All real time channels are down', 'Stage', 'ezekiel.isidro+4@pdax.ph', 'Password123!', 'Alwin', 'Levi Brion', 'Zacarias', 'Philippines', '', '', '', '', '', '', '639154568798', '', '', '', '', '', 'Business Income', 'JAMLESTER', 'NA', 'YABUT', '', 'Filipino', 'JAMLESTER TINAGAN YABUT', '109594481946', '', '', '', '', '', '', '', '', 'Business Expense/Employee Remittance', 'Business', 'PHP', '300', 'Beneficiary', 'PAY-TO-ACCOUNT-REAL-TIME', 'BAUBPPH', 'Pay fee for partly work', 'TRUE', '1184_1187_1188', 'supported', 'unsupported', 'supported', 'supported', 'supported', '400', ''], ['9', 'Logic Seq: UBP Bankcode : Non Real Time : Amount &lt; 50K ', 'Stage', 'ezekiel.isidro+4@pdax.ph', 'Password123!', 'Alwin', 'Levi Brion', 'Zacarias', 'Philippines', '', '', '', '', '', '', '639154568798', '', '', '', '', '', 'Business Income', 'JAMLESTER', 'NA', 'YABUT', '', 'Filipino', 'JAMLESTER TINAGAN YABUT', '109594481946', '', '', '', '', '', '', '', '', 'Business Expense/Employee Remittance', 'Business', 'PHP', '300', 'Beneficiary', 'PAY-TO-ACCOUNT-NON-REAL-TIME', 'BAUBPPH', 'Pay fee for partly work', 'TRUE', 'null', 'supported', 'unsupported', 'supported', 'supported', 'supported', '200', 'no error'], ['10', 'Logic Seq: UBP Bankcode : Non Real Time : Amount &lt; 50K : UBP Down', 'Stage', 'ezekiel.isidro+4@pdax.ph', 'Password123!', 'Alwin', 'Levi Brion', 'Zacarias', 'Philippines', '', '', '', '', '', '', '639154568798', '', '', '', '', '', 'Business Income', 'JAMLESTER', 'NA', 'YABUT', '', 'Filipino', 'JAMLESTER TINAGAN YABUT', '109594481946', '', '', '', '', '', '', '', '', 'Business Expense/Employee Remittance', 'Business', 'PHP', '300', 'Beneficiary', 'PAY-TO-ACCOUNT-NON-REAL-TIME', 'BAUBPPH', 'Pay fee for partly work', 'TRUE', '1184', 'supported', 'unsupported', 'supported', 'supported', 'supported', '200', 'no error'], ['11', 'Logic Seq: UBP Bankcode : Non Real Time : Amount &lt; 50K : UBP Direct and Instapay Direct are Down', 'Stage', 'ezekiel.isidro+4@pdax.ph', 'Password123!', 'Alwin', 'Levi Brion', 'Zacarias', 'Philippines', '', '', '', '', '', '', '639154568798', '', '', '', '', '', 'Business Income', 'JAMLESTER', 'NA', 'YABUT', '', 'Filipino', 'JAMLESTER TINAGAN YABUT', '109594481946', '', '', '', '', '', '', '', '', 'Business Expense/Employee Remittance', 'Business', 'PHP', '300', 'Beneficiary', 'PAY-TO-ACCOUNT-NON-REAL-TIME', 'BAUBPPH', 'Pay fee for partly work', 'TRUE', '1184_1187', 'supported', 'unsupported', 'supported', 'supported', 'supported', '200', 'no error'], ['12', 'Logic Seq: UBP Bankcode :Non Real Time : Amount &lt; 50K : All real time channels are down', 'Stage', 'ezekiel.isidro+4@pdax.ph', 'Password123!', 'Alwin', 'Levi Brion', 'Zacarias', 'Philippines', '', '', '', '', '', '', '639154568798', '', '', '', '', '', 'Business Income', 'JAMLESTER', 'NA', 'YABUT', '', 'Filipino', 'JAMLESTER TINAGAN YABUT', '109594481946', '', '', '', '', '', '', '', '', 'Business Expense/Employee Remittance', 'Business', 'PHP', '300', 'Beneficiary', 'PAY-TO-ACCOUNT-NON-REAL-TIME', 'BAUBPPH', 'Pay fee for partly work', 'TRUE', '1184_1187_1188', 'supported', 'unsupported', 'supported', 'supported', 'supported', '200', 'no error'], ['13', 'Logic Seq: UBP Bankcode :Non Real Time : Amount &lt; 50K : Non Real Time and Real Time channels down', 'Stage', 'ezekiel.isidro+4@pdax.ph', 'Password123!', 'Alwin', 'Levi Brion', 'Zacarias', 'Philippines', '', '', '', '', '', '', '639154568798', '', '', '', '', '', 'Business Income', 'JAMLESTER', 'NA', 'YABUT', '', 'Filipino', 'JAMLESTER TINAGAN YABUT', '109594481946', '', '', '', '', '', '', '', '', 'Business Expense/Employee Remittance', 'Business', 'PHP', '300', 'Beneficiary', 'PAY-TO-ACCOUNT-NON-REAL-TIME', 'BAUBPPH', 'Pay fee for partly work', 'TRUE', '1184_1187_1188_1189', 'supported', 'unsupported', 'supported', 'supported', 'supported', '400', ''], ['14', 'Logic Seq: UBP Bankcode : Non Real Time : Amount &gt; 50K : UBP Direct is Down ', 'Stage', 'ezekiel.isidro+4@pdax.ph', 'Password123!', 'Alwin', 'Levi Brion', 'Zacarias', 'Philippines', '', '', '', '', '', '', '639154568798', '', 'CRN123456', '', '', '', 'Business Income', 'JAMLESTER', 'NA', 'YABUT', '', 'Filipino', 'JAMLESTER TINAGAN YABUT', '109594481946', '', '', '', '', '', '', '', '', 'Business Expense/Employee Remittance', 'Business', 'PHP', '50000.01', 'Beneficiary', 'PAY-TO-ACCOUNT-NON-REAL-TIME', 'BAUBPPH', 'Pay fee for partly work', 'TRUE', '1184', 'supported', 'unsupported', 'supported', 'supported', 'supported', '200', 'no error'], ['15', 'Logic Seq: UBP Bankcode : Non Real Time : Amount &gt; 50K :  UBP Direct and Pesonet are Down ', 'Stage', 'ezekiel.isidro+4@pdax.ph', 'Password123!', 'Alwin', 'Levi Brion', 'Zacarias', 'Philippines', '', '', '', '', '', '', '639154568798', '', 'CRN123456', '', '', '', 'Business Income', 'JAMLESTER', 'NA', 'YABUT', '', 'Filipino', 'JAMLESTER TINAGAN YABUT', '109594481946', '', '', '', '', '', '', '', '', 'Business Expense/Employee Remittance', 'Business', 'PHP', '50000.01', 'Beneficiary', 'PAY-TO-ACCOUNT-NON-REAL-TIME', 'BAUBPPH', 'Pay fee for partly work', 'TRUE', '1184_1189', 'supported', 'unsupported', 'supported', 'supported', 'supported', '400', ''], ['16', 'Logic Seq: Maya : Real Time : Amount &lt; 50k', 'Stage', 'ezekiel.isidro+4@pdax.ph', 'Password123!', 'Alwin', 'Levi Brion', 'Zacarias', 'Philippines', '', '', '', '', '', '', '639154568798', '', '', '', '', '', 'Business Income', 'JAMLESTER', 'NA', 'YABUT', '', 'Filipino', 'JAMLESTER TINAGAN YABUT', '639154568798', '', '', '', '', '', '', '', '', 'Business Expense/Employee Remittance', 'Business', 'PHP', '300', 'Beneficiary', 'PAY-TO-ACCOUNT-REAL-TIME', 'EWPAYPH', 'Pay fee for partly work', 'TRUE', 'null', 'unsupported', 'supported', 'unsupported', 'supported', 'supported', '200', 'no error'], ['17', 'Logic Seq: Maya : Real Time : Amount &lt; 50k : Maya Down', 'Stage', 'ezekiel.isidro+4@pdax.ph', 'Password123!', 'Alwin', 'Levi Brion', 'Zacarias', 'Philippines', '', '', '', '', '', '', '639154568798', '', '', '', '', '', 'Business Income', 'JAMLESTER', 'NA', 'YABUT', '', 'Filipino', 'JAMLESTER TINAGAN YABUT', '639154568798', '', '', '', '', '', '', '', '', 'Business Expense/Employee Remittance', 'Business', 'PHP', '300', 'Beneficiary', 'PAY-TO-ACCOUNT-REAL-TIME', 'EWPAYPH', 'Pay fee for partly work', 'TRUE', '1316', 'unsupported', 'supported', 'unsupported', 'supported', 'supported', '200', 'no error'], ['18', 'Logic Seq: Maya : Real Time : Amount &lt; 50k : Maya and Instapay Down', 'Stage', 'ezekiel.isidro+4@pdax.ph', 'Password123!', 'Alwin', 'Levi Brion', 'Zacarias', 'Philippines', '', '', '', '', '', '', '639154568798', '', '', '', '', '', 'Business Income', 'JAMLESTER', 'NA', 'YABUT', '', 'Filipino', 'JAMLESTER TINAGAN YABUT', '639154568798', '', '', '', '', '', '', '', '', 'Business Expense/Employee Remittance', 'Business', 'PHP', '300', 'Beneficiary', 'PAY-TO-ACCOUNT-REAL-TIME', 'EWPAYPH', 'Pay fee for partly work', 'TRUE', '1316_1101', 'unsupported', 'supported', 'unsupported', 'supported', 'supported', '400', ''], ['19', 'Logic Seq: Maya : Real Time : Amount &gt; 50k ', 'Stage', 'ezekiel.isidro+4@pdax.ph', 'Password123!', 'Alwin', 'Levi Brion', 'Zacarias', 'Philippines', '', '', '', '', '', '', '639154568798', '', 'CRN123456', '', '', '', 'Business Income', 'JAMLESTER', 'NA', 'YABUT', '', 'Filipino', 'JAMLESTER TINAGAN YABUT', '639154568798', '', '', '', '', '', '', '', '', 'Business Expense/Employee Remittance', 'Business', 'PHP', '50000.01', 'Beneficiary', 'PAY-TO-ACCOUNT-REAL-TIME', 'EWPAYPH', 'Pay fee for partly work', 'TRUE', 'null', 'unsupported', 'supported', 'unsupported', 'supported', 'supported', '400', 'Could not process real time payment with amount greater than 50,000 PHP'], ['20', 'Logic Seq: Maya : Non Real Time : Amount &lt; 50k ', 'Stage', 'ezekiel.isidro+4@pdax.ph', 'Password123!', 'Alwin', 'Levi Brion', 'Zacarias', 'Philippines', '', '', '', '', '', '', '639154568798', '', '', '', '', '', 'Business Income', 'JAMLESTER', 'NA', 'YABUT', '', 'Filipino', 'JAMLESTER TINAGAN YABUT', '639154568798', '', '', '', '', '', '', '', '', 'Business Expense/Employee Remittance', 'Business', 'PHP', '300', 'Beneficiary', 'PAY-TO-ACCOUNT-NON-REAL-TIME', 'EWPAYPH', 'Pay fee for partly work', 'TRUE', 'null', 'unsupported', 'supported', 'unsupported', 'supported', 'supported', '200', 'no error'], ['21', 'Logic Seq: Maya : Non Real Time : Amount &lt; 50k : Maya Down', 'Stage', 'ezekiel.isidro+4@pdax.ph', 'Password123!', 'Alwin', 'Levi Brion', 'Zacarias', 'Philippines', '', '', '', '', '', '', '639154568798', '', '', '', '', '', 'Business Income', 'JAMLESTER', 'NA', 'YABUT', '', 'Filipino', 'JAMLESTER TINAGAN YABUT', '639154568798', '', '', '', '', '', '', '', '', 'Business Expense/Employee Remittance', 'Business', 'PHP', '300', 'Beneficiary', 'PAY-TO-ACCOUNT-NON-REAL-TIME', 'EWPAYPH', 'Pay fee for partly work', 'TRUE', '1316', 'unsupported', 'supported', 'unsupported', 'supported', 'supported', '200', 'no error'], ['22', 'Logic Seq: Maya : Non Real Time : Amount &lt; 50k : Maya and Instapay Down', 'Stage', 'ezekiel.isidro+4@pdax.ph', 'Password123!', 'Alwin', 'Levi Brion', 'Zacarias', 'Philippines', '', '', '', '', '', '', '639154568798', '', '', '', '', '', 'Business Income', 'JAMLESTER', 'NA', 'YABUT', '', 'Filipino', 'JAMLESTER TINAGAN YABUT', '639154568798', '', '', '', '', '', '', '', '', 'Business Expense/Employee Remittance', 'Business', 'PHP', '300', 'Beneficiary', 'PAY-TO-ACCOUNT-NON-REAL-TIME', 'EWPAYPH', 'Pay fee for partly work', 'TRUE', '1316_1101', 'unsupported', 'supported', 'unsupported', 'supported', 'supported', '200', 'no error'], ['23', 'Logic Seq: Maya : Non Real Time : Amount &gt; 50k ', 'Stage', 'ezekiel.isidro+4@pdax.ph', 'Password123!', 'Alwin', 'Levi Brion', 'Zacarias', 'Philippines', '', '', '', '', '', '', '639154568798', '', 'CRN123456', '', '', '', 'Business Income', 'JAMLESTER', 'NA', 'YABUT', '', 'Filipino', 'JAMLESTER TINAGAN YABUT', '639154568798', '', '', '', '', '', '', '', '', 'Business Expense/Employee Remittance', 'Business', 'PHP', '50000.01', 'Beneficiary', 'PAY-TO-ACCOUNT-NON-REAL-TIME', 'EWPAYPH', 'Pay fee for partly work', 'TRUE', 'null', 'unsupported', 'supported', 'unsupported', 'supported', 'supported', '200', 'no error']]</msg>
<status status="PASS" starttime="20240402 15:09:38.932" endtime="20240402 15:09:38.933"/>
</kw>
<kw name="Get Length" library="BuiltIn">
<var>${row_count}</var>
<arg>${list}</arg>
<doc>Returns and logs the length of the given item as an integer.</doc>
<msg timestamp="20240402 15:09:38.933" level="INFO">Length is 24</msg>
<msg timestamp="20240402 15:09:38.933" level="INFO">${row_count} = 24</msg>
<status status="PASS" starttime="20240402 15:09:38.933" endtime="20240402 15:09:38.933"/>
</kw>
<kw name="Evaluate" library="BuiltIn">
<var>${row_count}</var>
<arg>${row_count}-1</arg>
<doc>Evaluates the given expression in Python and returns the result.</doc>
<msg timestamp="20240402 15:09:38.934" level="INFO">${row_count} = 23</msg>
<status status="PASS" starttime="20240402 15:09:38.934" endtime="20240402 15:09:38.934"/>
</kw>
<kw name="Log" library="BuiltIn">
<arg>${row_count}</arg>
<doc>Logs the given message with the given level.</doc>
<msg timestamp="20240402 15:09:38.934" level="INFO">23</msg>
<status status="PASS" starttime="20240402 15:09:38.934" endtime="20240402 15:09:38.934"/>
</kw>
<kw name="Get Length" library="BuiltIn">
<var>${column_count}</var>
<arg>${list[0]}</arg>
<doc>Returns and logs the length of the given item as an integer.</doc>
<msg timestamp="20240402 15:09:38.935" level="INFO">Length is 54</msg>
<msg timestamp="20240402 15:09:38.935" level="INFO">${column_count} = 54</msg>
<status status="PASS" starttime="20240402 15:09:38.934" endtime="20240402 15:09:38.935"/>
</kw>
<kw name="Log" library="BuiltIn">
<arg>${column_count}</arg>
<doc>Logs the given message with the given level.</doc>
<msg timestamp="20240402 15:09:38.936" level="INFO">54</msg>
<status status="PASS" starttime="20240402 15:09:38.935" endtime="20240402 15:09:38.936"/>
</kw>
<kw name="Evaluate" library="BuiltIn">
<var>${last_column_index}</var>
<arg>${param_count}+${first_column_index}</arg>
<doc>Evaluates the given expression in Python and returns the result.</doc>
<msg timestamp="20240402 15:09:38.936" level="INFO">${last_column_index} = 54</msg>
<status status="PASS" starttime="20240402 15:09:38.936" endtime="20240402 15:09:38.937"/>
</kw>
<kw name="Empty Dictionary" library="CommonTools">
<var>${parameter_dictionary}</var>
<arg>${parameter_dictionary}</arg>
<kw name="Get Dictionary Keys" library="Collections">
<var>${keys}</var>
<arg>${dictionary}</arg>
<doc>Returns keys of the given ``dictionary`` as a list.</doc>
<msg timestamp="20240402 15:09:38.938" level="INFO">${keys} = []</msg>
<status status="PASS" starttime="20240402 15:09:38.937" endtime="20240402 15:09:38.938"/>
</kw>
<kw name="Get Length" library="BuiltIn">
<var>${length}</var>
<arg>${keys}</arg>
<doc>Returns and logs the length of the given item as an integer.</doc>
<msg timestamp="20240402 15:09:38.938" level="INFO">Length is 0</msg>
<msg timestamp="20240402 15:09:38.938" level="INFO">${length} = 0</msg>
<status status="PASS" starttime="20240402 15:09:38.938" endtime="20240402 15:09:38.938"/>
</kw>
<for flavor="IN RANGE">
<var>${index}</var>
<value>0</value>
<value>${length}</value>
<iter>
<var name="${index}"/>
<kw name="Remove From Dictionary" library="Collections">
<arg>${dictionary}</arg>
<arg>${keys}[${index}]</arg>
<doc>Removes the given ``keys`` from the ``dictionary``.</doc>
<status status="NOT RUN" starttime="20240402 15:09:38.939" endtime="20240402 15:09:38.939"/>
</kw>
<status status="NOT RUN" starttime="20240402 15:09:38.938" endtime="20240402 15:09:38.939"/>
</iter>
<status status="NOT RUN" starttime="20240402 15:09:38.938" endtime="20240402 15:09:38.939"/>
</for>
<msg timestamp="20240402 15:09:38.939" level="INFO">${parameter_dictionary} = {}</msg>
<status status="PASS" starttime="20240402 15:09:38.937" endtime="20240402 15:09:38.939"/>
</kw>
<for flavor="IN RANGE">
<var>${i}</var>
<value>${first_column_index}</value>
<value>${last_column_index}</value>
<iter>
<var name="${i}">2</var>
<kw name="Set To Dictionary" library="Collections">
<var>${parameter_dictionary}</var>
<arg>${parameter_dictionary}</arg>
<arg>${list[0]}[${i}]=${list[${row_index}]}[${i}]</arg>
<doc>Adds the given ``key_value_pairs`` and/or ``items`` to the ``dictionary``.</doc>
<msg timestamp="20240402 15:09:38.940" level="INFO">${parameter_dictionary} = {'environment': 'Stage'}</msg>
<status status="PASS" starttime="20240402 15:09:38.940" endtime="20240402 15:09:38.940"/>
</kw>
<status status="PASS" starttime="20240402 15:09:38.939" endtime="20240402 15:09:38.940"/>
</iter>
<iter>
<var name="${i}">3</var>
<kw name="Set To Dictionary" library="Collections">
<var>${parameter_dictionary}</var>
<arg>${parameter_dictionary}</arg>
<arg>${list[0]}[${i}]=${list[${row_index}]}[${i}]</arg>
<doc>Adds the given ``key_value_pairs`` and/or ``items`` to the ``dictionary``.</doc>
<msg timestamp="20240402 15:09:38.941" level="INFO">${parameter_dictionary} = {'environment': 'Stage', 'username': 'ezekiel.isidro+4@pdax.ph'}</msg>
<status status="PASS" starttime="20240402 15:09:38.941" endtime="20240402 15:09:38.942"/>
</kw>
<status status="PASS" starttime="20240402 15:09:38.941" endtime="20240402 15:09:38.942"/>
</iter>
<iter>
<var name="${i}">4</var>
<kw name="Set To Dictionary" library="Collections">
<var>${parameter_dictionary}</var>
<arg>${parameter_dictionary}</arg>
<arg>${list[0]}[${i}]=${list[${row_index}]}[${i}]</arg>
<doc>Adds the given ``key_value_pairs`` and/or ``items`` to the ``dictionary``.</doc>
<msg timestamp="20240402 15:09:38.942" level="INFO">${parameter_dictionary} = {'environment': 'Stage', 'username': 'ezekiel.isidro+4@pdax.ph', 'password': 'Password123!'}</msg>
<status status="PASS" starttime="20240402 15:09:38.942" endtime="20240402 15:09:38.942"/>
</kw>
<status status="PASS" starttime="20240402 15:09:38.942" endtime="20240402 15:09:38.943"/>
</iter>
<iter>
<var name="${i}">5</var>
<kw name="Set To Dictionary" library="Collections">
<var>${parameter_dictionary}</var>
<arg>${parameter_dictionary}</arg>
<arg>${list[0]}[${i}]=${list[${row_index}]}[${i}]</arg>
<doc>Adds the given ``key_value_pairs`` and/or ``items`` to the ``dictionary``.</doc>
<msg timestamp="20240402 15:09:38.943" level="INFO">${parameter_dictionary} = {'environment': 'Stage', 'username': 'ezekiel.isidro+4@pdax.ph', 'password': 'Password123!', 'sender_first_name': 'Alwin'}</msg>
<status status="PASS" starttime="20240402 15:09:38.943" endtime="20240402 15:09:38.943"/>
</kw>
<status status="PASS" starttime="20240402 15:09:38.943" endtime="20240402 15:09:38.943"/>
</iter>
<iter>
<var name="${i}">6</var>
<kw name="Set To Dictionary" library="Collections">
<var>${parameter_dictionary}</var>
<arg>${parameter_dictionary}</arg>
<arg>${list[0]}[${i}]=${list[${row_index}]}[${i}]</arg>
<doc>Adds the given ``key_value_pairs`` and/or ``items`` to the ``dictionary``.</doc>
<msg timestamp="20240402 15:09:38.944" level="INFO">${parameter_dictionary} = {'environment': 'Stage', 'username': 'ezekiel.isidro+4@pdax.ph', 'password': 'Password123!', 'sender_first_name': 'Alwin', 'sender_middle_name': 'Levi Brion'}</msg>
<status status="PASS" starttime="20240402 15:09:38.944" endtime="20240402 15:09:38.944"/>
</kw>
<status status="PASS" starttime="20240402 15:09:38.944" endtime="20240402 15:09:38.944"/>
</iter>
<iter>
<var name="${i}">7</var>
<kw name="Set To Dictionary" library="Collections">
<var>${parameter_dictionary}</var>
<arg>${parameter_dictionary}</arg>
<arg>${list[0]}[${i}]=${list[${row_index}]}[${i}]</arg>
<doc>Adds the given ``key_value_pairs`` and/or ``items`` to the ``dictionary``.</doc>
<msg timestamp="20240402 15:09:38.945" level="INFO">${parameter_dictionary} = {'environment': 'Stage', 'username': 'ezekiel.isidro+4@pdax.ph', 'password': 'Password123!', 'sender_first_name': 'Alwin', 'sender_middle_name': 'Levi Brion', 'sender_last_name': 'Zacarias'}</msg>
<status status="PASS" starttime="20240402 15:09:38.945" endtime="20240402 15:09:38.945"/>
</kw>
<status status="PASS" starttime="20240402 15:09:38.944" endtime="20240402 15:09:38.945"/>
</iter>
<iter>
<var name="${i}">8</var>
<kw name="Set To Dictionary" library="Collections">
<var>${parameter_dictionary}</var>
<arg>${parameter_dictionary}</arg>
<arg>${list[0]}[${i}]=${list[${row_index}]}[${i}]</arg>
<doc>Adds the given ``key_value_pairs`` and/or ``items`` to the ``dictionary``.</doc>
<msg timestamp="20240402 15:09:38.947" level="INFO">${parameter_dictionary} = {'environment': 'Stage', 'username': 'ezekiel.isidro+4@pdax.ph', 'password': 'Password123!', 'sender_first_name': 'Alwin', 'sender_middle_name': 'Levi Brion', 'sender_last_name': 'Zacarias', 'sender_c...</msg>
<status status="PASS" starttime="20240402 15:09:38.946" endtime="20240402 15:09:38.947"/>
</kw>
<status status="PASS" starttime="20240402 15:09:38.946" endtime="20240402 15:09:38.947"/>
</iter>
<iter>
<var name="${i}">9</var>
<kw name="Set To Dictionary" library="Collections">
<var>${parameter_dictionary}</var>
<arg>${parameter_dictionary}</arg>
<arg>${list[0]}[${i}]=${list[${row_index}]}[${i}]</arg>
<doc>Adds the given ``key_value_pairs`` and/or ``items`` to the ``dictionary``.</doc>
<msg timestamp="20240402 15:09:38.948" level="INFO">${parameter_dictionary} = {'environment': 'Stage', 'username': 'ezekiel.isidro+4@pdax.ph', 'password': 'Password123!', 'sender_first_name': 'Alwin', 'sender_middle_name': 'Levi Brion', 'sender_last_name': 'Zacarias', 'sender_c...</msg>
<status status="PASS" starttime="20240402 15:09:38.947" endtime="20240402 15:09:38.948"/>
</kw>
<status status="PASS" starttime="20240402 15:09:38.947" endtime="20240402 15:09:38.948"/>
</iter>
<iter>
<var name="${i}">10</var>
<kw name="Set To Dictionary" library="Collections">
<var>${parameter_dictionary}</var>
<arg>${parameter_dictionary}</arg>
<arg>${list[0]}[${i}]=${list[${row_index}]}[${i}]</arg>
<doc>Adds the given ``key_value_pairs`` and/or ``items`` to the ``dictionary``.</doc>
<msg timestamp="20240402 15:09:38.949" level="INFO">${parameter_dictionary} = {'environment': 'Stage', 'username': 'ezekiel.isidro+4@pdax.ph', 'password': 'Password123!', 'sender_first_name': 'Alwin', 'sender_middle_name': 'Levi Brion', 'sender_last_name': 'Zacarias', 'sender_c...</msg>
<status status="PASS" starttime="20240402 15:09:38.948" endtime="20240402 15:09:38.949"/>
</kw>
<status status="PASS" starttime="20240402 15:09:38.948" endtime="20240402 15:09:38.949"/>
</iter>
<iter>
<var name="${i}">11</var>
<kw name="Set To Dictionary" library="Collections">
<var>${parameter_dictionary}</var>
<arg>${parameter_dictionary}</arg>
<arg>${list[0]}[${i}]=${list[${row_index}]}[${i}]</arg>
<doc>Adds the given ``key_value_pairs`` and/or ``items`` to the ``dictionary``.</doc>
<msg timestamp="20240402 15:09:38.949" level="INFO">${parameter_dictionary} = {'environment': 'Stage', 'username': 'ezekiel.isidro+4@pdax.ph', 'password': 'Password123!', 'sender_first_name': 'Alwin', 'sender_middle_name': 'Levi Brion', 'sender_last_name': 'Zacarias', 'sender_c...</msg>
<status status="PASS" starttime="20240402 15:09:38.949" endtime="20240402 15:09:38.949"/>
</kw>
<status status="PASS" starttime="20240402 15:09:38.949" endtime="20240402 15:09:38.950"/>
</iter>
<iter>
<var name="${i}">12</var>
<kw name="Set To Dictionary" library="Collections">
<var>${parameter_dictionary}</var>
<arg>${parameter_dictionary}</arg>
<arg>${list[0]}[${i}]=${list[${row_index}]}[${i}]</arg>
<doc>Adds the given ``key_value_pairs`` and/or ``items`` to the ``dictionary``.</doc>
<msg timestamp="20240402 15:09:38.950" level="INFO">${parameter_dictionary} = {'environment': 'Stage', 'username': 'ezekiel.isidro+4@pdax.ph', 'password': 'Password123!', 'sender_first_name': 'Alwin', 'sender_middle_name': 'Levi Brion', 'sender_last_name': 'Zacarias', 'sender_c...</msg>
<status status="PASS" starttime="20240402 15:09:38.950" endtime="20240402 15:09:38.950"/>
</kw>
<status status="PASS" starttime="20240402 15:09:38.950" endtime="20240402 15:09:38.950"/>
</iter>
<iter>
<var name="${i}">13</var>
<kw name="Set To Dictionary" library="Collections">
<var>${parameter_dictionary}</var>
<arg>${parameter_dictionary}</arg>
<arg>${list[0]}[${i}]=${list[${row_index}]}[${i}]</arg>
<doc>Adds the given ``key_value_pairs`` and/or ``items`` to the ``dictionary``.</doc>
<msg timestamp="20240402 15:09:38.951" level="INFO">${parameter_dictionary} = {'environment': 'Stage', 'username': 'ezekiel.isidro+4@pdax.ph', 'password': 'Password123!', 'sender_first_name': 'Alwin', 'sender_middle_name': 'Levi Brion', 'sender_last_name': 'Zacarias', 'sender_c...</msg>
<status status="PASS" starttime="20240402 15:09:38.951" endtime="20240402 15:09:38.951"/>
</kw>
<status status="PASS" starttime="20240402 15:09:38.950" endtime="20240402 15:09:38.951"/>
</iter>
<iter>
<var name="${i}">14</var>
<kw name="Set To Dictionary" library="Collections">
<var>${parameter_dictionary}</var>
<arg>${parameter_dictionary}</arg>
<arg>${list[0]}[${i}]=${list[${row_index}]}[${i}]</arg>
<doc>Adds the given ``key_value_pairs`` and/or ``items`` to the ``dictionary``.</doc>
<msg timestamp="20240402 15:09:38.953" level="INFO">${parameter_dictionary} = {'environment': 'Stage', 'username': 'ezekiel.isidro+4@pdax.ph', 'password': 'Password123!', 'sender_first_name': 'Alwin', 'sender_middle_name': 'Levi Brion', 'sender_last_name': 'Zacarias', 'sender_c...</msg>
<status status="PASS" starttime="20240402 15:09:38.952" endtime="20240402 15:09:38.953"/>
</kw>
<status status="PASS" starttime="20240402 15:09:38.951" endtime="20240402 15:09:38.953"/>
</iter>
<iter>
<var name="${i}">15</var>
<kw name="Set To Dictionary" library="Collections">
<var>${parameter_dictionary}</var>
<arg>${parameter_dictionary}</arg>
<arg>${list[0]}[${i}]=${list[${row_index}]}[${i}]</arg>
<doc>Adds the given ``key_value_pairs`` and/or ``items`` to the ``dictionary``.</doc>
<msg timestamp="20240402 15:09:38.954" level="INFO">${parameter_dictionary} = {'environment': 'Stage', 'username': 'ezekiel.isidro+4@pdax.ph', 'password': 'Password123!', 'sender_first_name': 'Alwin', 'sender_middle_name': 'Levi Brion', 'sender_last_name': 'Zacarias', 'sender_c...</msg>
<status status="PASS" starttime="20240402 15:09:38.953" endtime="20240402 15:09:38.954"/>
</kw>
<status status="PASS" starttime="20240402 15:09:38.953" endtime="20240402 15:09:38.954"/>
</iter>
<iter>
<var name="${i}">16</var>
<kw name="Set To Dictionary" library="Collections">
<var>${parameter_dictionary}</var>
<arg>${parameter_dictionary}</arg>
<arg>${list[0]}[${i}]=${list[${row_index}]}[${i}]</arg>
<doc>Adds the given ``key_value_pairs`` and/or ``items`` to the ``dictionary``.</doc>
<msg timestamp="20240402 15:09:38.954" level="INFO">${parameter_dictionary} = {'environment': 'Stage', 'username': 'ezekiel.isidro+4@pdax.ph', 'password': 'Password123!', 'sender_first_name': 'Alwin', 'sender_middle_name': 'Levi Brion', 'sender_last_name': 'Zacarias', 'sender_c...</msg>
<status status="PASS" starttime="20240402 15:09:38.954" endtime="20240402 15:09:38.955"/>
</kw>
<status status="PASS" starttime="20240402 15:09:38.954" endtime="20240402 15:09:38.955"/>
</iter>
<iter>
<var name="${i}">17</var>
<kw name="Set To Dictionary" library="Collections">
<var>${parameter_dictionary}</var>
<arg>${parameter_dictionary}</arg>
<arg>${list[0]}[${i}]=${list[${row_index}]}[${i}]</arg>
<doc>Adds the given ``key_value_pairs`` and/or ``items`` to the ``dictionary``.</doc>
<msg timestamp="20240402 15:09:38.955" level="INFO">${parameter_dictionary} = {'environment': 'Stage', 'username': 'ezekiel.isidro+4@pdax.ph', 'password': 'Password123!', 'sender_first_name': 'Alwin', 'sender_middle_name': 'Levi Brion', 'sender_last_name': 'Zacarias', 'sender_c...</msg>
<status status="PASS" starttime="20240402 15:09:38.955" endtime="20240402 15:09:38.955"/>
</kw>
<status status="PASS" starttime="20240402 15:09:38.955" endtime="20240402 15:09:38.955"/>
</iter>
<iter>
<var name="${i}">18</var>
<kw name="Set To Dictionary" library="Collections">
<var>${parameter_dictionary}</var>
<arg>${parameter_dictionary}</arg>
<arg>${list[0]}[${i}]=${list[${row_index}]}[${i}]</arg>
<doc>Adds the given ``key_value_pairs`` and/or ``items`` to the ``dictionary``.</doc>
<msg timestamp="20240402 15:09:38.956" level="INFO">${parameter_dictionary} = {'environment': 'Stage', 'username': 'ezekiel.isidro+4@pdax.ph', 'password': 'Password123!', 'sender_first_name': 'Alwin', 'sender_middle_name': 'Levi Brion', 'sender_last_name': 'Zacarias', 'sender_c...</msg>
<status status="PASS" starttime="20240402 15:09:38.956" endtime="20240402 15:09:38.956"/>
</kw>
<status status="PASS" starttime="20240402 15:09:38.955" endtime="20240402 15:09:38.956"/>
</iter>
<iter>
<var name="${i}">19</var>
<kw name="Set To Dictionary" library="Collections">
<var>${parameter_dictionary}</var>
<arg>${parameter_dictionary}</arg>
<arg>${list[0]}[${i}]=${list[${row_index}]}[${i}]</arg>
<doc>Adds the given ``key_value_pairs`` and/or ``items`` to the ``dictionary``.</doc>
<msg timestamp="20240402 15:09:38.957" level="INFO">${parameter_dictionary} = {'environment': 'Stage', 'username': 'ezekiel.isidro+4@pdax.ph', 'password': 'Password123!', 'sender_first_name': 'Alwin', 'sender_middle_name': 'Levi Brion', 'sender_last_name': 'Zacarias', 'sender_c...</msg>
<status status="PASS" starttime="20240402 15:09:38.957" endtime="20240402 15:09:38.957"/>
</kw>
<status status="PASS" starttime="20240402 15:09:38.956" endtime="20240402 15:09:38.958"/>
</iter>
<iter>
<var name="${i}">20</var>
<kw name="Set To Dictionary" library="Collections">
<var>${parameter_dictionary}</var>
<arg>${parameter_dictionary}</arg>
<arg>${list[0]}[${i}]=${list[${row_index}]}[${i}]</arg>
<doc>Adds the given ``key_value_pairs`` and/or ``items`` to the ``dictionary``.</doc>
<msg timestamp="20240402 15:09:38.958" level="INFO">${parameter_dictionary} = {'environment': 'Stage', 'username': 'ezekiel.isidro+4@pdax.ph', 'password': 'Password123!', 'sender_first_name': 'Alwin', 'sender_middle_name': 'Levi Brion', 'sender_last_name': 'Zacarias', 'sender_c...</msg>
<status status="PASS" starttime="20240402 15:09:38.958" endtime="20240402 15:09:38.958"/>
</kw>
<status status="PASS" starttime="20240402 15:09:38.958" endtime="20240402 15:09:38.958"/>
</iter>
<iter>
<var name="${i}">21</var>
<kw name="Set To Dictionary" library="Collections">
<var>${parameter_dictionary}</var>
<arg>${parameter_dictionary}</arg>
<arg>${list[0]}[${i}]=${list[${row_index}]}[${i}]</arg>
<doc>Adds the given ``key_value_pairs`` and/or ``items`` to the ``dictionary``.</doc>
<msg timestamp="20240402 15:09:38.959" level="INFO">${parameter_dictionary} = {'environment': 'Stage', 'username': 'ezekiel.isidro+4@pdax.ph', 'password': 'Password123!', 'sender_first_name': 'Alwin', 'sender_middle_name': 'Levi Brion', 'sender_last_name': 'Zacarias', 'sender_c...</msg>
<status status="PASS" starttime="20240402 15:09:38.959" endtime="20240402 15:09:38.959"/>
</kw>
<status status="PASS" starttime="20240402 15:09:38.958" endtime="20240402 15:09:38.959"/>
</iter>
<iter>
<var name="${i}">22</var>
<kw name="Set To Dictionary" library="Collections">
<var>${parameter_dictionary}</var>
<arg>${parameter_dictionary}</arg>
<arg>${list[0]}[${i}]=${list[${row_index}]}[${i}]</arg>
<doc>Adds the given ``key_value_pairs`` and/or ``items`` to the ``dictionary``.</doc>
<msg timestamp="20240402 15:09:38.960" level="INFO">${parameter_dictionary} = {'environment': 'Stage', 'username': 'ezekiel.isidro+4@pdax.ph', 'password': 'Password123!', 'sender_first_name': 'Alwin', 'sender_middle_name': 'Levi Brion', 'sender_last_name': 'Zacarias', 'sender_c...</msg>
<status status="PASS" starttime="20240402 15:09:38.959" endtime="20240402 15:09:38.960"/>
</kw>
<status status="PASS" starttime="20240402 15:09:38.959" endtime="20240402 15:09:38.960"/>
</iter>
<iter>
<var name="${i}">23</var>
<kw name="Set To Dictionary" library="Collections">
<var>${parameter_dictionary}</var>
<arg>${parameter_dictionary}</arg>
<arg>${list[0]}[${i}]=${list[${row_index}]}[${i}]</arg>
<doc>Adds the given ``key_value_pairs`` and/or ``items`` to the ``dictionary``.</doc>
<msg timestamp="20240402 15:09:38.961" level="INFO">${parameter_dictionary} = {'environment': 'Stage', 'username': 'ezekiel.isidro+4@pdax.ph', 'password': 'Password123!', 'sender_first_name': 'Alwin', 'sender_middle_name': 'Levi Brion', 'sender_last_name': 'Zacarias', 'sender_c...</msg>
<status status="PASS" starttime="20240402 15:09:38.960" endtime="20240402 15:09:38.961"/>
</kw>
<status status="PASS" starttime="20240402 15:09:38.960" endtime="20240402 15:09:38.961"/>
</iter>
<iter>
<var name="${i}">24</var>
<kw name="Set To Dictionary" library="Collections">
<var>${parameter_dictionary}</var>
<arg>${parameter_dictionary}</arg>
<arg>${list[0]}[${i}]=${list[${row_index}]}[${i}]</arg>
<doc>Adds the given ``key_value_pairs`` and/or ``items`` to the ``dictionary``.</doc>
<msg timestamp="20240402 15:09:38.962" level="INFO">${parameter_dictionary} = {'environment': 'Stage', 'username': 'ezekiel.isidro+4@pdax.ph', 'password': 'Password123!', 'sender_first_name': 'Alwin', 'sender_middle_name': 'Levi Brion', 'sender_last_name': 'Zacarias', 'sender_c...</msg>
<status status="PASS" starttime="20240402 15:09:38.961" endtime="20240402 15:09:38.962"/>
</kw>
<status status="PASS" starttime="20240402 15:09:38.961" endtime="20240402 15:09:38.962"/>
</iter>
<iter>
<var name="${i}">25</var>
<kw name="Set To Dictionary" library="Collections">
<var>${parameter_dictionary}</var>
<arg>${parameter_dictionary}</arg>
<arg>${list[0]}[${i}]=${list[${row_index}]}[${i}]</arg>
<doc>Adds the given ``key_value_pairs`` and/or ``items`` to the ``dictionary``.</doc>
<msg timestamp="20240402 15:09:38.963" level="INFO">${parameter_dictionary} = {'environment': 'Stage', 'username': 'ezekiel.isidro+4@pdax.ph', 'password': 'Password123!', 'sender_first_name': 'Alwin', 'sender_middle_name': 'Levi Brion', 'sender_last_name': 'Zacarias', 'sender_c...</msg>
<status status="PASS" starttime="20240402 15:09:38.962" endtime="20240402 15:09:38.963"/>
</kw>
<status status="PASS" starttime="20240402 15:09:38.962" endtime="20240402 15:09:38.963"/>
</iter>
<iter>
<var name="${i}">26</var>
<kw name="Set To Dictionary" library="Collections">
<var>${parameter_dictionary}</var>
<arg>${parameter_dictionary}</arg>
<arg>${list[0]}[${i}]=${list[${row_index}]}[${i}]</arg>
<doc>Adds the given ``key_value_pairs`` and/or ``items`` to the ``dictionary``.</doc>
<msg timestamp="20240402 15:09:38.964" level="INFO">${parameter_dictionary} = {'environment': 'Stage', 'username': 'ezekiel.isidro+4@pdax.ph', 'password': 'Password123!', 'sender_first_name': 'Alwin', 'sender_middle_name': 'Levi Brion', 'sender_last_name': 'Zacarias', 'sender_c...</msg>
<status status="PASS" starttime="20240402 15:09:38.963" endtime="20240402 15:09:38.964"/>
</kw>
<status status="PASS" starttime="20240402 15:09:38.963" endtime="20240402 15:09:38.964"/>
</iter>
<iter>
<var name="${i}">27</var>
<kw name="Set To Dictionary" library="Collections">
<var>${parameter_dictionary}</var>
<arg>${parameter_dictionary}</arg>
<arg>${list[0]}[${i}]=${list[${row_index}]}[${i}]</arg>
<doc>Adds the given ``key_value_pairs`` and/or ``items`` to the ``dictionary``.</doc>
<msg timestamp="20240402 15:09:38.965" level="INFO">${parameter_dictionary} = {'environment': 'Stage', 'username': 'ezekiel.isidro+4@pdax.ph', 'password': 'Password123!', 'sender_first_name': 'Alwin', 'sender_middle_name': 'Levi Brion', 'sender_last_name': 'Zacarias', 'sender_c...</msg>
<status status="PASS" starttime="20240402 15:09:38.964" endtime="20240402 15:09:38.965"/>
</kw>
<status status="PASS" starttime="20240402 15:09:38.964" endtime="20240402 15:09:38.965"/>
</iter>
<iter>
<var name="${i}">28</var>
<kw name="Set To Dictionary" library="Collections">
<var>${parameter_dictionary}</var>
<arg>${parameter_dictionary}</arg>
<arg>${list[0]}[${i}]=${list[${row_index}]}[${i}]</arg>
<doc>Adds the given ``key_value_pairs`` and/or ``items`` to the ``dictionary``.</doc>
<msg timestamp="20240402 15:09:38.966" level="INFO">${parameter_dictionary} = {'environment': 'Stage', 'username': 'ezekiel.isidro+4@pdax.ph', 'password': 'Password123!', 'sender_first_name': 'Alwin', 'sender_middle_name': 'Levi Brion', 'sender_last_name': 'Zacarias', 'sender_c...</msg>
<status status="PASS" starttime="20240402 15:09:38.965" endtime="20240402 15:09:38.966"/>
</kw>
<status status="PASS" starttime="20240402 15:09:38.965" endtime="20240402 15:09:38.966"/>
</iter>
<iter>
<var name="${i}">29</var>
<kw name="Set To Dictionary" library="Collections">
<var>${parameter_dictionary}</var>
<arg>${parameter_dictionary}</arg>
<arg>${list[0]}[${i}]=${list[${row_index}]}[${i}]</arg>
<doc>Adds the given ``key_value_pairs`` and/or ``items`` to the ``dictionary``.</doc>
<msg timestamp="20240402 15:09:38.966" level="INFO">${parameter_dictionary} = {'environment': 'Stage', 'username': 'ezekiel.isidro+4@pdax.ph', 'password': 'Password123!', 'sender_first_name': 'Alwin', 'sender_middle_name': 'Levi Brion', 'sender_last_name': 'Zacarias', 'sender_c...</msg>
<status status="PASS" starttime="20240402 15:09:38.966" endtime="20240402 15:09:38.966"/>
</kw>
<status status="PASS" starttime="20240402 15:09:38.966" endtime="20240402 15:09:38.967"/>
</iter>
<iter>
<var name="${i}">30</var>
<kw name="Set To Dictionary" library="Collections">
<var>${parameter_dictionary}</var>
<arg>${parameter_dictionary}</arg>
<arg>${list[0]}[${i}]=${list[${row_index}]}[${i}]</arg>
<doc>Adds the given ``key_value_pairs`` and/or ``items`` to the ``dictionary``.</doc>
<msg timestamp="20240402 15:09:38.968" level="INFO">${parameter_dictionary} = {'environment': 'Stage', 'username': 'ezekiel.isidro+4@pdax.ph', 'password': 'Password123!', 'sender_first_name': 'Alwin', 'sender_middle_name': 'Levi Brion', 'sender_last_name': 'Zacarias', 'sender_c...</msg>
<status status="PASS" starttime="20240402 15:09:38.967" endtime="20240402 15:09:38.968"/>
</kw>
<status status="PASS" starttime="20240402 15:09:38.967" endtime="20240402 15:09:38.968"/>
</iter>
<iter>
<var name="${i}">31</var>
<kw name="Set To Dictionary" library="Collections">
<var>${parameter_dictionary}</var>
<arg>${parameter_dictionary}</arg>
<arg>${list[0]}[${i}]=${list[${row_index}]}[${i}]</arg>
<doc>Adds the given ``key_value_pairs`` and/or ``items`` to the ``dictionary``.</doc>
<msg timestamp="20240402 15:09:38.969" level="INFO">${parameter_dictionary} = {'environment': 'Stage', 'username': 'ezekiel.isidro+4@pdax.ph', 'password': 'Password123!', 'sender_first_name': 'Alwin', 'sender_middle_name': 'Levi Brion', 'sender_last_name': 'Zacarias', 'sender_c...</msg>
<status status="PASS" starttime="20240402 15:09:38.968" endtime="20240402 15:09:38.969"/>
</kw>
<status status="PASS" starttime="20240402 15:09:38.968" endtime="20240402 15:09:38.969"/>
</iter>
<iter>
<var name="${i}">32</var>
<kw name="Set To Dictionary" library="Collections">
<var>${parameter_dictionary}</var>
<arg>${parameter_dictionary}</arg>
<arg>${list[0]}[${i}]=${list[${row_index}]}[${i}]</arg>
<doc>Adds the given ``key_value_pairs`` and/or ``items`` to the ``dictionary``.</doc>
<msg timestamp="20240402 15:09:38.970" level="INFO">${parameter_dictionary} = {'environment': 'Stage', 'username': 'ezekiel.isidro+4@pdax.ph', 'password': 'Password123!', 'sender_first_name': 'Alwin', 'sender_middle_name': 'Levi Brion', 'sender_last_name': 'Zacarias', 'sender_c...</msg>
<status status="PASS" starttime="20240402 15:09:38.969" endtime="20240402 15:09:38.970"/>
</kw>
<status status="PASS" starttime="20240402 15:09:38.969" endtime="20240402 15:09:38.970"/>
</iter>
<iter>
<var name="${i}">33</var>
<kw name="Set To Dictionary" library="Collections">
<var>${parameter_dictionary}</var>
<arg>${parameter_dictionary}</arg>
<arg>${list[0]}[${i}]=${list[${row_index}]}[${i}]</arg>
<doc>Adds the given ``key_value_pairs`` and/or ``items`` to the ``dictionary``.</doc>
<msg timestamp="20240402 15:09:38.971" level="INFO">${parameter_dictionary} = {'environment': 'Stage', 'username': 'ezekiel.isidro+4@pdax.ph', 'password': 'Password123!', 'sender_first_name': 'Alwin', 'sender_middle_name': 'Levi Brion', 'sender_last_name': 'Zacarias', 'sender_c...</msg>
<status status="PASS" starttime="20240402 15:09:38.970" endtime="20240402 15:09:38.971"/>
</kw>
<status status="PASS" starttime="20240402 15:09:38.970" endtime="20240402 15:09:38.971"/>
</iter>
<iter>
<var name="${i}">34</var>
<kw name="Set To Dictionary" library="Collections">
<var>${parameter_dictionary}</var>
<arg>${parameter_dictionary}</arg>
<arg>${list[0]}[${i}]=${list[${row_index}]}[${i}]</arg>
<doc>Adds the given ``key_value_pairs`` and/or ``items`` to the ``dictionary``.</doc>
<msg timestamp="20240402 15:09:38.972" level="INFO">${parameter_dictionary} = {'environment': 'Stage', 'username': 'ezekiel.isidro+4@pdax.ph', 'password': 'Password123!', 'sender_first_name': 'Alwin', 'sender_middle_name': 'Levi Brion', 'sender_last_name': 'Zacarias', 'sender_c...</msg>
<status status="PASS" starttime="20240402 15:09:38.971" endtime="20240402 15:09:38.972"/>
</kw>
<status status="PASS" starttime="20240402 15:09:38.971" endtime="20240402 15:09:38.972"/>
</iter>
<iter>
<var name="${i}">35</var>
<kw name="Set To Dictionary" library="Collections">
<var>${parameter_dictionary}</var>
<arg>${parameter_dictionary}</arg>
<arg>${list[0]}[${i}]=${list[${row_index}]}[${i}]</arg>
<doc>Adds the given ``key_value_pairs`` and/or ``items`` to the ``dictionary``.</doc>
<msg timestamp="20240402 15:09:38.973" level="INFO">${parameter_dictionary} = {'environment': 'Stage', 'username': 'ezekiel.isidro+4@pdax.ph', 'password': 'Password123!', 'sender_first_name': 'Alwin', 'sender_middle_name': 'Levi Brion', 'sender_last_name': 'Zacarias', 'sender_c...</msg>
<status status="PASS" starttime="20240402 15:09:38.972" endtime="20240402 15:09:38.973"/>
</kw>
<status status="PASS" starttime="20240402 15:09:38.972" endtime="20240402 15:09:38.973"/>
</iter>
<iter>
<var name="${i}">36</var>
<kw name="Set To Dictionary" library="Collections">
<var>${parameter_dictionary}</var>
<arg>${parameter_dictionary}</arg>
<arg>${list[0]}[${i}]=${list[${row_index}]}[${i}]</arg>
<doc>Adds the given ``key_value_pairs`` and/or ``items`` to the ``dictionary``.</doc>
<msg timestamp="20240402 15:09:38.974" level="INFO">${parameter_dictionary} = {'environment': 'Stage', 'username': 'ezekiel.isidro+4@pdax.ph', 'password': 'Password123!', 'sender_first_name': 'Alwin', 'sender_middle_name': 'Levi Brion', 'sender_last_name': 'Zacarias', 'sender_c...</msg>
<status status="PASS" starttime="20240402 15:09:38.973" endtime="20240402 15:09:38.974"/>
</kw>
<status status="PASS" starttime="20240402 15:09:38.973" endtime="20240402 15:09:38.974"/>
</iter>
<iter>
<var name="${i}">37</var>
<kw name="Set To Dictionary" library="Collections">
<var>${parameter_dictionary}</var>
<arg>${parameter_dictionary}</arg>
<arg>${list[0]}[${i}]=${list[${row_index}]}[${i}]</arg>
<doc>Adds the given ``key_value_pairs`` and/or ``items`` to the ``dictionary``.</doc>
<msg timestamp="20240402 15:09:38.974" level="INFO">${parameter_dictionary} = {'environment': 'Stage', 'username': 'ezekiel.isidro+4@pdax.ph', 'password': 'Password123!', 'sender_first_name': 'Alwin', 'sender_middle_name': 'Levi Brion', 'sender_last_name': 'Zacarias', 'sender_c...</msg>
<status status="PASS" starttime="20240402 15:09:38.974" endtime="20240402 15:09:38.974"/>
</kw>
<status status="PASS" starttime="20240402 15:09:38.974" endtime="20240402 15:09:38.974"/>
</iter>
<iter>
<var name="${i}">38</var>
<kw name="Set To Dictionary" library="Collections">
<var>${parameter_dictionary}</var>
<arg>${parameter_dictionary}</arg>
<arg>${list[0]}[${i}]=${list[${row_index}]}[${i}]</arg>
<doc>Adds the given ``key_value_pairs`` and/or ``items`` to the ``dictionary``.</doc>
<msg timestamp="20240402 15:09:38.975" level="INFO">${parameter_dictionary} = {'environment': 'Stage', 'username': 'ezekiel.isidro+4@pdax.ph', 'password': 'Password123!', 'sender_first_name': 'Alwin', 'sender_middle_name': 'Levi Brion', 'sender_last_name': 'Zacarias', 'sender_c...</msg>
<status status="PASS" starttime="20240402 15:09:38.975" endtime="20240402 15:09:38.975"/>
</kw>
<status status="PASS" starttime="20240402 15:09:38.975" endtime="20240402 15:09:38.975"/>
</iter>
<iter>
<var name="${i}">39</var>
<kw name="Set To Dictionary" library="Collections">
<var>${parameter_dictionary}</var>
<arg>${parameter_dictionary}</arg>
<arg>${list[0]}[${i}]=${list[${row_index}]}[${i}]</arg>
<doc>Adds the given ``key_value_pairs`` and/or ``items`` to the ``dictionary``.</doc>
<msg timestamp="20240402 15:09:38.976" level="INFO">${parameter_dictionary} = {'environment': 'Stage', 'username': 'ezekiel.isidro+4@pdax.ph', 'password': 'Password123!', 'sender_first_name': 'Alwin', 'sender_middle_name': 'Levi Brion', 'sender_last_name': 'Zacarias', 'sender_c...</msg>
<status status="PASS" starttime="20240402 15:09:38.975" endtime="20240402 15:09:38.976"/>
</kw>
<status status="PASS" starttime="20240402 15:09:38.975" endtime="20240402 15:09:38.976"/>
</iter>
<iter>
<var name="${i}">40</var>
<kw name="Set To Dictionary" library="Collections">
<var>${parameter_dictionary}</var>
<arg>${parameter_dictionary}</arg>
<arg>${list[0]}[${i}]=${list[${row_index}]}[${i}]</arg>
<doc>Adds the given ``key_value_pairs`` and/or ``items`` to the ``dictionary``.</doc>
<msg timestamp="20240402 15:09:38.977" level="INFO">${parameter_dictionary} = {'environment': 'Stage', 'username': 'ezekiel.isidro+4@pdax.ph', 'password': 'Password123!', 'sender_first_name': 'Alwin', 'sender_middle_name': 'Levi Brion', 'sender_last_name': 'Zacarias', 'sender_c...</msg>
<status status="PASS" starttime="20240402 15:09:38.976" endtime="20240402 15:09:38.977"/>
</kw>
<status status="PASS" starttime="20240402 15:09:38.976" endtime="20240402 15:09:38.977"/>
</iter>
<iter>
<var name="${i}">41</var>
<kw name="Set To Dictionary" library="Collections">
<var>${parameter_dictionary}</var>
<arg>${parameter_dictionary}</arg>
<arg>${list[0]}[${i}]=${list[${row_index}]}[${i}]</arg>
<doc>Adds the given ``key_value_pairs`` and/or ``items`` to the ``dictionary``.</doc>
<msg timestamp="20240402 15:09:38.978" level="INFO">${parameter_dictionary} = {'environment': 'Stage', 'username': 'ezekiel.isidro+4@pdax.ph', 'password': 'Password123!', 'sender_first_name': 'Alwin', 'sender_middle_name': 'Levi Brion', 'sender_last_name': 'Zacarias', 'sender_c...</msg>
<status status="PASS" starttime="20240402 15:09:38.977" endtime="20240402 15:09:38.978"/>
</kw>
<status status="PASS" starttime="20240402 15:09:38.977" endtime="20240402 15:09:38.978"/>
</iter>
<iter>
<var name="${i}">42</var>
<kw name="Set To Dictionary" library="Collections">
<var>${parameter_dictionary}</var>
<arg>${parameter_dictionary}</arg>
<arg>${list[0]}[${i}]=${list[${row_index}]}[${i}]</arg>
<doc>Adds the given ``key_value_pairs`` and/or ``items`` to the ``dictionary``.</doc>
<msg timestamp="20240402 15:09:38.979" level="INFO">${parameter_dictionary} = {'environment': 'Stage', 'username': 'ezekiel.isidro+4@pdax.ph', 'password': 'Password123!', 'sender_first_name': 'Alwin', 'sender_middle_name': 'Levi Brion', 'sender_last_name': 'Zacarias', 'sender_c...</msg>
<status status="PASS" starttime="20240402 15:09:38.978" endtime="20240402 15:09:38.979"/>
</kw>
<status status="PASS" starttime="20240402 15:09:38.978" endtime="20240402 15:09:38.979"/>
</iter>
<iter>
<var name="${i}">43</var>
<kw name="Set To Dictionary" library="Collections">
<var>${parameter_dictionary}</var>
<arg>${parameter_dictionary}</arg>
<arg>${list[0]}[${i}]=${list[${row_index}]}[${i}]</arg>
<doc>Adds the given ``key_value_pairs`` and/or ``items`` to the ``dictionary``.</doc>
<msg timestamp="20240402 15:09:38.980" level="INFO">${parameter_dictionary} = {'environment': 'Stage', 'username': 'ezekiel.isidro+4@pdax.ph', 'password': 'Password123!', 'sender_first_name': 'Alwin', 'sender_middle_name': 'Levi Brion', 'sender_last_name': 'Zacarias', 'sender_c...</msg>
<status status="PASS" starttime="20240402 15:09:38.979" endtime="20240402 15:09:38.980"/>
</kw>
<status status="PASS" starttime="20240402 15:09:38.979" endtime="20240402 15:09:38.980"/>
</iter>
<iter>
<var name="${i}">44</var>
<kw name="Set To Dictionary" library="Collections">
<var>${parameter_dictionary}</var>
<arg>${parameter_dictionary}</arg>
<arg>${list[0]}[${i}]=${list[${row_index}]}[${i}]</arg>
<doc>Adds the given ``key_value_pairs`` and/or ``items`` to the ``dictionary``.</doc>
<msg timestamp="20240402 15:09:38.981" level="INFO">${parameter_dictionary} = {'environment': 'Stage', 'username': 'ezekiel.isidro+4@pdax.ph', 'password': 'Password123!', 'sender_first_name': 'Alwin', 'sender_middle_name': 'Levi Brion', 'sender_last_name': 'Zacarias', 'sender_c...</msg>
<status status="PASS" starttime="20240402 15:09:38.980" endtime="20240402 15:09:38.981"/>
</kw>
<status status="PASS" starttime="20240402 15:09:38.980" endtime="20240402 15:09:38.981"/>
</iter>
<iter>
<var name="${i}">45</var>
<kw name="Set To Dictionary" library="Collections">
<var>${parameter_dictionary}</var>
<arg>${parameter_dictionary}</arg>
<arg>${list[0]}[${i}]=${list[${row_index}]}[${i}]</arg>
<doc>Adds the given ``key_value_pairs`` and/or ``items`` to the ``dictionary``.</doc>
<msg timestamp="20240402 15:09:38.982" level="INFO">${parameter_dictionary} = {'environment': 'Stage', 'username': 'ezekiel.isidro+4@pdax.ph', 'password': 'Password123!', 'sender_first_name': 'Alwin', 'sender_middle_name': 'Levi Brion', 'sender_last_name': 'Zacarias', 'sender_c...</msg>
<status status="PASS" starttime="20240402 15:09:38.981" endtime="20240402 15:09:38.982"/>
</kw>
<status status="PASS" starttime="20240402 15:09:38.981" endtime="20240402 15:09:38.982"/>
</iter>
<iter>
<var name="${i}">46</var>
<kw name="Set To Dictionary" library="Collections">
<var>${parameter_dictionary}</var>
<arg>${parameter_dictionary}</arg>
<arg>${list[0]}[${i}]=${list[${row_index}]}[${i}]</arg>
<doc>Adds the given ``key_value_pairs`` and/or ``items`` to the ``dictionary``.</doc>
<msg timestamp="20240402 15:09:38.982" level="INFO">${parameter_dictionary} = {'environment': 'Stage', 'username': 'ezekiel.isidro+4@pdax.ph', 'password': 'Password123!', 'sender_first_name': 'Alwin', 'sender_middle_name': 'Levi Brion', 'sender_last_name': 'Zacarias', 'sender_c...</msg>
<status status="PASS" starttime="20240402 15:09:38.982" endtime="20240402 15:09:38.982"/>
</kw>
<status status="PASS" starttime="20240402 15:09:38.982" endtime="20240402 15:09:38.983"/>
</iter>
<iter>
<var name="${i}">47</var>
<kw name="Set To Dictionary" library="Collections">
<var>${parameter_dictionary}</var>
<arg>${parameter_dictionary}</arg>
<arg>${list[0]}[${i}]=${list[${row_index}]}[${i}]</arg>
<doc>Adds the given ``key_value_pairs`` and/or ``items`` to the ``dictionary``.</doc>
<msg timestamp="20240402 15:09:38.983" level="INFO">${parameter_dictionary} = {'environment': 'Stage', 'username': 'ezekiel.isidro+4@pdax.ph', 'password': 'Password123!', 'sender_first_name': 'Alwin', 'sender_middle_name': 'Levi Brion', 'sender_last_name': 'Zacarias', 'sender_c...</msg>
<status status="PASS" starttime="20240402 15:09:38.983" endtime="20240402 15:09:38.983"/>
</kw>
<status status="PASS" starttime="20240402 15:09:38.983" endtime="20240402 15:09:38.983"/>
</iter>
<iter>
<var name="${i}">48</var>
<kw name="Set To Dictionary" library="Collections">
<var>${parameter_dictionary}</var>
<arg>${parameter_dictionary}</arg>
<arg>${list[0]}[${i}]=${list[${row_index}]}[${i}]</arg>
<doc>Adds the given ``key_value_pairs`` and/or ``items`` to the ``dictionary``.</doc>
<msg timestamp="20240402 15:09:38.984" level="INFO">${parameter_dictionary} = {'environment': 'Stage', 'username': 'ezekiel.isidro+4@pdax.ph', 'password': 'Password123!', 'sender_first_name': 'Alwin', 'sender_middle_name': 'Levi Brion', 'sender_last_name': 'Zacarias', 'sender_c...</msg>
<status status="PASS" starttime="20240402 15:09:38.984" endtime="20240402 15:09:38.984"/>
</kw>
<status status="PASS" starttime="20240402 15:09:38.984" endtime="20240402 15:09:38.985"/>
</iter>
<iter>
<var name="${i}">49</var>
<kw name="Set To Dictionary" library="Collections">
<var>${parameter_dictionary}</var>
<arg>${parameter_dictionary}</arg>
<arg>${list[0]}[${i}]=${list[${row_index}]}[${i}]</arg>
<doc>Adds the given ``key_value_pairs`` and/or ``items`` to the ``dictionary``.</doc>
<msg timestamp="20240402 15:09:38.985" level="INFO">${parameter_dictionary} = {'environment': 'Stage', 'username': 'ezekiel.isidro+4@pdax.ph', 'password': 'Password123!', 'sender_first_name': 'Alwin', 'sender_middle_name': 'Levi Brion', 'sender_last_name': 'Zacarias', 'sender_c...</msg>
<status status="PASS" starttime="20240402 15:09:38.985" endtime="20240402 15:09:38.985"/>
</kw>
<status status="PASS" starttime="20240402 15:09:38.985" endtime="20240402 15:09:38.986"/>
</iter>
<iter>
<var name="${i}">50</var>
<kw name="Set To Dictionary" library="Collections">
<var>${parameter_dictionary}</var>
<arg>${parameter_dictionary}</arg>
<arg>${list[0]}[${i}]=${list[${row_index}]}[${i}]</arg>
<doc>Adds the given ``key_value_pairs`` and/or ``items`` to the ``dictionary``.</doc>
<msg timestamp="20240402 15:09:38.987" level="INFO">${parameter_dictionary} = {'environment': 'Stage', 'username': 'ezekiel.isidro+4@pdax.ph', 'password': 'Password123!', 'sender_first_name': 'Alwin', 'sender_middle_name': 'Levi Brion', 'sender_last_name': 'Zacarias', 'sender_c...</msg>
<status status="PASS" starttime="20240402 15:09:38.986" endtime="20240402 15:09:38.987"/>
</kw>
<status status="PASS" starttime="20240402 15:09:38.986" endtime="20240402 15:09:38.987"/>
</iter>
<iter>
<var name="${i}">51</var>
<kw name="Set To Dictionary" library="Collections">
<var>${parameter_dictionary}</var>
<arg>${parameter_dictionary}</arg>
<arg>${list[0]}[${i}]=${list[${row_index}]}[${i}]</arg>
<doc>Adds the given ``key_value_pairs`` and/or ``items`` to the ``dictionary``.</doc>
<msg timestamp="20240402 15:09:38.988" level="INFO">${parameter_dictionary} = {'environment': 'Stage', 'username': 'ezekiel.isidro+4@pdax.ph', 'password': 'Password123!', 'sender_first_name': 'Alwin', 'sender_middle_name': 'Levi Brion', 'sender_last_name': 'Zacarias', 'sender_c...</msg>
<status status="PASS" starttime="20240402 15:09:38.987" endtime="20240402 15:09:38.988"/>
</kw>
<status status="PASS" starttime="20240402 15:09:38.987" endtime="20240402 15:09:38.988"/>
</iter>
<iter>
<var name="${i}">52</var>
<kw name="Set To Dictionary" library="Collections">
<var>${parameter_dictionary}</var>
<arg>${parameter_dictionary}</arg>
<arg>${list[0]}[${i}]=${list[${row_index}]}[${i}]</arg>
<doc>Adds the given ``key_value_pairs`` and/or ``items`` to the ``dictionary``.</doc>
<msg timestamp="20240402 15:09:38.989" level="INFO">${parameter_dictionary} = {'environment': 'Stage', 'username': 'ezekiel.isidro+4@pdax.ph', 'password': 'Password123!', 'sender_first_name': 'Alwin', 'sender_middle_name': 'Levi Brion', 'sender_last_name': 'Zacarias', 'sender_c...</msg>
<status status="PASS" starttime="20240402 15:09:38.988" endtime="20240402 15:09:38.989"/>
</kw>
<status status="PASS" starttime="20240402 15:09:38.988" endtime="20240402 15:09:38.989"/>
</iter>
<iter>
<var name="${i}">53</var>
<kw name="Set To Dictionary" library="Collections">
<var>${parameter_dictionary}</var>
<arg>${parameter_dictionary}</arg>
<arg>${list[0]}[${i}]=${list[${row_index}]}[${i}]</arg>
<doc>Adds the given ``key_value_pairs`` and/or ``items`` to the ``dictionary``.</doc>
<msg timestamp="20240402 15:09:38.991" level="INFO">${parameter_dictionary} = {'environment': 'Stage', 'username': 'ezekiel.isidro+4@pdax.ph', 'password': 'Password123!', 'sender_first_name': 'Alwin', 'sender_middle_name': 'Levi Brion', 'sender_last_name': 'Zacarias', 'sender_c...</msg>
<status status="PASS" starttime="20240402 15:09:38.990" endtime="20240402 15:09:38.991"/>
</kw>
<status status="PASS" starttime="20240402 15:09:38.989" endtime="20240402 15:09:38.991"/>
</iter>
<status status="PASS" starttime="20240402 15:09:38.939" endtime="20240402 15:09:38.991"/>
</for>
<status status="PASS" starttime="20240402 15:09:38.931" endtime="20240402 15:09:38.991"/>
</kw>
<kw name="Set Up Environment" library="CommonTools">
<arg>${parameter_dictionary}[environment]</arg>
<kw name="Empty Dictionary" library="CommonTools">
<var>${base_url_dictionary}</var>
<arg>${base_url_dictionary}</arg>
<kw name="Get Dictionary Keys" library="Collections">
<var>${keys}</var>
<arg>${dictionary}</arg>
<doc>Returns keys of the given ``dictionary`` as a list.</doc>
<msg timestamp="20240402 15:09:38.992" level="INFO">${keys} = []</msg>
<status status="PASS" starttime="20240402 15:09:38.991" endtime="20240402 15:09:38.992"/>
</kw>
<kw name="Get Length" library="BuiltIn">
<var>${length}</var>
<arg>${keys}</arg>
<doc>Returns and logs the length of the given item as an integer.</doc>
<msg timestamp="20240402 15:09:38.992" level="INFO">Length is 0</msg>
<msg timestamp="20240402 15:09:38.992" level="INFO">${length} = 0</msg>
<status status="PASS" starttime="20240402 15:09:38.992" endtime="20240402 15:09:38.992"/>
</kw>
<for flavor="IN RANGE">
<var>${index}</var>
<value>0</value>
<value>${length}</value>
<iter>
<var name="${index}"/>
<kw name="Remove From Dictionary" library="Collections">
<arg>${dictionary}</arg>
<arg>${keys}[${index}]</arg>
<doc>Removes the given ``keys`` from the ``dictionary``.</doc>
<status status="NOT RUN" starttime="20240402 15:09:38.992" endtime="20240402 15:09:38.992"/>
</kw>
<status status="NOT RUN" starttime="20240402 15:09:38.992" endtime="20240402 15:09:38.992"/>
</iter>
<status status="NOT RUN" starttime="20240402 15:09:38.992" endtime="20240402 15:09:38.992"/>
</for>
<msg timestamp="20240402 15:09:38.992" level="INFO">${base_url_dictionary} = {}</msg>
<status status="PASS" starttime="20240402 15:09:38.991" endtime="20240402 15:09:38.992"/>
</kw>
<kw name="Set To Dictionary" library="Collections">
<var>${base_url_dictionary}</var>
<arg>${base_url_dictionary}</arg>
<arg>base_url=https://${environment}.services.sandbox.pdax.ph/api/pdax-api/pdax-institution/v1</arg>
<doc>Adds the given ``key_value_pairs`` and/or ``items`` to the ``dictionary``.</doc>
<msg timestamp="20240402 15:09:38.993" level="INFO">${base_url_dictionary} = {'base_url': 'https://Stage.services.sandbox.pdax.ph/api/pdax-api/pdax-institution/v1'}</msg>
<status status="PASS" starttime="20240402 15:09:38.992" endtime="20240402 15:09:38.993"/>
</kw>
<status status="PASS" starttime="20240402 15:09:38.991" endtime="20240402 15:09:38.993"/>
</kw>
<kw name="Set To Dictionary" library="Collections">
<var>${login_param}</var>
<arg>${login_param}</arg>
<arg>username=${parameter_dictionary}[username]</arg>
<doc>Adds the given ``key_value_pairs`` and/or ``items`` to the ``dictionary``.</doc>
<msg timestamp="20240402 15:09:38.993" level="INFO">${login_param} = {'username': 'ezekiel.isidro+4@pdax.ph'}</msg>
<status status="PASS" starttime="20240402 15:09:38.993" endtime="20240402 15:09:38.993"/>
</kw>
<kw name="Set To Dictionary" library="Collections">
<var>${login_param}</var>
<arg>${login_param}</arg>
<arg>password=${parameter_dictionary}[password]</arg>
<doc>Adds the given ``key_value_pairs`` and/or ``items`` to the ``dictionary``.</doc>
<msg timestamp="20240402 15:09:38.993" level="INFO">${login_param} = {'username': 'ezekiel.isidro+4@pdax.ph', 'password': 'Password123!'}</msg>
<status status="PASS" starttime="20240402 15:09:38.993" endtime="20240402 15:09:38.993"/>
</kw>
<kw name="Session Exists" library="RequestsLibrary">
<var>${session_exists}</var>
<arg>eisodos_login</arg>
<doc>Return True if the session has been already created</doc>
<msg timestamp="20240402 15:09:38.993" level="INFO">${session_exists} = False</msg>
<status status="PASS" starttime="20240402 15:09:38.993" endtime="20240402 15:09:38.993"/>
</kw>
<if>
<branch type="IF" condition="${session_exists} == False">
<kw name="Create Session" library="RequestsLibrary">
<arg>eisodos_login</arg>
<arg>${base_url_dictionary}[base_url]</arg>
<doc>Create Session: create a HTTP session to a server</doc>
<msg timestamp="20240402 15:09:38.994" level="INFO">Creating Session using : alias=eisodos_login, url=https://Stage.services.sandbox.pdax.ph/api/pdax-api/pdax-institution/v1, headers={},                     cookies={}, auth=None, timeout=None, proxies=None, verify=False,                     debug=0 </msg>
<status status="PASS" starttime="20240402 15:09:38.993" endtime="20240402 15:09:38.994"/>
</kw>
<status status="PASS" starttime="20240402 15:09:38.993" endtime="20240402 15:09:38.994"/>
</branch>
<status status="PASS" starttime="20240402 15:09:38.993" endtime="20240402 15:09:38.994"/>
</if>
<kw name="POST On Session" library="RequestsLibrary">
<var>${response}</var>
<arg>eisodos_login</arg>
<arg>${endpoint_login}</arg>
<arg>json=${login_param}</arg>
<arg>expected_status=200</arg>
<doc>Sends a POST request on a previously created HTTP Session.</doc>
<msg timestamp="20240402 15:09:39.666" level="INFO">POST Request : url=https://stage.services.sandbox.pdax.ph/api/pdax-api/pdax-institution/v1/login 
 path_url=/api/pdax-api/pdax-institution/v1/login 
 headers={'User-Agent': 'python-requests/2.31.0', 'Accept-Encoding': 'gzip, deflate', 'Accept': '*/*', 'Connection': 'keep-alive', 'Content-Length': '68', 'Content-Type': 'application/json'} 
 body=b'{"username": "ezekiel.isidro+4@pdax.ph", "password": "Password123!"}' 
 </msg>
<msg timestamp="20240402 15:09:39.666" level="INFO">POST Response : url=https://stage.services.sandbox.pdax.ph/api/pdax-api/pdax-institution/v1/login 
 status=200, reason=OK 
 headers={'Date': 'Tue, 02 Apr 2024 07:09:39 GMT', 'Content-Type': 'application/json; charset=utf-8', 'Transfer-Encoding': 'chunked', 'Connection': 'keep-alive', 'Content-Security-Policy': "default-src 'self';base-uri 'self';font-src 'self' https: data:;form-action 'self';frame-ancestors 'self';img-src 'self' data:;object-src 'none';script-src 'self';script-src-attr 'none';style-src 'self' https: 'unsafe-inline';upgrade-insecure-requests", 'Cross-Origin-Opener-Policy': 'same-origin', 'Cross-Origin-Resource-Policy': 'same-origin', 'Origin-Agent-Cluster': '?1', 'Referrer-Policy': 'no-referrer', 'Strict-Transport-Security': 'max-age=15552000; includeSubDomains', 'X-Content-Type-Options': 'nosniff', 'X-DNS-Prefetch-Control': 'off', 'X-Download-Options': 'noopen', 'X-Frame-Options': 'SAMEORIGIN', 'X-Permitted-Cross-Domain-Policies': 'none', 'X-XSS-Protection': '0', 'Access-Control-Allow-Origin': '*', 'Permissions-Policy': '', 'ETag': 'W/"113a-H9Lbm3BreRjkMjKUFnFuMJywXUk"', 'Vary': 'Accept-Encoding', 'Content-Encoding': 'gzip'} 
 body={"email":"ezekiel.isidro+4@pdax.ph","username":"99a57ed4-4beb-4b4e-8d5d-bea296ba79be","groups":["insti_user","exchange_user","insti_admin"],"access_token":"eyJraWQiOiJwTXRndmx1UGQ1ZG5YK2U1MXNLQUFSSUpiTW00TnA5SzFUdlZDK0xLVmY4PSIsImFsZyI6IlJTMjU2In0.eyJzdWIiOiI2M2VjM2JjYi0yMjMzLTQ4MDktYWU3Zi1jNzIyMDczY2UxOTQiLCJjb2duaXRvOmdyb3VwcyI6WyJpbnN0aV91c2VyIiwiZXhjaGFuZ2VfdXNlciIsImluc3RpX2FkbWluIl0sImlzcyI6Imh0dHBzOlwvXC9jb2duaXRvLWlkcC5hcC1zb3V0aGVhc3QtMS5hbWF6b25hd3MuY29tXC9hcC1zb3V0aGVhc3QtMV9aMlRrUzhmdFoiLCJjbGllbnRfaWQiOiI2b2p2OWlsbXRnaW1kZHFma3ZoajRtOXZpbSIsIm9yaWdpbl9qdGkiOiI3NzJjYTAwZi03NTZkLTRmYjYtYjQ2Yi1iYmE1YTZjMGZjNWUiLCJldmVudF9pZCI6IjQ1NzgyMjdlLTkyNTQtNDdlNy1iODhmLWE3OGIyMTgwYzNiNCIsInRva2VuX3VzZSI6ImFjY2VzcyIsInNjb3BlIjoiYXdzLmNvZ25pdG8uc2lnbmluLnVzZXIuYWRtaW4iLCJhdXRoX3RpbWUiOjE3MTIwNDE3NzksImV4cCI6MTcxMjA0MjM3OSwiaWF0IjoxNzEyMDQxNzc5LCJqdGkiOiJhOGFlYzM0OC04NWE3LTQ0NmItYmZkMC0wNjdmM2VjZTM4OWMiLCJ1c2VybmFtZSI6Ijk5YTU3ZWQ0LTRiZWItNGI0ZS04ZDVkLWJlYTI5NmJhNzliZSJ9.XytEXnviTa0XVKE3XFqudADg4Glu6aw92JmtXPruZ4TjKvWHT3ZgZetA1yaFcHGEMFl96BtrAfZfHD1Bus7kHsRWScV-8mM5ACSVRR1dpmLwIwl3d7yq3rsz7ise7jPdfFsqILlTFcFDF1uw4Ml807SOPMF9aALb6Bah3Av4pGh8J8Ifyu9UKf-nrQtJNMEGUFtq7ai_dVbYfY6Vbe37FtcW_Db0hoF7ZJXMuXrgpIuHriBn6u07sLdVMVhmA1rXsRg0umBPtKJQQ9drlfMGd3E6b22o5cN3JxTNGSw4bl0BNopXzQFoaixbFEHbceJzzR8czWRNqvdJC0OYw8sFCg","id_token":"eyJraWQiOiJ6dU5uUkVqVmNpUTZ5ektqZEhUOVZoZGZtUzdSSkpzQjQ4ZUZ3S04wdUxZPSIsImFsZyI6IlJTMjU2In0.eyJzdWIiOiI2M2VjM2JjYi0yMjMzLTQ4MDktYWU3Zi1jNzIyMDczY2UxOTQiLCJjb2duaXRvOmdyb3VwcyI6WyJpbnN0aV91c2VyIiwiZXhjaGFuZ2VfdXNlciIsImluc3RpX2FkbWluIl0sImVtYWlsX3ZlcmlmaWVkIjp0cnVlLCJpc3MiOiJodHRwczpcL1wvY29nbml0by1pZHAuYXAtc291dGhlYXN0LTEuYW1hem9uYXdzLmNvbVwvYXAtc291dGhlYXN0LTFfWjJUa1M4ZnRaIiwiY29nbml0bzp1c2VybmFtZSI6Ijk5YTU3ZWQ0LTRiZWItNGI0ZS04ZDVkLWJlYTI5NmJhNzliZSIsIm9yaWdpbl9qdGkiOiI3NzJjYTAwZi03NTZkLTRmYjYtYjQ2Yi1iYmE1YTZjMGZjNWUiLCJhdWQiOiI2b2p2OWlsbXRnaW1kZHFma3ZoajRtOXZpbSIsImV2ZW50X2lkIjoiNDU3ODIyN2UtOTI1NC00N2U3LWI4OGYtYTc4YjIxODBjM2I0IiwidG9rZW5fdXNlIjoiaWQiLCJhdXRoX3RpbWUiOjE3MTIwNDE3NzksImV4cCI6MTcxMjA0MjM3OSwiaWF0IjoxNzEyMDQxNzc5LCJqdGkiOiJlMThlZmIxNS1jMzI3LTQ1MjItODhiNS02Y2JkZTI5ZWM1NjMiLCJlbWFpbCI6ImV6ZWtpZWwuaXNpZHJvKzRAcGRheC5waCJ9.gvh8G4_4_wBw6h5p9nLmG2rhZaQNeFb98UW6FzfdYaSd8u5swjsb7lFxgQoQAtjwIgxRiIHWuhy_ww5fOpx7Nu8xU3J3oIzYlhGkUkG0XMXNPiNoNtr-xqiO_ofCOBZXLIjwsQ5ho3yDq70wUX2vhDeyAhMwfjhHe76q28mGewVQUYmKqQzibq5DOspkHXQtf76lVK9R1UGu9Gef0RxFkKM4iRNROj7o216A3x6X5x8pyJBSGC8vTbgBBcKksFU_TYzIu-A6T-1pKib0BqYquLmBaplcAgts7dzW5dHa2gINfOKyB52cVHvUCo_gLZ08Bim7Y0t5b7pFH_ElbGjwoQ","refresh_token":"eyJjdHkiOiJKV1QiLCJlbmMiOiJBMjU2R0NNIiwiYWxnIjoiUlNBLU9BRVAifQ.QpKVXGW6RxvrW0XVT4dF01jrim0seakUlQzfeT8rc7OhMi9_qayUbOAABgepW2zlqz46k-pYObmBLqSA64Ge0aux-Y7uuz27QXrIvLW0nltx3GFyKslD04QNg5SNP2aY1FsLzyml0pnFzktrcEaUwhKzAV7lnF1_pTSjAiGtGpKYn7lZrkm1gmbmbyJhO5IhaQf6shVZrRRUWRs7LUUgfUVRoRMtpGFwpZlOn34w6-0Mky_vvUG3p7CuAuzkQ7_3E7Kv9l3AMRJocnLCt-x9SEtzWQfkVO_kuW9PK1N5EiaB8wOJxQ36g2dii-WvxWjtdEhOAplh4QFVgYwkxDZw_Q.TkuF4uvvpHDfOgIi.UqBYVdTaa0NSFL_0b_1bMvVBFVog5yUwrk_PRS_Zoh4mMGCd34b2-dfRvnrhmDNvQO47JFICiFZ7x5NoqbYEV_5aOz5_lvCL9s-CiKLqhFUUDnNpiiuCT5Yb9fB0zKJtAYnYWVpWyXy0c6RLvPNyzEjZkugskCR2BLcuQOsfFil6asD4VxVhuXDn6AMFaZDg6JFaW5FFndccabnp2VRtCbpyi2h8nw3ZkvLZ9iTbCzeEXpou-LWPwW00GiJ6xnSxSVg7yjG2v1IVgqll1iZaEwpnRGjRKF2JxkWBZvGbNhbjm48pShVhDij7d9eqviKFC2RDwchA1wwVZ01TzE6WMVAN6biSzx1NXty0QR1RKsY_agVsdmb0u9xF_JZ6QOa-7fDOw2G_yCVaDNZHgHq7mRAqriVoJaVo6E1RGN8aWI46-3cHye0ZUl7Qwi3Zj8Ee1WuRmodmjfM6CA-Mrm9cJ4evjfjeNQkxnk_MCzMJvyIs_xdTcXiwetloYgYLIcSN40W2NEQrzHPOIKO_j1Ed8qWiNkyomEmkh-nc2WFbJCiYBmxJvSYR1EkIVFWeF563r5qd9Za75IvpQjP-4VLMEqssuHmvk61dSyilfJ2f7MKwtNqgewsXLjjvIVLg4O_VOC0TmyTHUss25lhHlObex5pbrvlNj69su4O-BSp5TCdHe4Xq8DIiBSj7eyOgv3pUTD2ja0I7lh0K27Hp5b0dCePYPpUi9UhX5ny91-dFkieSKFEkZTeTvAGsSUH66pglSu94L2dQWxlaspQfTwOR0tipUTgMha0GLkcqXBYJksdv5xmqsrFV4Q-N5k5zO6Gi8yt7LgRBTJuD9Xc09NN2EdPpJixcqUUgVFMLdrQHIFqkFPE-jF5cFaFuGDHgw1K6dAiWTagu4TKm9-tmV3qsHP6sFyoRfsb9MpYk8GPsrjb28Vn3m-zZH05DbfNoVGMIP51ejHRKga6QA_lKfsxWvhKe9H8Zzl1k7MLJS6vn57FJ1AepAZYsY8dg1WQJQFKFKxpFR9guCc_2jXD_iH11V4v6zuEZHN-mzbAK5CdBy6wQruX0CEz0oc4J-w5lsPqZYLREsQgpWQZGt4XCVitZDTIrs8XrLIGzkThiwCyh-1JLD0SnPySI3THTZdPTgtceWqmhEtPKPuG06hzS2SwP2FIAc88bCKMIqY6S7JErd8AM9IWz6SHQEYSsfelbInxVnzQAc8BB-Kj7kJu-DgTsfhSgLFFTI0rGwvDxd8PdzSq8CeVy6zvd9l3Lx929oUsmkL3v6OZURbfE3pkkq4bsKWkKf0GcJZ6XLFRSb8K7CDVMu1X2kVctGrupFiw-TjB-sZP_EqpFeYm9UQ.Eg5p6o3zDuTnDsfPi7h__Q","token_type":"Bearer","preferred_mfa":"NOT_SET","expiry":600} 
 </msg>
<msg timestamp="20240402 15:09:39.667" level="INFO">/Users/EDCIsidro/Library/Python/3.11/lib/python/site-packages/urllib3/connectionpool.py:1100: InsecureRequestWarning: Unverified HTTPS request is being made to host 'stage.services.sandbox.pdax.ph'. Adding certificate verification is strongly advised. See: https://urllib3.readthedocs.io/en/latest/advanced-usage.html#tls-warnings
  warnings.warn(</msg>
<msg timestamp="20240402 15:09:39.667" level="INFO">${response} = &lt;Response [200]&gt;</msg>
<status status="PASS" starttime="20240402 15:09:38.994" endtime="20240402 15:09:39.667"/>
</kw>
<if>
<branch type="IF" condition="${response.status_code}==200">
<kw name="Set Variable" library="BuiltIn">
<var>${json}</var>
<arg>${response.json()}</arg>
<doc>Returns the given values which can then be assigned to a variables.</doc>
<msg timestamp="20240402 15:09:39.670" level="INFO">${json} = {'email': 'ezekiel.isidro+4@pdax.ph', 'username': '99a57ed4-4beb-4b4e-8d5d-bea296ba79be', 'groups': ['insti_user', 'exchange_user', 'insti_admin'], 'access_token': 'eyJraWQiOiJwTXRndmx1UGQ1ZG5YK2U1MXN...</msg>
<status status="PASS" starttime="20240402 15:09:39.669" endtime="20240402 15:09:39.670"/>
</kw>
<kw name="Get Value From Json" library="JSONLibrary">
<var>${email}</var>
<arg>${json}</arg>
<arg>$..email</arg>
<doc>Get Value From JSON using JSONPath</doc>
<msg timestamp="20240402 15:09:39.684" level="INFO">${email} = ['ezekiel.isidro+4@pdax.ph']</msg>
<status status="PASS" starttime="20240402 15:09:39.670" endtime="20240402 15:09:39.684"/>
</kw>
<kw name="Get Value From Json" library="JSONLibrary">
<var>${username}</var>
<arg>${json}</arg>
<arg>$..username</arg>
<doc>Get Value From JSON using JSONPath</doc>
<msg timestamp="20240402 15:09:39.695" level="INFO">${username} = ['99a57ed4-4beb-4b4e-8d5d-bea296ba79be']</msg>
<status status="PASS" starttime="20240402 15:09:39.685" endtime="20240402 15:09:39.695"/>
</kw>
<kw name="Get Value From Json" library="JSONLibrary">
<var>${access_token}</var>
<arg>${json}</arg>
<arg>$..access_token</arg>
<doc>Get Value From JSON using JSONPath</doc>
<msg timestamp="20240402 15:09:39.705" level="INFO">${access_token} = ['eyJraWQiOiJwTXRndmx1UGQ1ZG5YK2U1MXNLQUFSSUpiTW00TnA5SzFUdlZDK0xLVmY4PSIsImFsZyI6IlJTMjU2In0.eyJzdWIiOiI2M2VjM2JjYi0yMjMzLTQ4MDktYWU3Zi1jNzIyMDczY2UxOTQiLCJjb2duaXRvOmdyb3VwcyI6WyJpbnN0aV91c2VyIiwiZX...</msg>
<status status="PASS" starttime="20240402 15:09:39.695" endtime="20240402 15:09:39.706"/>
</kw>
<kw name="Get Value From Json" library="JSONLibrary">
<var>${id_token}</var>
<arg>${json}</arg>
<arg>$..id_token</arg>
<doc>Get Value From JSON using JSONPath</doc>
<msg timestamp="20240402 15:09:39.715" level="INFO">${id_token} = ['eyJraWQiOiJ6dU5uUkVqVmNpUTZ5ektqZEhUOVZoZGZtUzdSSkpzQjQ4ZUZ3S04wdUxZPSIsImFsZyI6IlJTMjU2In0.eyJzdWIiOiI2M2VjM2JjYi0yMjMzLTQ4MDktYWU3Zi1jNzIyMDczY2UxOTQiLCJjb2duaXRvOmdyb3VwcyI6WyJpbnN0aV91c2VyIiwiZX...</msg>
<status status="PASS" starttime="20240402 15:09:39.706" endtime="20240402 15:09:39.716"/>
</kw>
<kw name="Get Value From Json" library="JSONLibrary">
<var>${refresh_token}</var>
<arg>${json}</arg>
<arg>$..refresh_token</arg>
<doc>Get Value From JSON using JSONPath</doc>
<msg timestamp="20240402 15:09:39.725" level="INFO">${refresh_token} = ['eyJjdHkiOiJKV1QiLCJlbmMiOiJBMjU2R0NNIiwiYWxnIjoiUlNBLU9BRVAifQ.QpKVXGW6RxvrW0XVT4dF01jrim0seakUlQzfeT8rc7OhMi9_qayUbOAABgepW2zlqz46k-pYObmBLqSA64Ge0aux-Y7uuz27QXrIvLW0nltx3GFyKslD04QNg5SNP2aY1FsLzym...</msg>
<status status="PASS" starttime="20240402 15:09:39.716" endtime="20240402 15:09:39.725"/>
</kw>
<kw name="Set To Dictionary" library="Collections">
<var>${parameter_dictionary}</var>
<arg>${parameter_dictionary}</arg>
<arg>user_id=${username[0]}</arg>
<doc>Adds the given ``key_value_pairs`` and/or ``items`` to the ``dictionary``.</doc>
<msg timestamp="20240402 15:09:39.726" level="INFO">${parameter_dictionary} = {'environment': 'Stage', 'username': 'ezekiel.isidro+4@pdax.ph', 'password': 'Password123!', 'sender_first_name': 'Alwin', 'sender_middle_name': 'Levi Brion', 'sender_last_name': 'Zacarias', 'sender_c...</msg>
<status status="PASS" starttime="20240402 15:09:39.725" endtime="20240402 15:09:39.726"/>
</kw>
<kw name="Empty Dictionary" library="CommonTools">
<var>${login_param}</var>
<arg>${login_param}</arg>
<kw name="Get Dictionary Keys" library="Collections">
<var>${keys}</var>
<arg>${dictionary}</arg>
<doc>Returns keys of the given ``dictionary`` as a list.</doc>
<msg timestamp="20240402 15:09:39.727" level="INFO">${keys} = ['password', 'username']</msg>
<status status="PASS" starttime="20240402 15:09:39.726" endtime="20240402 15:09:39.727"/>
</kw>
<kw name="Get Length" library="BuiltIn">
<var>${length}</var>
<arg>${keys}</arg>
<doc>Returns and logs the length of the given item as an integer.</doc>
<msg timestamp="20240402 15:09:39.727" level="INFO">Length is 2</msg>
<msg timestamp="20240402 15:09:39.727" level="INFO">${length} = 2</msg>
<status status="PASS" starttime="20240402 15:09:39.727" endtime="20240402 15:09:39.727"/>
</kw>
<for flavor="IN RANGE">
<var>${index}</var>
<value>0</value>
<value>${length}</value>
<iter>
<var name="${index}">0</var>
<kw name="Remove From Dictionary" library="Collections">
<arg>${dictionary}</arg>
<arg>${keys}[${index}]</arg>
<doc>Removes the given ``keys`` from the ``dictionary``.</doc>
<msg timestamp="20240402 15:09:39.727" level="INFO">Removed item with key 'password' and value 'Password123!'.</msg>
<status status="PASS" starttime="20240402 15:09:39.727" endtime="20240402 15:09:39.727"/>
</kw>
<status status="PASS" starttime="20240402 15:09:39.727" endtime="20240402 15:09:39.728"/>
</iter>
<iter>
<var name="${index}">1</var>
<kw name="Remove From Dictionary" library="Collections">
<arg>${dictionary}</arg>
<arg>${keys}[${index}]</arg>
<doc>Removes the given ``keys`` from the ``dictionary``.</doc>
<msg timestamp="20240402 15:09:39.728" level="INFO">Removed item with key 'username' and value 'ezekiel.isidro+4@pdax.ph'.</msg>
<status status="PASS" starttime="20240402 15:09:39.728" endtime="20240402 15:09:39.728"/>
</kw>
<status status="PASS" starttime="20240402 15:09:39.728" endtime="20240402 15:09:39.728"/>
</iter>
<status status="PASS" starttime="20240402 15:09:39.727" endtime="20240402 15:09:39.728"/>
</for>
<msg timestamp="20240402 15:09:39.728" level="INFO">${login_param} = {}</msg>
<status status="PASS" starttime="20240402 15:09:39.726" endtime="20240402 15:09:39.728"/>
</kw>
<kw name="Set To Dictionary" library="Collections">
<var>${login_param}</var>
<arg>${login_param}</arg>
<arg>Authorization=Bearer ${id_token[0]}</arg>
<doc>Adds the given ``key_value_pairs`` and/or ``items`` to the ``dictionary``.</doc>
<msg timestamp="20240402 15:09:39.729" level="INFO">${login_param} = {'Authorization': 'Bearer eyJraWQiOiJ6dU5uUkVqVmNpUTZ5ektqZEhUOVZoZGZtUzdSSkpzQjQ4ZUZ3S04wdUxZPSIsImFsZyI6IlJTMjU2In0.eyJzdWIiOiI2M2VjM2JjYi0yMjMzLTQ4MDktYWU3Zi1jNzIyMDczY2UxOTQiLCJjb2duaXRvOmdyb3Vwcy...</msg>
<status status="PASS" starttime="20240402 15:09:39.728" endtime="20240402 15:09:39.729"/>
</kw>
<kw name="Set To Dictionary" library="Collections">
<var>${login_param}</var>
<arg>${login_param}</arg>
<arg>access_token=${access_token[0]}</arg>
[...]
01YWJlMmY2YTJlYzAiLCJlbWFpbCI6ImV6ZWtpZWwuaXNpZHJvKzRAcGRheC5waCJ9.q-0HGBjQEMATKVRi8M5sUbLZExo5MdlC0ROjUEILbRAysulvJPkYpWzCg9RoOQ2GMJh1sTTKOu9lhErlghS6f4NkHB6H2AICaf8YjifUe-nz3eOcIKpIrON28hyWcpNoBwIFS2y4_ZyllFrQYZdIb-T2JLH1uVDpuGjZfDaQ6Q1kquJ8r4DY370HDsz2ECw0Nx3XqlJU4zWuDsQkXUbwgNPdYQMnJfUWCvQHdJrJbWXNJzIuYMAJP8gVXdLTEBLdb6tvttSPZlMT9g_LtShcQj49fMD6sY84vB6s_Bdd61vbLDf71UKvrVHwkc0JtMoRlhaFdTxkITFhORhm86lQ0g","refresh_token":"eyJjdHkiOiJKV1QiLCJlbmMiOiJBMjU2R0NNIiwiYWxnIjoiUlNBLU9BRVAifQ.gLRkgOgSYPXgZcYHj80dHGfPahacm9i2Knc3DsDGqBgam4bp_aHxwONmfFGDnNYx6J3Peaje0bciaV2ZktaBjlA9ldLWAlkmAOTInCiIbvKpa3IgmnVeHJiIVXTy7ktEw5PHBNPbzshG3ylThI5ysrqkt94fPr9QQLylTlR4fFkLmr-Gp9JLO4GTBr7Q4c5zMhGlVmTFxY0QlIA-urYU3AsC9-3BAvTLwcaCCqD-oxfMqjzlxfbXBxh42t33yR73dQ8XW5zEhE0KQeQyDvYsfgaFMVy7CB8nA01h80LbvC2-UgdTGmyvRZFvS83eg_cqamkpITbl8N1fQjt-wvLPBA.K5UgjKa563XLuJwE.Zs-4a0BeSXDmhw01wdHPOqcJLlumxlnwYQ-U3cIDlj163BJmtPVtQcqtBE3YJwrPU2kZndr950wUxiprHD5Y91aKcotWh74FuTDD1Y1wnioVeGOl34FJ879GpKGYFiA1b7BKlDO7s7rzO1PlCCNW46lRxCiukXNfficHsHhqdsNZqXV_b-ROyLiwkPY8fajoZk-Vi7_sIssj_DDgvPDCtUW1HtJ8elDH7Guq1vyoZTQqu1eqokLqfaPodci7qqRVLrl7mv0EX3ZVrfnIZM9fbvrr_GPPZQrPLp40_wkSslpZXEgCdZFMaQPg7ymwKBPj0Ip-v5d4PFEaGl-8ICmh1_pMNAmwchSIfPkoI1cMMSsMPwakMqjlMiRFqQsSO1RSxBnTLeEyH3iRF-OSqeJmFWi_s-CUIO5KXsIhekZnJ8hCaLmC7lI4t7TqbrzB6XApRjMIeFDKhQbv2YsDWmaWCVCsn2940009Hd92wuwBepVrLNm0e5VQoZd4KOFsQ3p2wNh6nY5L-vfb1Mz19alFSJNHNu9GCDDhBXAnh1CyRd6U6lVNuSNYr3QKBdsvkcNDduyHlhZhDhZvkwpBeVEMEtOPB1kvKo6dzJ1qU9h93rUq4TIA3AKH4enhUeY9bX5_tUuyywZPvXS04_ZNa-Hj4prqtzSTuMF2pWPIWYVryBCLQzWr0jjd4w0NM1tYrbLgBc1aRs9g4yHjABWUMz-1DnErmWjYuZaLpvH5R4g4ZbF_3X32SEZXObecJqlBvn0HeCS31vN9_CRR25DWZrS6CJ0lK5Cah9Notr_eiHy5wpFkr0Fn54nBwF9IpbncPaoMTkSx0EjgS6-LBl2jj81eur39TGsqQJa0IfiLGmew3ld4H49IbajffqROJ1hp0IHQ8oCUHr6qtL9xoZweaDiE3ST-HbMnFcZWjA2vVNVWQ-gWux9B5MHTD7WP86M0R8dX3mEmpkMBBD3cdlGG7QXqtsgyubnS2vRPCJjrs3Xh1fVB8qjk1x0EJ4x9piZsH1nzDXQECkSLfYxbkFEvcHyzrJpckZiDXWG040FYuBWYON127nebG-4XCLuFISir1UHY6e45ueuV2hduova142vRAU0xTN0rg7lnjcsbLimIYsAKcRLYvAYfVuT-KR5l8hTRkTtjcwToYc0dmg_BJhvfEPMMBtrRXOdGXEcn0iAQwQvuLzbEHO2zMhHrQOQyCZX2KXOPiGATv-bpkR5ZZ7wCXQAdLGDrmHVk0UV8Dn4YJ3PNj7TOvFcs9R-3df2XR_CmHnqq4H-o4WtBUP2IgwQl7TqsZR7YWn1PdAfYzzQrUqXiQU0cL1dGgxB840HY-NBXTUkXl2uB0N6IuA.w1MC3tkaMIE7cmHfVw-bmg","token_type":"Bearer","preferred_mfa":"NOT_SET","expiry":600} 
 </msg>
<msg timestamp="20240402 15:10:23.684" level="INFO">/Users/EDCIsidro/Library/Python/3.11/lib/python/site-packages/urllib3/connectionpool.py:1100: InsecureRequestWarning: Unverified HTTPS request is being made to host 'stage.services.sandbox.pdax.ph'. Adding certificate verification is strongly advised. See: https://urllib3.readthedocs.io/en/latest/advanced-usage.html#tls-warnings
  warnings.warn(</msg>
<msg timestamp="20240402 15:10:23.685" level="INFO">${response} = &lt;Response [200]&gt;</msg>
<status status="PASS" starttime="20240402 15:10:23.174" endtime="20240402 15:10:23.685"/>
</kw>
<if>
<branch type="IF" condition="${response.status_code}==200">
<kw name="Set Variable" library="BuiltIn">
<var>${json}</var>
<arg>${response.json()}</arg>
<doc>Returns the given values which can then be assigned to a variables.</doc>
<msg timestamp="20240402 15:10:23.688" level="INFO">${json} = {'email': 'ezekiel.isidro+4@pdax.ph', 'username': '99a57ed4-4beb-4b4e-8d5d-bea296ba79be', 'groups': ['insti_user', 'exchange_user', 'insti_admin'], 'access_token': 'eyJraWQiOiJwTXRndmx1UGQ1ZG5YK2U1MXN...</msg>
<status status="PASS" starttime="20240402 15:10:23.687" endtime="20240402 15:10:23.689"/>
</kw>
<kw name="Get Value From Json" library="JSONLibrary">
<var>${email}</var>
<arg>${json}</arg>
<arg>$..email</arg>
<doc>Get Value From JSON using JSONPath</doc>
<msg timestamp="20240402 15:10:23.701" level="INFO">${email} = ['ezekiel.isidro+4@pdax.ph']</msg>
<status status="PASS" starttime="20240402 15:10:23.689" endtime="20240402 15:10:23.701"/>
</kw>
<kw name="Get Value From Json" library="JSONLibrary">
<var>${username}</var>
<arg>${json}</arg>
<arg>$..username</arg>
<doc>Get Value From JSON using JSONPath</doc>
<msg timestamp="20240402 15:10:23.711" level="INFO">${username} = ['99a57ed4-4beb-4b4e-8d5d-bea296ba79be']</msg>
<status status="PASS" starttime="20240402 15:10:23.701" endtime="20240402 15:10:23.711"/>
</kw>
<kw name="Get Value From Json" library="JSONLibrary">
<var>${access_token}</var>
<arg>${json}</arg>
<arg>$..access_token</arg>
<doc>Get Value From JSON using JSONPath</doc>
<msg timestamp="20240402 15:10:23.720" level="INFO">${access_token} = ['eyJraWQiOiJwTXRndmx1UGQ1ZG5YK2U1MXNLQUFSSUpiTW00TnA5SzFUdlZDK0xLVmY4PSIsImFsZyI6IlJTMjU2In0.eyJzdWIiOiI2M2VjM2JjYi0yMjMzLTQ4MDktYWU3Zi1jNzIyMDczY2UxOTQiLCJjb2duaXRvOmdyb3VwcyI6WyJpbnN0aV91c2VyIiwiZX...</msg>
<status status="PASS" starttime="20240402 15:10:23.711" endtime="20240402 15:10:23.720"/>
</kw>
<kw name="Get Value From Json" library="JSONLibrary">
<var>${id_token}</var>
<arg>${json}</arg>
<arg>$..id_token</arg>
<doc>Get Value From JSON using JSONPath</doc>
<msg timestamp="20240402 15:10:23.730" level="INFO">${id_token} = ['eyJraWQiOiJ6dU5uUkVqVmNpUTZ5ektqZEhUOVZoZGZtUzdSSkpzQjQ4ZUZ3S04wdUxZPSIsImFsZyI6IlJTMjU2In0.eyJzdWIiOiI2M2VjM2JjYi0yMjMzLTQ4MDktYWU3Zi1jNzIyMDczY2UxOTQiLCJjb2duaXRvOmdyb3VwcyI6WyJpbnN0aV91c2VyIiwiZX...</msg>
<status status="PASS" starttime="20240402 15:10:23.720" endtime="20240402 15:10:23.730"/>
</kw>
<kw name="Get Value From Json" library="JSONLibrary">
<var>${refresh_token}</var>
<arg>${json}</arg>
<arg>$..refresh_token</arg>
<doc>Get Value From JSON using JSONPath</doc>
<msg timestamp="20240402 15:10:23.740" level="INFO">${refresh_token} = ['eyJjdHkiOiJKV1QiLCJlbmMiOiJBMjU2R0NNIiwiYWxnIjoiUlNBLU9BRVAifQ.gLRkgOgSYPXgZcYHj80dHGfPahacm9i2Knc3DsDGqBgam4bp_aHxwONmfFGDnNYx6J3Peaje0bciaV2ZktaBjlA9ldLWAlkmAOTInCiIbvKpa3IgmnVeHJiIVXTy7ktEw5PHBNP...</msg>
<status status="PASS" starttime="20240402 15:10:23.731" endtime="20240402 15:10:23.740"/>
</kw>
<kw name="Set To Dictionary" library="Collections">
<var>${parameter_dictionary}</var>
<arg>${parameter_dictionary}</arg>
<arg>user_id=${username[0]}</arg>
<doc>Adds the given ``key_value_pairs`` and/or ``items`` to the ``dictionary``.</doc>
<msg timestamp="20240402 15:10:23.741" level="INFO">${parameter_dictionary} = {'environment': 'Stage', 'username': 'ezekiel.isidro+4@pdax.ph', 'password': 'Password123!', 'sender_first_name': 'Alwin', 'sender_middle_name': 'Levi Brion', 'sender_last_name': 'Zacarias', 'sender_c...</msg>
<status status="PASS" starttime="20240402 15:10:23.741" endtime="20240402 15:10:23.741"/>
</kw>
<kw name="Empty Dictionary" library="CommonTools">
<var>${login_param}</var>
<arg>${login_param}</arg>
<kw name="Get Dictionary Keys" library="Collections">
<var>${keys}</var>
<arg>${dictionary}</arg>
<doc>Returns keys of the given ``dictionary`` as a list.</doc>
<msg timestamp="20240402 15:10:23.742" level="INFO">${keys} = ['Authorization', 'access_token', 'id_token', 'password', 'username']</msg>
<status status="PASS" starttime="20240402 15:10:23.742" endtime="20240402 15:10:23.742"/>
</kw>
<kw name="Get Length" library="BuiltIn">
<var>${length}</var>
<arg>${keys}</arg>
<doc>Returns and logs the length of the given item as an integer.</doc>
<msg timestamp="20240402 15:10:23.742" level="INFO">Length is 5</msg>
<msg timestamp="20240402 15:10:23.742" level="INFO">${length} = 5</msg>
<status status="PASS" starttime="20240402 15:10:23.742" endtime="20240402 15:10:23.742"/>
</kw>
<for flavor="IN RANGE">
<var>${index}</var>
<value>0</value>
<value>${length}</value>
<iter>
<var name="${index}">0</var>
<kw name="Remove From Dictionary" library="Collections">
<arg>${dictionary}</arg>
<arg>${keys}[${index}]</arg>
<doc>Removes the given ``keys`` from the ``dictionary``.</doc>
<msg timestamp="20240402 15:10:23.743" level="INFO">Removed item with key 'Authorization' and value 'Bearer eyJraWQiOiJ6dU5uUkVqVmNpUTZ5ektqZEhUOVZoZGZtUzdSSkpzQjQ4ZUZ3S04wdUxZPSIsImFsZyI6IlJTMjU2In0.eyJzdWIiOiI2M2VjM2JjYi0yMjMzLTQ4MDktYWU3Zi1jNzIyMDczY2UxOTQiLCJjb2duaXRvOmdyb3VwcyI6WyJpbnN0aV91c2VyIiwiZXhjaGFuZ2VfdXNlciIsImluc3RpX2FkbWluIl0sImVtYWlsX3ZlcmlmaWVkIjp0cnVlLCJpc3MiOiJodHRwczpcL1wvY29nbml0by1pZHAuYXAtc291dGhlYXN0LTEuYW1hem9uYXdzLmNvbVwvYXAtc291dGhlYXN0LTFfWjJUa1M4ZnRaIiwiY29nbml0bzp1c2VybmFtZSI6Ijk5YTU3ZWQ0LTRiZWItNGI0ZS04ZDVkLWJlYTI5NmJhNzliZSIsIm9yaWdpbl9qdGkiOiJhZTRjNDU2OC1jMDU2LTRkNDctOTE5YS1iMTE1M2ZjMjRiYWQiLCJhdWQiOiI2b2p2OWlsbXRnaW1kZHFma3ZoajRtOXZpbSIsImV2ZW50X2lkIjoiMTVkOGE1NGEtOTc5ZC00ODgwLWExMTktZTc3MDUyNjRjMmZlIiwidG9rZW5fdXNlIjoiaWQiLCJhdXRoX3RpbWUiOjE3MTIwNDE4MTIsImV4cCI6MTcxMjA0MjQxMiwiaWF0IjoxNzEyMDQxODEyLCJqdGkiOiI3OTE1ZjllYS0zYzQ3LTRkNmItYjg0YS00NGI4ZmNkNWI1ZGQiLCJlbWFpbCI6ImV6ZWtpZWwuaXNpZHJvKzRAcGRheC5waCJ9.gQGnN_-Tj0qKM26UL8IBQkXSORgSA1ZsJjoRJMyLwfdsjLEEpVMAwIFIU7YXmkp-5EFVdZ7wpuG4iJs_l4yf93dOMgx30MIZ55rgEgIF1H-ZIylmn__jVkODcL0rgO7wF8YO7uE48PIxd4a_qhQqIFcM0bc6QC8U-KALIZedmNnbn64xJm1NlO-6hgB-ybNog6boy5aobE0piZKeTGGU6var5PB2oRPsLxxm8cvpu8LG30OnLJzrWjsiJZN1nsVWFs2PU8GyvtuafCUHBZZcNv45Cusz2k0zD6w9_AA9DgrjJH65xs_UNJ8r3m5ndB9NOTWtzzxKnLDqx4w4Ypnk0g'.</msg>
<status status="PASS" starttime="20240402 15:10:23.742" endtime="20240402 15:10:23.743"/>
</kw>
<status status="PASS" starttime="20240402 15:10:23.742" endtime="20240402 15:10:23.743"/>
</iter>
<iter>
<var name="${index}">1</var>
<kw name="Remove From Dictionary" library="Collections">
<arg>${dictionary}</arg>
<arg>${keys}[${index}]</arg>
<doc>Removes the given ``keys`` from the ``dictionary``.</doc>
<msg timestamp="20240402 15:10:23.743" level="INFO">Removed item with key 'access_token' and value 'eyJraWQiOiJwTXRndmx1UGQ1ZG5YK2U1MXNLQUFSSUpiTW00TnA5SzFUdlZDK0xLVmY4PSIsImFsZyI6IlJTMjU2In0.eyJzdWIiOiI2M2VjM2JjYi0yMjMzLTQ4MDktYWU3Zi1jNzIyMDczY2UxOTQiLCJjb2duaXRvOmdyb3VwcyI6WyJpbnN0aV91c2VyIiwiZXhjaGFuZ2VfdXNlciIsImluc3RpX2FkbWluIl0sImlzcyI6Imh0dHBzOlwvXC9jb2duaXRvLWlkcC5hcC1zb3V0aGVhc3QtMS5hbWF6b25hd3MuY29tXC9hcC1zb3V0aGVhc3QtMV9aMlRrUzhmdFoiLCJjbGllbnRfaWQiOiI2b2p2OWlsbXRnaW1kZHFma3ZoajRtOXZpbSIsIm9yaWdpbl9qdGkiOiJhZTRjNDU2OC1jMDU2LTRkNDctOTE5YS1iMTE1M2ZjMjRiYWQiLCJldmVudF9pZCI6IjE1ZDhhNTRhLTk3OWQtNDg4MC1hMTE5LWU3NzA1MjY0YzJmZSIsInRva2VuX3VzZSI6ImFjY2VzcyIsInNjb3BlIjoiYXdzLmNvZ25pdG8uc2lnbmluLnVzZXIuYWRtaW4iLCJhdXRoX3RpbWUiOjE3MTIwNDE4MTIsImV4cCI6MTcxMjA0MjQxMiwiaWF0IjoxNzEyMDQxODEyLCJqdGkiOiJlMmYyYmJhZi1mNGQ1LTQxZDYtOGVlYy05N2JkMzhkNzI5MGMiLCJ1c2VybmFtZSI6Ijk5YTU3ZWQ0LTRiZWItNGI0ZS04ZDVkLWJlYTI5NmJhNzliZSJ9.hrGkOFKZk3VjATbkRqw1ouTdCYlKyVYYZuEVhc3vceVGih5olDzhOWCj-jZDTqRKLG5ipRVjULCfnLGkanK0t_l58T5vC8L2mBDAwsZhx1a-ToG02bob3mKoDbEgPJcRxz4UMWtRziCyDB_Qyo10Z8hgnwrLKMKEUpHHchWCK0D6Rj_fTsBHjJsg7TUYc1loW2NNGiIA6GhxvJHG5qTluDUIcmMAG7u9OS3YxgDmKDCBhYnpiOp1m_96gJGeLv-M9U6EboXfP9Knjm3Kcv0azKg_HJ5f980VuJeirx0c8LrahcYN9mUaCLYS9BJN8KwSVKflV1Gw3l7Oyi_XnDpHjQ'.</msg>
<status status="PASS" starttime="20240402 15:10:23.743" endtime="20240402 15:10:23.743"/>
</kw>
<status status="PASS" starttime="20240402 15:10:23.743" endtime="20240402 15:10:23.743"/>
</iter>
<iter>
<var name="${index}">2</var>
<kw name="Remove From Dictionary" library="Collections">
<arg>${dictionary}</arg>
<arg>${keys}[${index}]</arg>
<doc>Removes the given ``keys`` from the ``dictionary``.</doc>
<msg timestamp="20240402 15:10:23.743" level="INFO">Removed item with key 'id_token' and value 'eyJraWQiOiJ6dU5uUkVqVmNpUTZ5ektqZEhUOVZoZGZtUzdSSkpzQjQ4ZUZ3S04wdUxZPSIsImFsZyI6IlJTMjU2In0.eyJzdWIiOiI2M2VjM2JjYi0yMjMzLTQ4MDktYWU3Zi1jNzIyMDczY2UxOTQiLCJjb2duaXRvOmdyb3VwcyI6WyJpbnN0aV91c2VyIiwiZXhjaGFuZ2VfdXNlciIsImluc3RpX2FkbWluIl0sImVtYWlsX3ZlcmlmaWVkIjp0cnVlLCJpc3MiOiJodHRwczpcL1wvY29nbml0by1pZHAuYXAtc291dGhlYXN0LTEuYW1hem9uYXdzLmNvbVwvYXAtc291dGhlYXN0LTFfWjJUa1M4ZnRaIiwiY29nbml0bzp1c2VybmFtZSI6Ijk5YTU3ZWQ0LTRiZWItNGI0ZS04ZDVkLWJlYTI5NmJhNzliZSIsIm9yaWdpbl9qdGkiOiJhZTRjNDU2OC1jMDU2LTRkNDctOTE5YS1iMTE1M2ZjMjRiYWQiLCJhdWQiOiI2b2p2OWlsbXRnaW1kZHFma3ZoajRtOXZpbSIsImV2ZW50X2lkIjoiMTVkOGE1NGEtOTc5ZC00ODgwLWExMTktZTc3MDUyNjRjMmZlIiwidG9rZW5fdXNlIjoiaWQiLCJhdXRoX3RpbWUiOjE3MTIwNDE4MTIsImV4cCI6MTcxMjA0MjQxMiwiaWF0IjoxNzEyMDQxODEyLCJqdGkiOiI3OTE1ZjllYS0zYzQ3LTRkNmItYjg0YS00NGI4ZmNkNWI1ZGQiLCJlbWFpbCI6ImV6ZWtpZWwuaXNpZHJvKzRAcGRheC5waCJ9.gQGnN_-Tj0qKM26UL8IBQkXSORgSA1ZsJjoRJMyLwfdsjLEEpVMAwIFIU7YXmkp-5EFVdZ7wpuG4iJs_l4yf93dOMgx30MIZ55rgEgIF1H-ZIylmn__jVkODcL0rgO7wF8YO7uE48PIxd4a_qhQqIFcM0bc6QC8U-KALIZedmNnbn64xJm1NlO-6hgB-ybNog6boy5aobE0piZKeTGGU6var5PB2oRPsLxxm8cvpu8LG30OnLJzrWjsiJZN1nsVWFs2PU8GyvtuafCUHBZZcNv45Cusz2k0zD6w9_AA9DgrjJH65xs_UNJ8r3m5ndB9NOTWtzzxKnLDqx4w4Ypnk0g'.</msg>
<status status="PASS" starttime="20240402 15:10:23.743" endtime="20240402 15:10:23.744"/>
</kw>
<status status="PASS" starttime="20240402 15:10:23.743" endtime="20240402 15:10:23.744"/>
</iter>
<iter>
<var name="${index}">3</var>
<kw name="Remove From Dictionary" library="Collections">
<arg>${dictionary}</arg>
<arg>${keys}[${index}]</arg>
<doc>Removes the given ``keys`` from the ``dictionary``.</doc>
<msg timestamp="20240402 15:10:23.744" level="INFO">Removed item with key 'password' and value 'Password123!'.</msg>
<status status="PASS" starttime="20240402 15:10:23.744" endtime="20240402 15:10:23.744"/>
</kw>
<status status="PASS" starttime="20240402 15:10:23.744" endtime="20240402 15:10:23.744"/>
</iter>
<iter>
<var name="${index}">4</var>
<kw name="Remove From Dictionary" library="Collections">
<arg>${dictionary}</arg>
<arg>${keys}[${index}]</arg>
<doc>Removes the given ``keys`` from the ``dictionary``.</doc>
<msg timestamp="20240402 15:10:23.745" level="INFO">Removed item with key 'username' and value 'ezekiel.isidro+4@pdax.ph'.</msg>
<status status="PASS" starttime="20240402 15:10:23.744" endtime="20240402 15:10:23.745"/>
</kw>
<status status="PASS" starttime="20240402 15:10:23.744" endtime="20240402 15:10:23.745"/>
</iter>
<status status="PASS" starttime="20240402 15:10:23.742" endtime="20240402 15:10:23.745"/>
</for>
<msg timestamp="20240402 15:10:23.745" level="INFO">${login_param} = {}</msg>
<status status="PASS" starttime="20240402 15:10:23.741" endtime="20240402 15:10:23.745"/>
</kw>
<kw name="Set To Dictionary" library="Collections">
<var>${login_param}</var>
<arg>${login_param}</arg>
<arg>Authorization=Bearer ${id_token[0]}</arg>
<doc>Adds the given ``key_value_pairs`` and/or ``items`` to the ``dictionary``.</doc>
<msg timestamp="20240402 15:10:23.746" level="INFO">${login_param} = {'Authorization': 'Bearer eyJraWQiOiJ6dU5uUkVqVmNpUTZ5ektqZEhUOVZoZGZtUzdSSkpzQjQ4ZUZ3S04wdUxZPSIsImFsZyI6IlJTMjU2In0.eyJzdWIiOiI2M2VjM2JjYi0yMjMzLTQ4MDktYWU3Zi1jNzIyMDczY2UxOTQiLCJjb2duaXRvOmdyb3Vwcy...</msg>
<status status="PASS" starttime="20240402 15:10:23.745" endtime="20240402 15:10:23.746"/>
</kw>
<kw name="Set To Dictionary" library="Collections">
<var>${login_param}</var>
<arg>${login_param}</arg>
<arg>access_token=${access_token[0]}</arg>
<doc>Adds the given ``key_value_pairs`` and/or ``items`` to the ``dictionary``.</doc>
<msg timestamp="20240402 15:10:23.748" level="INFO">${login_param} = {'Authorization': 'Bearer eyJraWQiOiJ6dU5uUkVqVmNpUTZ5ektqZEhUOVZoZGZtUzdSSkpzQjQ4ZUZ3S04wdUxZPSIsImFsZyI6IlJTMjU2In0.eyJzdWIiOiI2M2VjM2JjYi0yMjMzLTQ4MDktYWU3Zi1jNzIyMDczY2UxOTQiLCJjb2duaXRvOmdyb3Vwcy...</msg>
<status status="PASS" starttime="20240402 15:10:23.746" endtime="20240402 15:10:23.748"/>
</kw>
<kw name="Set To Dictionary" library="Collections">
<var>${login_param}</var>
<arg>${login_param}</arg>
<arg>id_token=${id_token[0]}</arg>
<doc>Adds the given ``key_value_pairs`` and/or ``items`` to the ``dictionary``.</doc>
<msg timestamp="20240402 15:10:23.750" level="INFO">${login_param} = {'Authorization': 'Bearer eyJraWQiOiJ6dU5uUkVqVmNpUTZ5ektqZEhUOVZoZGZtUzdSSkpzQjQ4ZUZ3S04wdUxZPSIsImFsZyI6IlJTMjU2In0.eyJzdWIiOiI2M2VjM2JjYi0yMjMzLTQ4MDktYWU3Zi1jNzIyMDczY2UxOTQiLCJjb2duaXRvOmdyb3Vwcy...</msg>
<status status="PASS" starttime="20240402 15:10:23.748" endtime="20240402 15:10:23.750"/>
</kw>
<status status="PASS" starttime="20240402 15:10:23.686" endtime="20240402 15:10:23.750"/>
</branch>
<status status="PASS" starttime="20240402 15:10:23.685" endtime="20240402 15:10:23.750"/>
</if>
<if>
<branch type="IF" condition="${response.status_code} == 200">
<return>
<value>${json}</value>
<status status="PASS" starttime="20240402 15:10:23.750" endtime="20240402 15:10:23.751"/>
</return>
<status status="PASS" starttime="20240402 15:10:23.750" endtime="20240402 15:10:23.751"/>
</branch>
<status status="PASS" starttime="20240402 15:10:23.750" endtime="20240402 15:10:23.751"/>
</if>
<status status="PASS" starttime="20240402 15:10:23.074" endtime="20240402 15:10:23.751"/>
</kw>
<kw name="Session Exists" library="RequestsLibrary">
<var>${session_exists}</var>
<arg>eisodos_login</arg>
<doc>Return True if the session has been already created</doc>
<msg timestamp="20240402 15:10:23.751" level="INFO">${session_exists} = True</msg>
<status status="PASS" starttime="20240402 15:10:23.751" endtime="20240402 15:10:23.751"/>
</kw>
<if>
<branch type="IF" condition="${session_exists} == False">
<kw name="Create Session" library="RequestsLibrary">
<arg>eisodos_login</arg>
<arg>${base_url_dictionary}[base_url]</arg>
<doc>Create Session: create a HTTP session to a server</doc>
<status status="NOT RUN" starttime="20240402 15:10:23.751" endtime="20240402 15:10:23.751"/>
</kw>
<status status="NOT RUN" starttime="20240402 15:10:23.751" endtime="20240402 15:10:23.751"/>
</branch>
<status status="PASS" starttime="20240402 15:10:23.751" endtime="20240402 15:10:23.751"/>
</if>
<kw name="Evaluate" library="BuiltIn">
<var>${identifier}</var>
<arg>str(uuid.uuid4())</arg>
<arg>modules=uuid</arg>
<doc>Evaluates the given expression in Python and returns the result.</doc>
<msg timestamp="20240402 15:10:23.752" level="INFO">${identifier} = d1ffc4e8-b754-4e25-bfd7-da8216a585d7</msg>
<status status="PASS" starttime="20240402 15:10:23.751" endtime="20240402 15:10:23.752"/>
</kw>
<kw name="Convert To Number" library="BuiltIn">
<var>${amount}</var>
<arg>${parameter_dictionary}[amount]</arg>
<doc>Converts the given item to a floating point number.</doc>
<msg timestamp="20240402 15:10:23.752" level="INFO">${amount} = 300.0</msg>
<status status="PASS" starttime="20240402 15:10:23.752" endtime="20240402 15:10:23.752"/>
</kw>
<kw name="Set To Dictionary" library="Collections">
<var>${parameter_dictionary}</var>
<arg>${parameter_dictionary}</arg>
<arg>identifier=${identifier}</arg>
<doc>Adds the given ``key_value_pairs`` and/or ``items`` to the ``dictionary``.</doc>
<msg timestamp="20240402 15:10:23.752" level="INFO">${parameter_dictionary} = {'environment': 'Stage', 'username': 'ezekiel.isidro+4@pdax.ph', 'password': 'Password123!', 'sender_first_name': 'Alwin', 'sender_middle_name': 'Levi Brion', 'sender_last_name': 'Zacarias', 'sender_c...</msg>
<status status="PASS" starttime="20240402 15:10:23.752" endtime="20240402 15:10:23.752"/>
</kw>
<kw name="Set To Dictionary" library="Collections">
<var>${parameter_dictionary}</var>
<arg>${parameter_dictionary}</arg>
<arg>amount=${amount}</arg>
<doc>Adds the given ``key_value_pairs`` and/or ``items`` to the ``dictionary``.</doc>
<msg timestamp="20240402 15:10:23.753" level="INFO">${parameter_dictionary} = {'environment': 'Stage', 'username': 'ezekiel.isidro+4@pdax.ph', 'password': 'Password123!', 'sender_first_name': 'Alwin', 'sender_middle_name': 'Levi Brion', 'sender_last_name': 'Zacarias', 'sender_c...</msg>
<status status="PASS" starttime="20240402 15:10:23.752" endtime="20240402 15:10:23.753"/>
</kw>
<kw name="Copy Dictionary" library="Collections">
<var>${fiat_out_payload}</var>
<arg>${parameter_dictionary}</arg>
<doc>Returns a copy of the given dictionary.</doc>
<msg timestamp="20240402 15:10:23.753" level="INFO">${fiat_out_payload} = {'environment': 'Stage', 'username': 'ezekiel.isidro+4@pdax.ph', 'password': 'Password123!', 'sender_first_name': 'Alwin', 'sender_middle_name': 'Levi Brion', 'sender_last_name': 'Zacarias', 'sender_c...</msg>
<status status="PASS" starttime="20240402 15:10:23.753" endtime="20240402 15:10:23.753"/>
</kw>
<kw name="Log" library="BuiltIn">
<arg>${parameter_dictionary}</arg>
<doc>Logs the given message with the given level.</doc>
<msg timestamp="20240402 15:10:23.753" level="INFO">